[2023-03-22 12:54:15.732 +05:30  INF]  User profile is available. Using 'C:\Users\amal.antony\AppData\Local\ASP.NET\DataProtection-Keys' as key repository and Windows DPAPI to encrypt keys at rest.
[2023-03-22 12:54:16.924 +05:30  INF]  Application started. Press Ctrl+C to shut down.
[2023-03-22 12:54:16.925 +05:30  INF]  Hosting environment: Development
[2023-03-22 12:54:16.926 +05:30  INF]  Content root path: C:\Users\amal.antony\Source\Repos\AmalAntonyUnity\BaseFramework\Backend\Backend\
[2023-03-22 12:54:17.393 +05:30  INF]  Request starting HTTP/1.1 GET http://localhost:9163/swagger - -
[2023-03-22 12:54:18.088 +05:30  INF]  Request finished HTTP/1.1 GET http://localhost:9163/swagger - - - 301 - - 708.3614ms
[2023-03-22 12:54:18.101 +05:30  INF]  Request starting HTTP/1.1 GET http://localhost:9163/swagger/index.html - -
[2023-03-22 12:54:19.638 +05:30  INF]  Request finished HTTP/1.1 GET http://localhost:9163/swagger/index.html - - - 200 - text/html;charset=utf-8 1536.7441ms
[2023-03-22 12:54:19.712 +05:30  INF]  Request starting HTTP/1.1 GET http://localhost:9163/_vs/browserLink - -
[2023-03-22 12:54:19.712 +05:30  INF]  Request starting HTTP/1.1 GET http://localhost:9163/swagger/swagger-ui.css - -
[2023-03-22 12:54:19.725 +05:30  INF]  Request starting HTTP/1.1 GET http://localhost:9163/swagger/swagger-ui-bundle.js - -
[2023-03-22 12:54:19.735 +05:30  INF]  Request starting HTTP/1.1 GET http://localhost:9163/_framework/aspnetcore-browser-refresh.js - -
[2023-03-22 12:54:19.770 +05:30  INF]  Request starting HTTP/1.1 GET http://localhost:9163/swagger/swagger-ui-standalone-preset.js - -
[2023-03-22 12:54:19.798 +05:30  INF]  Request finished HTTP/1.1 GET http://localhost:9163/_framework/aspnetcore-browser-refresh.js - - - 200 11984 application/javascript;+charset=utf-8 62.7955ms
[2023-03-22 12:54:19.893 +05:30  INF]  Sending file. Request path: '/swagger-ui.css'. Physical path: 'N/A'
[2023-03-22 12:54:19.893 +05:30  INF]  Sending file. Request path: '/swagger-ui-standalone-preset.js'. Physical path: 'N/A'
[2023-03-22 12:54:19.893 +05:30  INF]  Sending file. Request path: '/swagger-ui-bundle.js'. Physical path: 'N/A'
[2023-03-22 12:54:19.899 +05:30  INF]  Request finished HTTP/1.1 GET http://localhost:9163/swagger/swagger-ui.css - - - 200 143632 text/css 187.1703ms
[2023-03-22 12:54:19.922 +05:30  INF]  Request finished HTTP/1.1 GET http://localhost:9163/swagger/swagger-ui-standalone-preset.js - - - 200 337162 application/javascript 152.0797ms
[2023-03-22 12:54:19.984 +05:30  INF]  Request finished HTTP/1.1 GET http://localhost:9163/swagger/swagger-ui-bundle.js - - - 200 1092889 application/javascript 258.7570ms
[2023-03-22 12:54:20.168 +05:30  INF]  Request finished HTTP/1.1 GET http://localhost:9163/_vs/browserLink - - - 200 - text/javascript;+charset=UTF-8 457.2464ms
[2023-03-22 12:54:20.405 +05:30  INF]  Request starting HTTP/1.1 GET http://localhost:9163/swagger/v1/swagger.json - -
[2023-03-22 12:54:20.488 +05:30  INF]  Request starting HTTP/1.1 GET http://localhost:9163/swagger/favicon-32x32.png - -
[2023-03-22 12:54:20.490 +05:30  INF]  Sending file. Request path: '/favicon-32x32.png'. Physical path: 'N/A'
[2023-03-22 12:54:20.490 +05:30  INF]  Request finished HTTP/1.1 GET http://localhost:9163/swagger/favicon-32x32.png - - - 200 628 image/png 2.0247ms
[2023-03-22 12:54:20.907 +05:30  INF]  Request finished HTTP/1.1 GET http://localhost:9163/swagger/v1/swagger.json - - - 200 - application/json;charset=utf-8 502.5606ms
[2023-03-22 12:55:27.788 +05:30  INF]  Request starting HTTP/1.1 POST http://localhost:9163/api/Token application/json 49
[2023-03-22 12:55:28.803 +05:30  INF]  Executing endpoint 'Backend.Controllers.TokenController.Post (Backend)'
[2023-03-22 12:55:29.005 +05:30  INF]  Route matched with {action = "Post", controller = "Token"}. Executing controller action with signature System.Threading.Tasks.Task`1[Microsoft.AspNetCore.Mvc.IActionResult] Post(Backend.Core.ViewModels.LoginViewModel) on controller Backend.Controllers.TokenController (Backend).
[2023-03-22 12:55:31.321 +05:30  INF]  Executing OkObjectResult, writing value of type 'System.String'.
[2023-03-22 12:55:31.338 +05:30  INF]  Executed action Backend.Controllers.TokenController.Post (Backend) in 2317.6992ms
[2023-03-22 12:55:31.344 +05:30  INF]  Executed endpoint 'Backend.Controllers.TokenController.Post (Backend)'
[2023-03-22 12:55:31.345 +05:30  INF]  Request finished HTTP/1.1 POST http://localhost:9163/api/Token application/json 49 - 200 - text/plain;+charset=utf-8 3556.8437ms
