[2023-03-15 12:38:03.687 +05:30  INF]  User profile is available. Using 'C:\Users\jaseem.saheer\AppData\Local\ASP.NET\DataProtection-Keys' as key repository and Windows DPAPI to encrypt keys at rest.
[2023-03-15 12:38:03.991 +05:30  INF]  Now listening on: http://localhost:5238
[2023-03-15 12:38:03.999 +05:30  INF]  Application started. Press Ctrl+C to shut down.
[2023-03-15 12:38:04.001 +05:30  INF]  Hosting environment: Development
[2023-03-15 12:38:04.002 +05:30  INF]  Content root path: C:\Users\jaseem.saheer\Documents\Backend\Backend\
[2023-03-15 12:38:07.159 +05:30  INF]  Request starting HTTP/1.1 GET http://localhost:5238/swagger/index.html - -
[2023-03-15 12:38:08.226 +05:30  INF]  Request finished HTTP/1.1 GET http://localhost:5238/swagger/index.html - - - 200 - text/html;charset=utf-8 1074.7595ms
[2023-03-15 12:38:08.310 +05:30  INF]  Request starting HTTP/1.1 GET http://localhost:5238/_framework/aspnetcore-browser-refresh.js - -
[2023-03-15 12:38:08.317 +05:30  INF]  Request finished HTTP/1.1 GET http://localhost:5238/_framework/aspnetcore-browser-refresh.js - - - 200 11984 application/javascript;+charset=utf-8 7.4498ms
[2023-03-15 12:38:08.320 +05:30  INF]  Request starting HTTP/1.1 GET http://localhost:5238/_vs/browserLink - -
[2023-03-15 12:38:08.426 +05:30  INF]  Request finished HTTP/1.1 GET http://localhost:5238/_vs/browserLink - - - 200 - text/javascript;+charset=UTF-8 105.1873ms
[2023-03-15 12:38:08.957 +05:30  INF]  Request starting HTTP/1.1 GET http://localhost:5238/swagger/v1/swagger.json - -
[2023-03-15 12:38:09.386 +05:30  INF]  Request finished HTTP/1.1 GET http://localhost:5238/swagger/v1/swagger.json - - - 200 - application/json;charset=utf-8 429.7188ms
[2023-03-15 12:38:09.670 +05:30  INF]  Request starting HTTP/1.1 GET http://localhost:5238/api/Account/SingleUser?userId=ab181cd5-cdde-43d6-8aa2-93d2230b79a - -
[2023-03-15 12:38:09.728 +05:30  INF]  Executing endpoint 'Backend.Controllers.AccountController.SingleUserDetails (Backend)'
[2023-03-15 12:38:09.807 +05:30  INF]  Route matched with {action = "SingleUserDetails", controller = "Account"}. Executing controller action with signature System.Threading.Tasks.Task`1[Microsoft.AspNetCore.Mvc.IActionResult] SingleUserDetails(System.String) on controller Backend.Controllers.AccountController (Backend).
[2023-03-15 12:38:10.200 +05:30  INF]  Executed action Backend.Controllers.AccountController.SingleUserDetails (Backend) in 384.7828ms
[2023-03-15 12:38:10.204 +05:30  INF]  Executed endpoint 'Backend.Controllers.AccountController.SingleUserDetails (Backend)'
[2023-03-15 12:38:10.213 +05:30  ERR]  An unhandled exception has occurred while executing the request.
System.InvalidOperationException: Unable to resolve service for type 'Serilog.ILogger' while attempting to activate 'Backend.Controllers.AccountController'.
   at Microsoft.Extensions.DependencyInjection.ActivatorUtilities.GetService(IServiceProvider sp, Type type, Type requiredBy, Boolean isDefaultParameterRequired)
   at lambda_method9(Closure , IServiceProvider , Object[] )
   at Microsoft.AspNetCore.Mvc.Controllers.ControllerActivatorProvider.<>c__DisplayClass7_0.<CreateActivator>b__0(ControllerContext controllerContext)
   at Microsoft.AspNetCore.Mvc.Controllers.ControllerFactoryProvider.<>c__DisplayClass6_0.<CreateControllerFactory>g__CreateController|0(ControllerContext controllerContext)
   at Microsoft.AspNetCore.Mvc.Infrastructure.ControllerActionInvoker.Next(State& next, Scope& scope, Object& state, Boolean& isCompleted)
   at Microsoft.AspNetCore.Mvc.Infrastructure.ControllerActionInvoker.InvokeInnerFilterAsync()
--- End of stack trace from previous location ---
   at Microsoft.AspNetCore.Mvc.Infrastructure.ResourceInvoker.<InvokeFilterPipelineAsync>g__Awaited|20_0(ResourceInvoker invoker, Task lastTask, State next, Scope scope, Object state, Boolean isCompleted)
   at Microsoft.AspNetCore.Mvc.Infrastructure.ResourceInvoker.<InvokeAsync>g__Logged|17_1(ResourceInvoker invoker)
   at Microsoft.AspNetCore.Mvc.Infrastructure.ResourceInvoker.<InvokeAsync>g__Logged|17_1(ResourceInvoker invoker)
   at Microsoft.AspNetCore.Routing.EndpointMiddleware.<Invoke>g__AwaitRequestTask|6_0(Endpoint endpoint, Task requestTask, ILogger logger)
   at Microsoft.AspNetCore.Authorization.AuthorizationMiddleware.Invoke(HttpContext context)
   at Microsoft.AspNetCore.Authentication.AuthenticationMiddleware.Invoke(HttpContext context)
   at Swashbuckle.AspNetCore.SwaggerUI.SwaggerUIMiddleware.Invoke(HttpContext httpContext)
   at Swashbuckle.AspNetCore.Swagger.SwaggerMiddleware.Invoke(HttpContext httpContext, ISwaggerProvider swaggerProvider)
   at Microsoft.AspNetCore.Diagnostics.DeveloperExceptionPageMiddleware.Invoke(HttpContext context)
[2023-03-15 12:38:10.292 +05:30  INF]  Request finished HTTP/1.1 GET http://localhost:5238/api/Account/SingleUser?userId=ab181cd5-cdde-43d6-8aa2-93d2230b79a - - - 500 - text/plain;+charset=utf-8 621.0931ms
[2023-03-15 12:40:29.644 +05:30  INF]  User profile is available. Using 'C:\Users\jaseem.saheer\AppData\Local\ASP.NET\DataProtection-Keys' as key repository and Windows DPAPI to encrypt keys at rest.
[2023-03-15 12:40:29.843 +05:30  INF]  Now listening on: http://localhost:5238
[2023-03-15 12:40:29.846 +05:30  INF]  Application started. Press Ctrl+C to shut down.
[2023-03-15 12:40:29.846 +05:30  INF]  Hosting environment: Development
[2023-03-15 12:40:29.846 +05:30  INF]  Content root path: C:\Users\jaseem.saheer\Documents\Backend\Backend\
[2023-03-15 12:40:31.441 +05:30  INF]  Request starting HTTP/1.1 GET http://localhost:5238/swagger/index.html - -
[2023-03-15 12:40:31.961 +05:30  INF]  Request finished HTTP/1.1 GET http://localhost:5238/swagger/index.html - - - 200 - text/html;charset=utf-8 525.0839ms
[2023-03-15 12:40:31.998 +05:30  INF]  Request starting HTTP/1.1 GET http://localhost:5238/_framework/aspnetcore-browser-refresh.js - -
[2023-03-15 12:40:32.006 +05:30  INF]  Request finished HTTP/1.1 GET http://localhost:5238/_framework/aspnetcore-browser-refresh.js - - - 200 11984 application/javascript;+charset=utf-8 7.8256ms
[2023-03-15 12:40:32.036 +05:30  INF]  Request starting HTTP/1.1 GET http://localhost:5238/_vs/browserLink - -
[2023-03-15 12:40:32.103 +05:30  INF]  Request finished HTTP/1.1 GET http://localhost:5238/_vs/browserLink - - - 200 - text/javascript;+charset=UTF-8 66.4078ms
[2023-03-15 12:40:32.224 +05:30  INF]  Request starting HTTP/1.1 GET http://localhost:5238/swagger/v1/swagger.json - -
[2023-03-15 12:40:32.451 +05:30  INF]  Request finished HTTP/1.1 GET http://localhost:5238/swagger/v1/swagger.json - - - 200 - application/json;charset=utf-8 226.5214ms
[2023-03-15 12:40:35.117 +05:30  INF]  Request starting HTTP/1.1 GET http://localhost:5238/api/Account/SingleUser?userId=ab181cd5-cdde-43d6-8aa2-93d2230b79a - -
[2023-03-15 12:40:35.141 +05:30  INF]  Executing endpoint 'Backend.Controllers.AccountController.SingleUserDetails (Backend)'
[2023-03-15 12:40:35.189 +05:30  INF]  Route matched with {action = "SingleUserDetails", controller = "Account"}. Executing controller action with signature System.Threading.Tasks.Task`1[Microsoft.AspNetCore.Mvc.IActionResult] SingleUserDetails(System.String) on controller Backend.Controllers.AccountController (Backend).
[2023-03-15 12:40:37.213 +05:30  INF]  Entity Framework Core 6.0.12 initialized 'ApplicationDbContext' using provider 'Microsoft.EntityFrameworkCore.SqlServer:6.0.12' with options: None
[2023-03-15 12:40:38.827 +05:30  INF]  Executed DbCommand (130ms) [Parameters=[@__userId_0='?' (Size = 450)], CommandType='"Text"', CommandTimeout='30']
SELECT TOP(1) [u].[UserId], [u].[Address], [u].[DOB], [u].[DOJ], [u].[FirstName], [u].[Gender], [u].[Image], [u].[LastName], [a].[Id], [a].[AccessFailedCount], [a].[ConcurrencyStamp], [a].[Email], [a].[EmailConfirmed], [a].[LockoutEnabled], [a].[LockoutEnd], [a].[NormalizedEmail], [a].[NormalizedUserName], [a].[PasswordHash], [a].[PhoneNumber], [a].[PhoneNumberConfirmed], [a].[SecurityStamp], [a].[TwoFactorEnabled], [a].[UserName]
FROM [Users] AS [u]
INNER JOIN [AspNetUsers] AS [a] ON [u].[UserId] = [a].[Id]
WHERE [u].[UserId] = @__userId_0
[2023-03-15 12:40:39.020 +05:30  ERR]  Error Occured While Fetching User
[2023-03-15 12:40:39.039 +05:30  INF]  Executing BadRequestObjectResult, writing value of type 'Backend.Core.Common.ErrorHandlers.Results`1[[Backend.Core.Data.Entities.UserModel, Backend, Version=1.0.0.0, Culture=neutral, PublicKeyToken=null]]'.
[2023-03-15 12:40:39.058 +05:30  INF]  Executed action Backend.Controllers.AccountController.SingleUserDetails (Backend) in 3861.6707ms
[2023-03-15 12:40:39.061 +05:30  INF]  Executed endpoint 'Backend.Controllers.AccountController.SingleUserDetails (Backend)'
[2023-03-15 12:40:39.078 +05:30  INF]  Request finished HTTP/1.1 GET http://localhost:5238/api/Account/SingleUser?userId=ab181cd5-cdde-43d6-8aa2-93d2230b79a - - - 400 - application/json;+charset=utf-8 3962.8084ms
[2023-03-15 12:42:59.188 +05:30  INF]  User profile is available. Using 'C:\Users\jaseem.saheer\AppData\Local\ASP.NET\DataProtection-Keys' as key repository and Windows DPAPI to encrypt keys at rest.
[2023-03-15 12:42:59.407 +05:30  INF]  Now listening on: http://localhost:5238
[2023-03-15 12:42:59.409 +05:30  INF]  Application started. Press Ctrl+C to shut down.
[2023-03-15 12:42:59.409 +05:30  INF]  Hosting environment: Development
[2023-03-15 12:42:59.409 +05:30  INF]  Content root path: C:\Users\jaseem.saheer\Documents\Backend\Backend\
[2023-03-15 12:43:00.773 +05:30  INF]  Request starting HTTP/1.1 GET http://localhost:5238/swagger/index.html - -
[2023-03-15 12:43:01.166 +05:30  INF]  Request finished HTTP/1.1 GET http://localhost:5238/swagger/index.html - - - 200 - text/html;charset=utf-8 398.9421ms
[2023-03-15 12:43:01.194 +05:30  INF]  Request starting HTTP/1.1 GET http://localhost:5238/_vs/browserLink - -
[2023-03-15 12:43:01.196 +05:30  INF]  Request starting HTTP/1.1 GET http://localhost:5238/_framework/aspnetcore-browser-refresh.js - -
[2023-03-15 12:43:01.206 +05:30  INF]  Request finished HTTP/1.1 GET http://localhost:5238/_framework/aspnetcore-browser-refresh.js - - - 200 11984 application/javascript;+charset=utf-8 9.3467ms
[2023-03-15 12:43:01.256 +05:30  INF]  Request finished HTTP/1.1 GET http://localhost:5238/_vs/browserLink - - - 200 - text/javascript;+charset=UTF-8 62.0617ms
[2023-03-15 12:43:01.382 +05:30  INF]  Request starting HTTP/1.1 GET http://localhost:5238/swagger/v1/swagger.json - -
[2023-03-15 12:43:01.571 +05:30  INF]  Request finished HTTP/1.1 GET http://localhost:5238/swagger/v1/swagger.json - - - 200 - application/json;charset=utf-8 189.0669ms
[2023-03-15 12:43:06.680 +05:30  INF]  Request starting HTTP/1.1 POST http://localhost:5238/api/Account/Register application/json 345
[2023-03-15 12:43:06.706 +05:30  INF]  Executing endpoint 'Backend.Controllers.AccountController.Register (Backend)'
[2023-03-15 12:43:06.758 +05:30  INF]  Route matched with {action = "Register", controller = "Account"}. Executing controller action with signature System.Threading.Tasks.Task`1[Microsoft.AspNetCore.Mvc.IActionResult] Register(Backend.Core.Data.Entities.UserModel) on controller Backend.Controllers.AccountController (Backend).
[2023-03-15 12:43:08.583 +05:30  INF]  Entity Framework Core 6.0.12 initialized 'ApplicationDbContext' using provider 'Microsoft.EntityFrameworkCore.SqlServer:6.0.12' with options: None
[2023-03-15 12:43:09.941 +05:30  INF]  Executed DbCommand (122ms) [Parameters=[@__normalizedUserName_0='?' (Size = 256)], CommandType='"Text"', CommandTimeout='30']
SELECT TOP(1) [a].[Id], [a].[AccessFailedCount], [a].[ConcurrencyStamp], [a].[Email], [a].[EmailConfirmed], [a].[LockoutEnabled], [a].[LockoutEnd], [a].[NormalizedEmail], [a].[NormalizedUserName], [a].[PasswordHash], [a].[PhoneNumber], [a].[PhoneNumberConfirmed], [a].[SecurityStamp], [a].[TwoFactorEnabled], [a].[UserName]
FROM [AspNetUsers] AS [a]
WHERE [a].[NormalizedUserName] = @__normalizedUserName_0
[2023-03-15 12:43:10.131 +05:30  WRN]  User validation failed: DuplicateUserName.
[2023-03-15 12:43:10.154 +05:30  INF]  Executing BadRequestObjectResult, writing value of type 'Backend.Core.Common.ErrorHandlers.Results`1[[Microsoft.AspNetCore.Identity.IdentityUser, Microsoft.Extensions.Identity.Stores, Version=6.0.0.0, Culture=neutral, PublicKeyToken=adb9793829ddae60]]'.
[2023-03-15 12:43:10.168 +05:30  INF]  Executed action Backend.Controllers.AccountController.Register (Backend) in 3402.2185ms
[2023-03-15 12:43:10.172 +05:30  INF]  Executed endpoint 'Backend.Controllers.AccountController.Register (Backend)'
[2023-03-15 12:43:10.186 +05:30  INF]  Request finished HTTP/1.1 POST http://localhost:5238/api/Account/Register application/json 345 - 400 - application/json;+charset=utf-8 3506.0247ms
[2023-03-15 12:46:23.840 +05:30  INF]  Request starting HTTP/1.1 POST http://localhost:5238/api/Account/Register application/json 345
[2023-03-15 12:46:23.849 +05:30  INF]  Executing endpoint 'Backend.Controllers.AccountController.Register (Backend)'
[2023-03-15 12:46:23.859 +05:30  INF]  Route matched with {action = "Register", controller = "Account"}. Executing controller action with signature System.Threading.Tasks.Task`1[Microsoft.AspNetCore.Mvc.IActionResult] Register(Backend.Core.Data.Entities.UserModel) on controller Backend.Controllers.AccountController (Backend).
[2023-03-15 12:46:23.922 +05:30  INF]  Entity Framework Core 6.0.12 initialized 'ApplicationDbContext' using provider 'Microsoft.EntityFrameworkCore.SqlServer:6.0.12' with options: None
[2023-03-15 12:46:23.937 +05:30  INF]  Executed DbCommand (8ms) [Parameters=[@__normalizedUserName_0='?' (Size = 256)], CommandType='"Text"', CommandTimeout='30']
SELECT TOP(1) [a].[Id], [a].[AccessFailedCount], [a].[ConcurrencyStamp], [a].[Email], [a].[EmailConfirmed], [a].[LockoutEnabled], [a].[LockoutEnd], [a].[NormalizedEmail], [a].[NormalizedUserName], [a].[PasswordHash], [a].[PhoneNumber], [a].[PhoneNumberConfirmed], [a].[SecurityStamp], [a].[TwoFactorEnabled], [a].[UserName]
FROM [AspNetUsers] AS [a]
WHERE [a].[NormalizedUserName] = @__normalizedUserName_0
[2023-03-15 12:46:23.938 +05:30  WRN]  User validation failed: DuplicateUserName.
[2023-03-15 12:46:23.938 +05:30  INF]  Executing BadRequestObjectResult, writing value of type 'Backend.Core.Common.ErrorHandlers.Results`1[[Microsoft.AspNetCore.Identity.IdentityUser, Microsoft.Extensions.Identity.Stores, Version=6.0.0.0, Culture=neutral, PublicKeyToken=adb9793829ddae60]]'.
[2023-03-15 12:46:23.938 +05:30  INF]  Executed action Backend.Controllers.AccountController.Register (Backend) in 79.3571ms
[2023-03-15 12:46:23.939 +05:30  INF]  Executed endpoint 'Backend.Controllers.AccountController.Register (Backend)'
[2023-03-15 12:46:23.939 +05:30  INF]  Request finished HTTP/1.1 POST http://localhost:5238/api/Account/Register application/json 345 - 400 - application/json;+charset=utf-8 98.7461ms
[2023-03-15 12:46:25.933 +05:30  INF]  Request starting HTTP/1.1 POST http://localhost:5238/api/Account/Register application/json 345
[2023-03-15 12:46:25.936 +05:30  INF]  Executing endpoint 'Backend.Controllers.AccountController.Register (Backend)'
[2023-03-15 12:46:25.936 +05:30  INF]  Route matched with {action = "Register", controller = "Account"}. Executing controller action with signature System.Threading.Tasks.Task`1[Microsoft.AspNetCore.Mvc.IActionResult] Register(Backend.Core.Data.Entities.UserModel) on controller Backend.Controllers.AccountController (Backend).
[2023-03-15 12:46:25.963 +05:30  INF]  Entity Framework Core 6.0.12 initialized 'ApplicationDbContext' using provider 'Microsoft.EntityFrameworkCore.SqlServer:6.0.12' with options: None
[2023-03-15 12:46:25.966 +05:30  INF]  Executed DbCommand (2ms) [Parameters=[@__normalizedUserName_0='?' (Size = 256)], CommandType='"Text"', CommandTimeout='30']
SELECT TOP(1) [a].[Id], [a].[AccessFailedCount], [a].[ConcurrencyStamp], [a].[Email], [a].[EmailConfirmed], [a].[LockoutEnabled], [a].[LockoutEnd], [a].[NormalizedEmail], [a].[NormalizedUserName], [a].[PasswordHash], [a].[PhoneNumber], [a].[PhoneNumberConfirmed], [a].[SecurityStamp], [a].[TwoFactorEnabled], [a].[UserName]
FROM [AspNetUsers] AS [a]
WHERE [a].[NormalizedUserName] = @__normalizedUserName_0
[2023-03-15 12:46:25.967 +05:30  WRN]  User validation failed: DuplicateUserName.
[2023-03-15 12:46:25.967 +05:30  INF]  Executing BadRequestObjectResult, writing value of type 'Backend.Core.Common.ErrorHandlers.Results`1[[Microsoft.AspNetCore.Identity.IdentityUser, Microsoft.Extensions.Identity.Stores, Version=6.0.0.0, Culture=neutral, PublicKeyToken=adb9793829ddae60]]'.
[2023-03-15 12:46:25.968 +05:30  INF]  Executed action Backend.Controllers.AccountController.Register (Backend) in 31.2402ms
[2023-03-15 12:46:25.968 +05:30  INF]  Executed endpoint 'Backend.Controllers.AccountController.Register (Backend)'
[2023-03-15 12:46:25.968 +05:30  INF]  Request finished HTTP/1.1 POST http://localhost:5238/api/Account/Register application/json 345 - 400 - application/json;+charset=utf-8 34.7450ms
[2023-03-15 12:46:39.176 +05:30  INF]  User profile is available. Using 'C:\Users\jaseem.saheer\AppData\Local\ASP.NET\DataProtection-Keys' as key repository and Windows DPAPI to encrypt keys at rest.
[2023-03-15 12:46:39.449 +05:30  INF]  Now listening on: http://localhost:5238
[2023-03-15 12:46:39.453 +05:30  INF]  Application started. Press Ctrl+C to shut down.
[2023-03-15 12:46:39.453 +05:30  INF]  Hosting environment: Development
[2023-03-15 12:46:39.453 +05:30  INF]  Content root path: C:\Users\jaseem.saheer\Documents\Backend\Backend\
[2023-03-15 12:46:40.534 +05:30  INF]  Request starting HTTP/1.1 GET http://localhost:5238/swagger/index.html - -
[2023-03-15 12:46:40.947 +05:30  INF]  Request finished HTTP/1.1 GET http://localhost:5238/swagger/index.html - - - 200 - text/html;charset=utf-8 417.5116ms
[2023-03-15 12:46:40.974 +05:30  INF]  Request starting HTTP/1.1 GET http://localhost:5238/_framework/aspnetcore-browser-refresh.js - -
[2023-03-15 12:46:40.980 +05:30  INF]  Request finished HTTP/1.1 GET http://localhost:5238/_framework/aspnetcore-browser-refresh.js - - - 200 11984 application/javascript;+charset=utf-8 5.7110ms
[2023-03-15 12:46:41.006 +05:30  INF]  Request starting HTTP/1.1 GET http://localhost:5238/_vs/browserLink - -
[2023-03-15 12:46:41.055 +05:30  INF]  Request finished HTTP/1.1 GET http://localhost:5238/_vs/browserLink - - - 200 - text/javascript;+charset=UTF-8 49.3182ms
[2023-03-15 12:46:41.126 +05:30  INF]  Request starting HTTP/1.1 GET http://localhost:5238/swagger/v1/swagger.json - -
[2023-03-15 12:46:41.334 +05:30  INF]  Request finished HTTP/1.1 GET http://localhost:5238/swagger/v1/swagger.json - - - 200 - application/json;charset=utf-8 208.2054ms
[2023-03-15 12:46:48.547 +05:30  INF]  Request starting HTTP/1.1 POST http://localhost:5238/api/Account/Register application/json 345
[2023-03-15 12:46:48.568 +05:30  INF]  Executing endpoint 'Backend.Controllers.AccountController.Register (Backend)'
[2023-03-15 12:46:48.616 +05:30  INF]  Route matched with {action = "Register", controller = "Account"}. Executing controller action with signature System.Threading.Tasks.Task`1[Microsoft.AspNetCore.Mvc.IActionResult] Register(Backend.Core.Data.Entities.UserModel) on controller Backend.Controllers.AccountController (Backend).
[2023-03-15 12:46:50.608 +05:30  INF]  Entity Framework Core 6.0.12 initialized 'ApplicationDbContext' using provider 'Microsoft.EntityFrameworkCore.SqlServer:6.0.12' with options: None
[2023-03-15 12:46:51.995 +05:30  INF]  Executed DbCommand (125ms) [Parameters=[@__normalizedUserName_0='?' (Size = 256)], CommandType='"Text"', CommandTimeout='30']
SELECT TOP(1) [a].[Id], [a].[AccessFailedCount], [a].[ConcurrencyStamp], [a].[Email], [a].[EmailConfirmed], [a].[LockoutEnabled], [a].[LockoutEnd], [a].[NormalizedEmail], [a].[NormalizedUserName], [a].[PasswordHash], [a].[PhoneNumber], [a].[PhoneNumberConfirmed], [a].[SecurityStamp], [a].[TwoFactorEnabled], [a].[UserName]
FROM [AspNetUsers] AS [a]
WHERE [a].[NormalizedUserName] = @__normalizedUserName_0
[2023-03-15 12:46:52.178 +05:30  WRN]  User validation failed: DuplicateUserName.
[2023-03-15 12:46:52.204 +05:30  INF]  Executing BadRequestObjectResult, writing value of type 'Backend.Core.Common.ErrorHandlers.Results`1[[Microsoft.AspNetCore.Identity.IdentityUser, Microsoft.Extensions.Identity.Stores, Version=6.0.0.0, Culture=neutral, PublicKeyToken=adb9793829ddae60]]'.
[2023-03-15 12:46:52.222 +05:30  INF]  Executed action Backend.Controllers.AccountController.Register (Backend) in 3598.1059ms
[2023-03-15 12:46:52.225 +05:30  INF]  Executed endpoint 'Backend.Controllers.AccountController.Register (Backend)'
[2023-03-15 12:46:52.242 +05:30  INF]  Request finished HTTP/1.1 POST http://localhost:5238/api/Account/Register application/json 345 - 400 - application/json;+charset=utf-8 3695.3038ms
[2023-03-15 12:49:28.580 +05:30  INF]  Request starting HTTP/1.1 PUT http://localhost:5238/api/Account/UpdateUser application/json 396
[2023-03-15 12:49:28.585 +05:30  INF]  Executing endpoint 'Backend.Controllers.AccountController.UpdateUser (Backend)'
[2023-03-15 12:49:28.589 +05:30  INF]  Route matched with {action = "UpdateUser", controller = "Account"}. Executing controller action with signature System.Threading.Tasks.Task`1[Microsoft.AspNetCore.Mvc.IActionResult] UpdateUser(Backend.Core.Data.Entities.UserModel) on controller Backend.Controllers.AccountController (Backend).
[2023-03-15 12:49:36.392 +05:30  INF]  Entity Framework Core 6.0.12 initialized 'ApplicationDbContext' using provider 'Microsoft.EntityFrameworkCore.SqlServer:6.0.12' with options: None
[2023-03-15 12:49:36.457 +05:30  INF]  Executed DbCommand (26ms) [Parameters=[@__p_0='?' (Size = 450)], CommandType='"Text"', CommandTimeout='30']
SELECT TOP(1) [a].[Id], [a].[AccessFailedCount], [a].[ConcurrencyStamp], [a].[Email], [a].[EmailConfirmed], [a].[LockoutEnabled], [a].[LockoutEnd], [a].[NormalizedEmail], [a].[NormalizedUserName], [a].[PasswordHash], [a].[PhoneNumber], [a].[PhoneNumberConfirmed], [a].[SecurityStamp], [a].[TwoFactorEnabled], [a].[UserName]
FROM [AspNetUsers] AS [a]
WHERE [a].[Id] = @__p_0
[2023-03-15 12:49:41.336 +05:30  ERR]  User Update Error
[2023-03-15 12:49:42.644 +05:30  INF]  Executing BadRequestObjectResult, writing value of type 'Backend.Core.Common.ErrorHandlers.Results`1[[Backend.Core.Data.Entities.UserModel, Backend, Version=1.0.0.0, Culture=neutral, PublicKeyToken=null]]'.
[2023-03-15 12:49:44.637 +05:30  INF]  Executed action Backend.Controllers.AccountController.UpdateUser (Backend) in 16048.9021ms
[2023-03-15 12:49:44.638 +05:30  INF]  Executed endpoint 'Backend.Controllers.AccountController.UpdateUser (Backend)'
[2023-03-15 12:49:44.638 +05:30  INF]  Request finished HTTP/1.1 PUT http://localhost:5238/api/Account/UpdateUser application/json 396 - 400 - application/json;+charset=utf-8 16059.9518ms
[2023-03-15 12:50:52.136 +05:30  INF]  User profile is available. Using 'C:\Users\jaseem.saheer\AppData\Local\ASP.NET\DataProtection-Keys' as key repository and Windows DPAPI to encrypt keys at rest.
[2023-03-15 12:50:52.307 +05:30  INF]  Now listening on: http://localhost:5238
[2023-03-15 12:50:52.309 +05:30  INF]  Application started. Press Ctrl+C to shut down.
[2023-03-15 12:50:52.309 +05:30  INF]  Hosting environment: Development
[2023-03-15 12:50:52.309 +05:30  INF]  Content root path: C:\Users\jaseem.saheer\Documents\Backend\Backend\
[2023-03-15 12:50:53.833 +05:30  INF]  Request starting HTTP/1.1 GET http://localhost:5238/api/Account/UserList - -
[2023-03-15 12:50:53.978 +05:30  INF]  Request starting HTTP/1.1 GET http://localhost:5238/swagger/index.html - -
[2023-03-15 12:50:54.062 +05:30  INF]  Executing endpoint 'Backend.Controllers.AccountController.UsersList (Backend)'
[2023-03-15 12:50:54.095 +05:30  INF]  Route matched with {action = "UsersList", controller = "Account"}. Executing controller action with signature System.Threading.Tasks.Task`1[Microsoft.AspNetCore.Mvc.IActionResult] UsersList() on controller Backend.Controllers.AccountController (Backend).
[2023-03-15 12:50:54.447 +05:30  INF]  Request finished HTTP/1.1 GET http://localhost:5238/swagger/index.html - - - 200 - text/html;charset=utf-8 467.4522ms
[2023-03-15 12:50:54.494 +05:30  INF]  Request starting HTTP/1.1 GET http://localhost:5238/_framework/aspnetcore-browser-refresh.js - -
[2023-03-15 12:50:54.499 +05:30  INF]  Request finished HTTP/1.1 GET http://localhost:5238/_framework/aspnetcore-browser-refresh.js - - - 200 11984 application/javascript;+charset=utf-8 4.3912ms
[2023-03-15 12:50:54.523 +05:30  INF]  Request starting HTTP/1.1 GET http://localhost:5238/_vs/browserLink - -
[2023-03-15 12:50:54.591 +05:30  INF]  Request finished HTTP/1.1 GET http://localhost:5238/_vs/browserLink - - - 200 - text/javascript;+charset=UTF-8 67.8737ms
[2023-03-15 12:50:54.695 +05:30  INF]  Request starting HTTP/1.1 GET http://localhost:5238/swagger/v1/swagger.json - -
[2023-03-15 12:50:54.897 +05:30  INF]  Request finished HTTP/1.1 GET http://localhost:5238/swagger/v1/swagger.json - - - 200 - application/json;charset=utf-8 202.1232ms
[2023-03-15 12:50:55.793 +05:30  INF]  Entity Framework Core 6.0.12 initialized 'ApplicationDbContext' using provider 'Microsoft.EntityFrameworkCore.SqlServer:6.0.12' with options: None
[2023-03-15 12:50:56.745 +05:30  INF]  Executed DbCommand (76ms) [Parameters=[], CommandType='"Text"', CommandTimeout='30']
SELECT [u].[UserId], [u].[Address], [u].[DOB], [u].[DOJ], [u].[FirstName], [u].[Gender], [u].[Image], [u].[LastName], [a].[Id], [a].[AccessFailedCount], [a].[ConcurrencyStamp], [a].[Email], [a].[EmailConfirmed], [a].[LockoutEnabled], [a].[LockoutEnd], [a].[NormalizedEmail], [a].[NormalizedUserName], [a].[PasswordHash], [a].[PhoneNumber], [a].[PhoneNumberConfirmed], [a].[SecurityStamp], [a].[TwoFactorEnabled], [a].[UserName]
FROM [Users] AS [u]
INNER JOIN [AspNetUsers] AS [a] ON [u].[UserId] = [a].[Id]
[2023-03-15 12:50:56.944 +05:30  INF]  Executing OkObjectResult, writing value of type 'Backend.Core.Common.ErrorHandlers.Results`1[[System.Collections.Generic.List`1[[Backend.Core.Data.Entities.UserModel, Backend, Version=1.0.0.0, Culture=neutral, PublicKeyToken=null]], System.Private.CoreLib, Version=6.0.0.0, Culture=neutral, PublicKeyToken=7cec85d7bea7798e]]'.
[2023-03-15 12:50:56.972 +05:30  INF]  Executed action Backend.Controllers.AccountController.UsersList (Backend) in 2871.575ms
[2023-03-15 12:50:56.974 +05:30  INF]  Executed endpoint 'Backend.Controllers.AccountController.UsersList (Backend)'
[2023-03-15 12:50:56.984 +05:30  INF]  Request finished HTTP/1.1 GET http://localhost:5238/api/Account/UserList - - - 200 - application/json;+charset=utf-8 3160.0253ms
[2023-03-15 12:50:58.181 +05:30  INF]  Request starting HTTP/1.1 GET http://localhost:5238/api/Account/UserList - -
[2023-03-15 12:50:58.184 +05:30  INF]  Executing endpoint 'Backend.Controllers.AccountController.UsersList (Backend)'
[2023-03-15 12:50:58.184 +05:30  INF]  Route matched with {action = "UsersList", controller = "Account"}. Executing controller action with signature System.Threading.Tasks.Task`1[Microsoft.AspNetCore.Mvc.IActionResult] UsersList() on controller Backend.Controllers.AccountController (Backend).
[2023-03-15 12:50:58.185 +05:30  INF]  Executing OkObjectResult, writing value of type 'Backend.Core.Common.ErrorHandlers.Results`1[[System.Collections.Generic.List`1[[Backend.Core.Data.Entities.UserModel, Backend, Version=1.0.0.0, Culture=neutral, PublicKeyToken=null]], System.Private.CoreLib, Version=6.0.0.0, Culture=neutral, PublicKeyToken=7cec85d7bea7798e]]'.
[2023-03-15 12:50:58.185 +05:30  INF]  Executed action Backend.Controllers.AccountController.UsersList (Backend) in 1.0645ms
[2023-03-15 12:50:58.185 +05:30  INF]  Executed endpoint 'Backend.Controllers.AccountController.UsersList (Backend)'
[2023-03-15 12:50:58.185 +05:30  INF]  Request finished HTTP/1.1 GET http://localhost:5238/api/Account/UserList - - - 200 - application/json;+charset=utf-8 4.5019ms
[2023-03-15 12:51:00.869 +05:30  INF]  Request starting HTTP/1.1 GET http://localhost:5238/api/Account/SingleUser?userId=ab181cd5-cdde-43d6-8aa2-93d2230b79a - -
[2023-03-15 12:51:00.872 +05:30  INF]  Executing endpoint 'Backend.Controllers.AccountController.SingleUserDetails (Backend)'
[2023-03-15 12:51:00.899 +05:30  INF]  Route matched with {action = "SingleUserDetails", controller = "Account"}. Executing controller action with signature System.Threading.Tasks.Task`1[Microsoft.AspNetCore.Mvc.IActionResult] SingleUserDetails(System.String) on controller Backend.Controllers.AccountController (Backend).
[2023-03-15 12:51:00.947 +05:30  INF]  Entity Framework Core 6.0.12 initialized 'ApplicationDbContext' using provider 'Microsoft.EntityFrameworkCore.SqlServer:6.0.12' with options: None
[2023-03-15 12:51:01.060 +05:30  INF]  Executed DbCommand (45ms) [Parameters=[@__userId_0='?' (Size = 450)], CommandType='"Text"', CommandTimeout='30']
SELECT TOP(1) [u].[UserId], [u].[Address], [u].[DOB], [u].[DOJ], [u].[FirstName], [u].[Gender], [u].[Image], [u].[LastName], [a].[Id], [a].[AccessFailedCount], [a].[ConcurrencyStamp], [a].[Email], [a].[EmailConfirmed], [a].[LockoutEnabled], [a].[LockoutEnd], [a].[NormalizedEmail], [a].[NormalizedUserName], [a].[PasswordHash], [a].[PhoneNumber], [a].[PhoneNumberConfirmed], [a].[SecurityStamp], [a].[TwoFactorEnabled], [a].[UserName]
FROM [Users] AS [u]
INNER JOIN [AspNetUsers] AS [a] ON [u].[UserId] = [a].[Id]
WHERE [u].[UserId] = @__userId_0
[2023-03-15 12:51:01.199 +05:30  ERR]  Error Occured While Fetching User
[2023-03-15 12:51:01.199 +05:30  INF]  Executing BadRequestObjectResult, writing value of type 'Backend.Core.Common.ErrorHandlers.Results`1[[Backend.Core.Data.Entities.UserModel, Backend, Version=1.0.0.0, Culture=neutral, PublicKeyToken=null]]'.
[2023-03-15 12:51:01.201 +05:30  INF]  Executed action Backend.Controllers.AccountController.SingleUserDetails (Backend) in 302.1432ms
[2023-03-15 12:51:01.201 +05:30  INF]  Executed endpoint 'Backend.Controllers.AccountController.SingleUserDetails (Backend)'
[2023-03-15 12:51:01.202 +05:30  INF]  Request finished HTTP/1.1 GET http://localhost:5238/api/Account/SingleUser?userId=ab181cd5-cdde-43d6-8aa2-93d2230b79a - - - 400 - application/json;+charset=utf-8 332.8942ms
[2023-03-15 12:51:07.789 +05:30  INF]  Request starting HTTP/1.1 GET http://localhost:5238/api/Account/SingleUser?userId=ab181cd5-cdde-43d6-8aa2-93d2230b79ca - -
[2023-03-15 12:51:07.790 +05:30  INF]  Executing endpoint 'Backend.Controllers.AccountController.SingleUserDetails (Backend)'
[2023-03-15 12:51:07.790 +05:30  INF]  Route matched with {action = "SingleUserDetails", controller = "Account"}. Executing controller action with signature System.Threading.Tasks.Task`1[Microsoft.AspNetCore.Mvc.IActionResult] SingleUserDetails(System.String) on controller Backend.Controllers.AccountController (Backend).
[2023-03-15 12:51:07.832 +05:30  INF]  Entity Framework Core 6.0.12 initialized 'ApplicationDbContext' using provider 'Microsoft.EntityFrameworkCore.SqlServer:6.0.12' with options: None
[2023-03-15 12:51:07.837 +05:30  INF]  Executed DbCommand (1ms) [Parameters=[@__userId_0='?' (Size = 450)], CommandType='"Text"', CommandTimeout='30']
SELECT TOP(1) [u].[UserId], [u].[Address], [u].[DOB], [u].[DOJ], [u].[FirstName], [u].[Gender], [u].[Image], [u].[LastName], [a].[Id], [a].[AccessFailedCount], [a].[ConcurrencyStamp], [a].[Email], [a].[EmailConfirmed], [a].[LockoutEnabled], [a].[LockoutEnd], [a].[NormalizedEmail], [a].[NormalizedUserName], [a].[PasswordHash], [a].[PhoneNumber], [a].[PhoneNumberConfirmed], [a].[SecurityStamp], [a].[TwoFactorEnabled], [a].[UserName]
FROM [Users] AS [u]
INNER JOIN [AspNetUsers] AS [a] ON [u].[UserId] = [a].[Id]
WHERE [u].[UserId] = @__userId_0
[2023-03-15 12:51:07.837 +05:30  INF]  Executing OkObjectResult, writing value of type 'Backend.Core.Common.ErrorHandlers.Results`1[[Backend.Core.Data.Entities.UserModel, Backend, Version=1.0.0.0, Culture=neutral, PublicKeyToken=null]]'.
[2023-03-15 12:51:07.837 +05:30  INF]  Executed action Backend.Controllers.AccountController.SingleUserDetails (Backend) in 47.3315ms
[2023-03-15 12:51:07.837 +05:30  INF]  Executed endpoint 'Backend.Controllers.AccountController.SingleUserDetails (Backend)'
[2023-03-15 12:51:07.838 +05:30  INF]  Request finished HTTP/1.1 GET http://localhost:5238/api/Account/SingleUser?userId=ab181cd5-cdde-43d6-8aa2-93d2230b79ca - - - 200 - application/json;+charset=utf-8 48.7589ms
[2023-03-15 12:51:12.146 +05:30  INF]  Request starting HTTP/1.1 POST http://localhost:5238/api/Account/Register application/json 345
[2023-03-15 12:51:12.146 +05:30  INF]  Executing endpoint 'Backend.Controllers.AccountController.Register (Backend)'
[2023-03-15 12:51:12.149 +05:30  INF]  Route matched with {action = "Register", controller = "Account"}. Executing controller action with signature System.Threading.Tasks.Task`1[Microsoft.AspNetCore.Mvc.IActionResult] Register(Backend.Core.Data.Entities.UserModel) on controller Backend.Controllers.AccountController (Backend).
[2023-03-15 12:51:12.193 +05:30  INF]  Entity Framework Core 6.0.12 initialized 'ApplicationDbContext' using provider 'Microsoft.EntityFrameworkCore.SqlServer:6.0.12' with options: None
[2023-03-15 12:51:12.212 +05:30  INF]  Executed DbCommand (2ms) [Parameters=[@__normalizedUserName_0='?' (Size = 256)], CommandType='"Text"', CommandTimeout='30']
SELECT TOP(1) [a].[Id], [a].[AccessFailedCount], [a].[ConcurrencyStamp], [a].[Email], [a].[EmailConfirmed], [a].[LockoutEnabled], [a].[LockoutEnd], [a].[NormalizedEmail], [a].[NormalizedUserName], [a].[PasswordHash], [a].[PhoneNumber], [a].[PhoneNumberConfirmed], [a].[SecurityStamp], [a].[TwoFactorEnabled], [a].[UserName]
FROM [AspNetUsers] AS [a]
WHERE [a].[NormalizedUserName] = @__normalizedUserName_0
[2023-03-15 12:51:12.224 +05:30  WRN]  User validation failed: DuplicateUserName.
[2023-03-15 12:51:12.228 +05:30  INF]  Executing BadRequestObjectResult, writing value of type 'Backend.Core.Common.ErrorHandlers.Results`1[[Microsoft.AspNetCore.Identity.IdentityUser, Microsoft.Extensions.Identity.Stores, Version=6.0.0.0, Culture=neutral, PublicKeyToken=adb9793829ddae60]]'.
[2023-03-15 12:51:12.229 +05:30  INF]  Executed action Backend.Controllers.AccountController.Register (Backend) in 79.7012ms
[2023-03-15 12:51:12.229 +05:30  INF]  Executed endpoint 'Backend.Controllers.AccountController.Register (Backend)'
[2023-03-15 12:51:12.229 +05:30  INF]  Request finished HTTP/1.1 POST http://localhost:5238/api/Account/Register application/json 345 - 400 - application/json;+charset=utf-8 82.8846ms
[2023-03-15 12:51:15.738 +05:30  INF]  Request starting HTTP/1.1 POST http://localhost:5238/api/Account/Login application/json 55
[2023-03-15 12:51:15.738 +05:30  INF]  Executing endpoint 'Backend.Controllers.AccountController.Login (Backend)'
[2023-03-15 12:51:15.743 +05:30  INF]  Route matched with {action = "Login", controller = "Account"}. Executing controller action with signature System.Threading.Tasks.Task`1[Microsoft.AspNetCore.Mvc.IActionResult] Login(Backend.Core.ViewModels.LoginViewModel) on controller Backend.Controllers.AccountController (Backend).
[2023-03-15 12:51:15.748 +05:30  INF]  Entity Framework Core 6.0.12 initialized 'ApplicationDbContext' using provider 'Microsoft.EntityFrameworkCore.SqlServer:6.0.12' with options: None
[2023-03-15 12:51:15.750 +05:30  INF]  Executed DbCommand (1ms) [Parameters=[@__normalizedUserName_0='?' (Size = 256)], CommandType='"Text"', CommandTimeout='30']
SELECT TOP(1) [a].[Id], [a].[AccessFailedCount], [a].[ConcurrencyStamp], [a].[Email], [a].[EmailConfirmed], [a].[LockoutEnabled], [a].[LockoutEnd], [a].[NormalizedEmail], [a].[NormalizedUserName], [a].[PasswordHash], [a].[PhoneNumber], [a].[PhoneNumberConfirmed], [a].[SecurityStamp], [a].[TwoFactorEnabled], [a].[UserName]
FROM [AspNetUsers] AS [a]
WHERE [a].[NormalizedUserName] = @__normalizedUserName_0
[2023-03-15 12:51:15.757 +05:30  INF]  Executing OkObjectResult, writing value of type 'Backend.Core.Common.ErrorHandlers.Results`1[[Microsoft.AspNetCore.Identity.IdentityUser, Microsoft.Extensions.Identity.Stores, Version=6.0.0.0, Culture=neutral, PublicKeyToken=adb9793829ddae60]]'.
[2023-03-15 12:51:15.758 +05:30  INF]  Executed action Backend.Controllers.AccountController.Login (Backend) in 14.5997ms
[2023-03-15 12:51:15.758 +05:30  INF]  Executed endpoint 'Backend.Controllers.AccountController.Login (Backend)'
[2023-03-15 12:51:15.758 +05:30  INF]  Request finished HTTP/1.1 POST http://localhost:5238/api/Account/Login application/json 55 - 200 - application/json;+charset=utf-8 20.3464ms
[2023-03-15 12:51:19.468 +05:30  INF]  Request starting HTTP/1.1 PUT http://localhost:5238/api/Account/UpdateUser application/json 396
[2023-03-15 12:51:19.468 +05:30  INF]  Executing endpoint 'Backend.Controllers.AccountController.UpdateUser (Backend)'
[2023-03-15 12:51:19.470 +05:30  INF]  Route matched with {action = "UpdateUser", controller = "Account"}. Executing controller action with signature System.Threading.Tasks.Task`1[Microsoft.AspNetCore.Mvc.IActionResult] UpdateUser(Backend.Core.Data.Entities.UserModel) on controller Backend.Controllers.AccountController (Backend).
[2023-03-15 12:51:24.479 +05:30  INF]  Entity Framework Core 6.0.12 initialized 'ApplicationDbContext' using provider 'Microsoft.EntityFrameworkCore.SqlServer:6.0.12' with options: None
[2023-03-15 12:51:24.494 +05:30  INF]  Executed DbCommand (2ms) [Parameters=[@__p_0='?' (Size = 450)], CommandType='"Text"', CommandTimeout='30']
SELECT TOP(1) [a].[Id], [a].[AccessFailedCount], [a].[ConcurrencyStamp], [a].[Email], [a].[EmailConfirmed], [a].[LockoutEnabled], [a].[LockoutEnd], [a].[NormalizedEmail], [a].[NormalizedUserName], [a].[PasswordHash], [a].[PhoneNumber], [a].[PhoneNumberConfirmed], [a].[SecurityStamp], [a].[TwoFactorEnabled], [a].[UserName]
FROM [AspNetUsers] AS [a]
WHERE [a].[Id] = @__p_0
[2023-03-15 12:51:24.527 +05:30  ERR]  User Update Error
[2023-03-15 12:51:24.527 +05:30  INF]  Executing BadRequestObjectResult, writing value of type 'Backend.Core.Common.ErrorHandlers.Results`1[[Backend.Core.Data.Entities.UserModel, Backend, Version=1.0.0.0, Culture=neutral, PublicKeyToken=null]]'.
[2023-03-15 12:51:24.527 +05:30  INF]  Executed action Backend.Controllers.AccountController.UpdateUser (Backend) in 5057.2454ms
[2023-03-15 12:51:24.527 +05:30  INF]  Executed endpoint 'Backend.Controllers.AccountController.UpdateUser (Backend)'
[2023-03-15 12:51:24.527 +05:30  INF]  Request finished HTTP/1.1 PUT http://localhost:5238/api/Account/UpdateUser application/json 396 - 400 - application/json;+charset=utf-8 5059.9363ms
[2023-03-15 12:51:31.809 +05:30  INF]  Request starting HTTP/1.1 PUT http://localhost:5238/api/Account/UpdateUser application/json 397
[2023-03-15 12:51:31.810 +05:30  INF]  Executing endpoint 'Backend.Controllers.AccountController.UpdateUser (Backend)'
[2023-03-15 12:51:31.810 +05:30  INF]  Route matched with {action = "UpdateUser", controller = "Account"}. Executing controller action with signature System.Threading.Tasks.Task`1[Microsoft.AspNetCore.Mvc.IActionResult] UpdateUser(Backend.Core.Data.Entities.UserModel) on controller Backend.Controllers.AccountController (Backend).
[2023-03-15 12:51:31.811 +05:30  INF]  Entity Framework Core 6.0.12 initialized 'ApplicationDbContext' using provider 'Microsoft.EntityFrameworkCore.SqlServer:6.0.12' with options: None
[2023-03-15 12:51:31.813 +05:30  INF]  Executed DbCommand (1ms) [Parameters=[@__p_0='?' (Size = 450)], CommandType='"Text"', CommandTimeout='30']
SELECT TOP(1) [a].[Id], [a].[AccessFailedCount], [a].[ConcurrencyStamp], [a].[Email], [a].[EmailConfirmed], [a].[LockoutEnabled], [a].[LockoutEnd], [a].[NormalizedEmail], [a].[NormalizedUserName], [a].[PasswordHash], [a].[PhoneNumber], [a].[PhoneNumberConfirmed], [a].[SecurityStamp], [a].[TwoFactorEnabled], [a].[UserName]
FROM [AspNetUsers] AS [a]
WHERE [a].[Id] = @__p_0
[2023-03-15 12:51:31.843 +05:30  ERR]  User Update Error
[2023-03-15 12:51:31.844 +05:30  INF]  Executing BadRequestObjectResult, writing value of type 'Backend.Core.Common.ErrorHandlers.Results`1[[Backend.Core.Data.Entities.UserModel, Backend, Version=1.0.0.0, Culture=neutral, PublicKeyToken=null]]'.
[2023-03-15 12:51:31.844 +05:30  INF]  Executed action Backend.Controllers.AccountController.UpdateUser (Backend) in 33.6583ms
[2023-03-15 12:51:31.844 +05:30  INF]  Executed endpoint 'Backend.Controllers.AccountController.UpdateUser (Backend)'
[2023-03-15 12:51:31.844 +05:30  INF]  Request finished HTTP/1.1 PUT http://localhost:5238/api/Account/UpdateUser application/json 397 - 400 - application/json;+charset=utf-8 34.3989ms
[2023-03-15 12:51:37.223 +05:30  INF]  Request starting HTTP/1.1 PUT http://localhost:5238/api/Account/UpdateUser application/json 398
[2023-03-15 12:51:37.224 +05:30  INF]  Executing endpoint 'Backend.Controllers.AccountController.UpdateUser (Backend)'
[2023-03-15 12:51:37.224 +05:30  INF]  Route matched with {action = "UpdateUser", controller = "Account"}. Executing controller action with signature System.Threading.Tasks.Task`1[Microsoft.AspNetCore.Mvc.IActionResult] UpdateUser(Backend.Core.Data.Entities.UserModel) on controller Backend.Controllers.AccountController (Backend).
[2023-03-15 12:51:37.224 +05:30  INF]  Entity Framework Core 6.0.12 initialized 'ApplicationDbContext' using provider 'Microsoft.EntityFrameworkCore.SqlServer:6.0.12' with options: None
[2023-03-15 12:51:37.226 +05:30  INF]  Executed DbCommand (1ms) [Parameters=[@__p_0='?' (Size = 450)], CommandType='"Text"', CommandTimeout='30']
SELECT TOP(1) [a].[Id], [a].[AccessFailedCount], [a].[ConcurrencyStamp], [a].[Email], [a].[EmailConfirmed], [a].[LockoutEnabled], [a].[LockoutEnd], [a].[NormalizedEmail], [a].[NormalizedUserName], [a].[PasswordHash], [a].[PhoneNumber], [a].[PhoneNumberConfirmed], [a].[SecurityStamp], [a].[TwoFactorEnabled], [a].[UserName]
FROM [AspNetUsers] AS [a]
WHERE [a].[Id] = @__p_0
[2023-03-15 12:51:37.229 +05:30  INF]  Executed DbCommand (1ms) [Parameters=[@__normalizedUserName_0='?' (Size = 256)], CommandType='"Text"', CommandTimeout='30']
SELECT TOP(1) [a].[Id], [a].[AccessFailedCount], [a].[ConcurrencyStamp], [a].[Email], [a].[EmailConfirmed], [a].[LockoutEnabled], [a].[LockoutEnd], [a].[NormalizedEmail], [a].[NormalizedUserName], [a].[PasswordHash], [a].[PhoneNumber], [a].[PhoneNumberConfirmed], [a].[SecurityStamp], [a].[TwoFactorEnabled], [a].[UserName]
FROM [AspNetUsers] AS [a]
WHERE [a].[NormalizedUserName] = @__normalizedUserName_0
[2023-03-15 12:51:37.408 +05:30  INF]  Executed DbCommand (7ms) [Parameters=[@p14='?' (Size = 450), @p0='?' (DbType = Int32), @p1='?' (Size = 4000), @p15='?' (Size = 4000), @p2='?' (Size = 256), @p3='?' (DbType = Boolean), @p4='?' (DbType = Boolean), @p5='?' (DbType = DateTimeOffset), @p6='?' (Size = 256), @p7='?' (Size = 256), @p8='?' (Size = 4000), @p9='?' (Size = 4000), @p10='?' (DbType = Boolean), @p11='?' (Size = 4000), @p12='?' (DbType = Boolean), @p13='?' (Size = 256)], CommandType='"Text"', CommandTimeout='30']
SET NOCOUNT ON;
UPDATE [AspNetUsers] SET [AccessFailedCount] = @p0, [ConcurrencyStamp] = @p1, [Email] = @p2, [EmailConfirmed] = @p3, [LockoutEnabled] = @p4, [LockoutEnd] = @p5, [NormalizedEmail] = @p6, [NormalizedUserName] = @p7, [PasswordHash] = @p8, [PhoneNumber] = @p9, [PhoneNumberConfirmed] = @p10, [SecurityStamp] = @p11, [TwoFactorEnabled] = @p12, [UserName] = @p13
WHERE [Id] = @p14 AND [ConcurrencyStamp] = @p15;
SELECT @@ROWCOUNT;
[2023-03-15 12:51:37.530 +05:30  INF]  Executed DbCommand (4ms) [Parameters=[@p7='?' (Size = 450), @p0='?' (Size = 4000), @p1='?' (DbType = DateTime2), @p2='?' (DbType = DateTime2), @p3='?' (Size = 4000), @p4='?' (Size = 4000), @p5='?' (Size = 4000), @p6='?' (Size = 4000)], CommandType='"Text"', CommandTimeout='30']
SET NOCOUNT ON;
UPDATE [Users] SET [Address] = @p0, [DOB] = @p1, [DOJ] = @p2, [FirstName] = @p3, [Gender] = @p4, [Image] = @p5, [LastName] = @p6
WHERE [UserId] = @p7;
SELECT @@ROWCOUNT;
[2023-03-15 12:51:37.557 +05:30  INF]  Executed DbCommand (4ms) [Parameters=[@__model_UserId_0='?' (Size = 450)], CommandType='"Text"', CommandTimeout='30']
SELECT TOP(1) [u].[UserId], [u].[Address], [u].[DOB], [u].[DOJ], [u].[FirstName], [u].[Gender], [u].[Image], [u].[LastName], [a].[Id], [a].[AccessFailedCount], [a].[ConcurrencyStamp], [a].[Email], [a].[EmailConfirmed], [a].[LockoutEnabled], [a].[LockoutEnd], [a].[NormalizedEmail], [a].[NormalizedUserName], [a].[PasswordHash], [a].[PhoneNumber], [a].[PhoneNumberConfirmed], [a].[SecurityStamp], [a].[TwoFactorEnabled], [a].[UserName]
FROM [Users] AS [u]
INNER JOIN [AspNetUsers] AS [a] ON [u].[UserId] = [a].[Id]
WHERE [u].[UserId] = @__model_UserId_0
[2023-03-15 12:51:37.559 +05:30  INF]  Executing OkObjectResult, writing value of type 'Backend.Core.Common.ErrorHandlers.Results`1[[Backend.Core.Data.Entities.UserModel, Backend, Version=1.0.0.0, Culture=neutral, PublicKeyToken=null]]'.
[2023-03-15 12:51:37.560 +05:30  INF]  Executed action Backend.Controllers.AccountController.UpdateUser (Backend) in 335.9511ms
[2023-03-15 12:51:37.560 +05:30  INF]  Executed endpoint 'Backend.Controllers.AccountController.UpdateUser (Backend)'
[2023-03-15 12:51:37.560 +05:30  INF]  Request finished HTTP/1.1 PUT http://localhost:5238/api/Account/UpdateUser application/json 398 - 200 - application/json;+charset=utf-8 336.6332ms
[2023-03-15 12:51:41.088 +05:30  INF]  Request starting HTTP/1.1 POST http://localhost:5238/api/Account/ChangePassword application/json 159
[2023-03-15 12:51:41.088 +05:30  INF]  Executing endpoint 'Backend.Controllers.AccountController.ChangePassword (Backend)'
[2023-03-15 12:51:41.092 +05:30  INF]  Route matched with {action = "ChangePassword", controller = "Account"}. Executing controller action with signature System.Threading.Tasks.Task`1[Microsoft.AspNetCore.Mvc.IActionResult] ChangePassword(Backend.Core.ViewModels.ChangePasswordViewModel) on controller Backend.Controllers.AccountController (Backend).
[2023-03-15 12:51:41.096 +05:30  INF]  Entity Framework Core 6.0.12 initialized 'ApplicationDbContext' using provider 'Microsoft.EntityFrameworkCore.SqlServer:6.0.12' with options: None
[2023-03-15 12:51:41.099 +05:30  INF]  Executed DbCommand (2ms) [Parameters=[@__p_0='?' (Size = 450)], CommandType='"Text"', CommandTimeout='30']
SELECT TOP(1) [a].[Id], [a].[AccessFailedCount], [a].[ConcurrencyStamp], [a].[Email], [a].[EmailConfirmed], [a].[LockoutEnabled], [a].[LockoutEnd], [a].[NormalizedEmail], [a].[NormalizedUserName], [a].[PasswordHash], [a].[PhoneNumber], [a].[PhoneNumberConfirmed], [a].[SecurityStamp], [a].[TwoFactorEnabled], [a].[UserName]
FROM [AspNetUsers] AS [a]
WHERE [a].[Id] = @__p_0
[2023-03-15 12:51:41.103 +05:30  WRN]  Change password failed for user.
[2023-03-15 12:51:41.104 +05:30  ERR]  Change Password Error
[2023-03-15 12:51:41.104 +05:30  INF]  Executing BadRequestObjectResult, writing value of type 'Backend.Core.Common.ErrorHandlers.Results`1[[Microsoft.AspNetCore.Identity.IdentityResult, Microsoft.Extensions.Identity.Core, Version=6.0.0.0, Culture=neutral, PublicKeyToken=adb9793829ddae60]]'.
[2023-03-15 12:51:41.105 +05:30  INF]  Executed action Backend.Controllers.AccountController.ChangePassword (Backend) in 13.2802ms
[2023-03-15 12:51:41.106 +05:30  INF]  Executed endpoint 'Backend.Controllers.AccountController.ChangePassword (Backend)'
[2023-03-15 12:51:41.106 +05:30  INF]  Request finished HTTP/1.1 POST http://localhost:5238/api/Account/ChangePassword application/json 159 - 400 - application/json;+charset=utf-8 18.2621ms
[2023-03-15 12:52:01.251 +05:30  INF]  Request starting HTTP/1.1 POST http://localhost:5238/api/Account/ChangePassword application/json 159
[2023-03-15 12:52:01.251 +05:30  INF]  Executing endpoint 'Backend.Controllers.AccountController.ChangePassword (Backend)'
[2023-03-15 12:52:01.251 +05:30  INF]  Route matched with {action = "ChangePassword", controller = "Account"}. Executing controller action with signature System.Threading.Tasks.Task`1[Microsoft.AspNetCore.Mvc.IActionResult] ChangePassword(Backend.Core.ViewModels.ChangePasswordViewModel) on controller Backend.Controllers.AccountController (Backend).
[2023-03-15 12:52:01.252 +05:30  INF]  Entity Framework Core 6.0.12 initialized 'ApplicationDbContext' using provider 'Microsoft.EntityFrameworkCore.SqlServer:6.0.12' with options: None
[2023-03-15 12:52:01.255 +05:30  INF]  Executed DbCommand (2ms) [Parameters=[@__p_0='?' (Size = 450)], CommandType='"Text"', CommandTimeout='30']
SELECT TOP(1) [a].[Id], [a].[AccessFailedCount], [a].[ConcurrencyStamp], [a].[Email], [a].[EmailConfirmed], [a].[LockoutEnabled], [a].[LockoutEnd], [a].[NormalizedEmail], [a].[NormalizedUserName], [a].[PasswordHash], [a].[PhoneNumber], [a].[PhoneNumberConfirmed], [a].[SecurityStamp], [a].[TwoFactorEnabled], [a].[UserName]
FROM [AspNetUsers] AS [a]
WHERE [a].[Id] = @__p_0
[2023-03-15 12:52:01.257 +05:30  WRN]  Change password failed for user.
[2023-03-15 12:52:01.257 +05:30  ERR]  Change Password Error
[2023-03-15 12:52:01.257 +05:30  INF]  Executing BadRequestObjectResult, writing value of type 'Backend.Core.Common.ErrorHandlers.Results`1[[Microsoft.AspNetCore.Identity.IdentityResult, Microsoft.Extensions.Identity.Core, Version=6.0.0.0, Culture=neutral, PublicKeyToken=adb9793829ddae60]]'.
[2023-03-15 12:52:01.257 +05:30  INF]  Executed action Backend.Controllers.AccountController.ChangePassword (Backend) in 5.9792ms
[2023-03-15 12:52:01.257 +05:30  INF]  Executed endpoint 'Backend.Controllers.AccountController.ChangePassword (Backend)'
[2023-03-15 12:52:01.258 +05:30  INF]  Request finished HTTP/1.1 POST http://localhost:5238/api/Account/ChangePassword application/json 159 - 400 - application/json;+charset=utf-8 6.4373ms
[2023-03-15 12:52:15.814 +05:30  INF]  Request starting HTTP/1.1 POST http://localhost:5238/api/Account/ChangePassword application/json 159
[2023-03-15 12:52:15.814 +05:30  INF]  Executing endpoint 'Backend.Controllers.AccountController.ChangePassword (Backend)'
[2023-03-15 12:52:15.814 +05:30  INF]  Route matched with {action = "ChangePassword", controller = "Account"}. Executing controller action with signature System.Threading.Tasks.Task`1[Microsoft.AspNetCore.Mvc.IActionResult] ChangePassword(Backend.Core.ViewModels.ChangePasswordViewModel) on controller Backend.Controllers.AccountController (Backend).
[2023-03-15 12:52:20.675 +05:30  INF]  Entity Framework Core 6.0.12 initialized 'ApplicationDbContext' using provider 'Microsoft.EntityFrameworkCore.SqlServer:6.0.12' with options: None
[2023-03-15 12:52:20.678 +05:30  INF]  Executed DbCommand (1ms) [Parameters=[@__p_0='?' (Size = 450)], CommandType='"Text"', CommandTimeout='30']
SELECT TOP(1) [a].[Id], [a].[AccessFailedCount], [a].[ConcurrencyStamp], [a].[Email], [a].[EmailConfirmed], [a].[LockoutEnabled], [a].[LockoutEnd], [a].[NormalizedEmail], [a].[NormalizedUserName], [a].[PasswordHash], [a].[PhoneNumber], [a].[PhoneNumberConfirmed], [a].[SecurityStamp], [a].[TwoFactorEnabled], [a].[UserName]
FROM [AspNetUsers] AS [a]
WHERE [a].[Id] = @__p_0
[2023-03-15 12:52:31.350 +05:30  WRN]  Change password failed for user.
[2023-03-15 12:53:48.420 +05:30  INF]  User profile is available. Using 'C:\Users\jaseem.saheer\AppData\Local\ASP.NET\DataProtection-Keys' as key repository and Windows DPAPI to encrypt keys at rest.
[2023-03-15 12:53:48.594 +05:30  INF]  Now listening on: http://localhost:5238
[2023-03-15 12:53:48.596 +05:30  INF]  Application started. Press Ctrl+C to shut down.
[2023-03-15 12:53:48.596 +05:30  INF]  Hosting environment: Development
[2023-03-15 12:53:48.596 +05:30  INF]  Content root path: C:\Users\jaseem.saheer\Documents\Backend\Backend\
[2023-03-15 12:53:50.189 +05:30  INF]  Request starting HTTP/1.1 GET http://localhost:5238/swagger/index.html - -
[2023-03-15 12:53:50.606 +05:30  INF]  Request finished HTTP/1.1 GET http://localhost:5238/swagger/index.html - - - 200 - text/html;charset=utf-8 420.2489ms
[2023-03-15 12:53:50.640 +05:30  INF]  Request starting HTTP/1.1 GET http://localhost:5238/_framework/aspnetcore-browser-refresh.js - -
[2023-03-15 12:53:50.648 +05:30  INF]  Request finished HTTP/1.1 GET http://localhost:5238/_framework/aspnetcore-browser-refresh.js - - - 200 11984 application/javascript;+charset=utf-8 8.2836ms
[2023-03-15 12:53:50.681 +05:30  INF]  Request starting HTTP/1.1 GET http://localhost:5238/_vs/browserLink - -
[2023-03-15 12:53:50.733 +05:30  INF]  Request finished HTTP/1.1 GET http://localhost:5238/_vs/browserLink - - - 200 - text/javascript;+charset=UTF-8 52.9550ms
[2023-03-15 12:53:50.833 +05:30  INF]  Request starting HTTP/1.1 GET http://localhost:5238/swagger/v1/swagger.json - -
[2023-03-15 12:53:51.022 +05:30  INF]  Request finished HTTP/1.1 GET http://localhost:5238/swagger/v1/swagger.json - - - 200 - application/json;charset=utf-8 189.5996ms
[2023-03-15 12:53:52.979 +05:30  INF]  Request starting HTTP/1.1 POST http://localhost:5238/api/Account/ChangePassword application/json 159
[2023-03-15 12:53:52.995 +05:30  INF]  Executing endpoint 'Backend.Controllers.AccountController.ChangePassword (Backend)'
[2023-03-15 12:53:53.018 +05:30  INF]  Route matched with {action = "ChangePassword", controller = "Account"}. Executing controller action with signature System.Threading.Tasks.Task`1[Microsoft.AspNetCore.Mvc.IActionResult] ChangePassword(Backend.Core.ViewModels.ChangePasswordViewModel) on controller Backend.Controllers.AccountController (Backend).
[2023-03-15 12:53:59.835 +05:30  INF]  Entity Framework Core 6.0.12 initialized 'ApplicationDbContext' using provider 'Microsoft.EntityFrameworkCore.SqlServer:6.0.12' with options: None
[2023-03-15 12:54:01.098 +05:30  INF]  Executed DbCommand (130ms) [Parameters=[@__p_0='?' (Size = 450)], CommandType='"Text"', CommandTimeout='30']
SELECT TOP(1) [a].[Id], [a].[AccessFailedCount], [a].[ConcurrencyStamp], [a].[Email], [a].[EmailConfirmed], [a].[LockoutEnabled], [a].[LockoutEnd], [a].[NormalizedEmail], [a].[NormalizedUserName], [a].[PasswordHash], [a].[PhoneNumber], [a].[PhoneNumberConfirmed], [a].[SecurityStamp], [a].[TwoFactorEnabled], [a].[UserName]
FROM [AspNetUsers] AS [a]
WHERE [a].[Id] = @__p_0
[2023-03-15 12:54:01.298 +05:30  WRN]  Change password failed for user.
[2023-03-15 12:54:01.299 +05:30  ERR]  Change Password Error
[2023-03-15 12:54:01.315 +05:30  INF]  Executing BadRequestObjectResult, writing value of type 'Backend.Core.Common.ErrorHandlers.Results`1[[Microsoft.AspNetCore.Identity.IdentityResult, Microsoft.Extensions.Identity.Core, Version=6.0.0.0, Culture=neutral, PublicKeyToken=adb9793829ddae60]]'.
[2023-03-15 12:54:01.330 +05:30  INF]  Executed action Backend.Controllers.AccountController.ChangePassword (Backend) in 8305.6979ms
[2023-03-15 12:54:01.332 +05:30  INF]  Executed endpoint 'Backend.Controllers.AccountController.ChangePassword (Backend)'
[2023-03-15 12:54:01.345 +05:30  INF]  Request finished HTTP/1.1 POST http://localhost:5238/api/Account/ChangePassword application/json 159 - 400 - application/json;+charset=utf-8 8365.9189ms
[2023-03-15 12:54:10.546 +05:30  INF]  Request starting HTTP/1.1 POST http://localhost:5238/api/Account/ChangePassword application/json 160
[2023-03-15 12:54:10.548 +05:30  INF]  Executing endpoint 'Backend.Controllers.AccountController.ChangePassword (Backend)'
[2023-03-15 12:54:10.548 +05:30  INF]  Route matched with {action = "ChangePassword", controller = "Account"}. Executing controller action with signature System.Threading.Tasks.Task`1[Microsoft.AspNetCore.Mvc.IActionResult] ChangePassword(Backend.Core.ViewModels.ChangePasswordViewModel) on controller Backend.Controllers.AccountController (Backend).
[2023-03-15 12:54:10.590 +05:30  INF]  Entity Framework Core 6.0.12 initialized 'ApplicationDbContext' using provider 'Microsoft.EntityFrameworkCore.SqlServer:6.0.12' with options: None
[2023-03-15 12:54:10.605 +05:30  INF]  Executed DbCommand (6ms) [Parameters=[@__p_0='?' (Size = 450)], CommandType='"Text"', CommandTimeout='30']
SELECT TOP(1) [a].[Id], [a].[AccessFailedCount], [a].[ConcurrencyStamp], [a].[Email], [a].[EmailConfirmed], [a].[LockoutEnabled], [a].[LockoutEnd], [a].[NormalizedEmail], [a].[NormalizedUserName], [a].[PasswordHash], [a].[PhoneNumber], [a].[PhoneNumberConfirmed], [a].[SecurityStamp], [a].[TwoFactorEnabled], [a].[UserName]
FROM [AspNetUsers] AS [a]
WHERE [a].[Id] = @__p_0
[2023-03-15 12:54:10.651 +05:30  INF]  Executed DbCommand (2ms) [Parameters=[@__normalizedUserName_0='?' (Size = 256)], CommandType='"Text"', CommandTimeout='30']
SELECT TOP(1) [a].[Id], [a].[AccessFailedCount], [a].[ConcurrencyStamp], [a].[Email], [a].[EmailConfirmed], [a].[LockoutEnabled], [a].[LockoutEnd], [a].[NormalizedEmail], [a].[NormalizedUserName], [a].[PasswordHash], [a].[PhoneNumber], [a].[PhoneNumberConfirmed], [a].[SecurityStamp], [a].[TwoFactorEnabled], [a].[UserName]
FROM [AspNetUsers] AS [a]
WHERE [a].[NormalizedUserName] = @__normalizedUserName_0
[2023-03-15 12:54:10.863 +05:30  INF]  Executed DbCommand (4ms) [Parameters=[@p14='?' (Size = 450), @p0='?' (DbType = Int32), @p1='?' (Size = 4000), @p15='?' (Size = 4000), @p2='?' (Size = 256), @p3='?' (DbType = Boolean), @p4='?' (DbType = Boolean), @p5='?' (DbType = DateTimeOffset), @p6='?' (Size = 256), @p7='?' (Size = 256), @p8='?' (Size = 4000), @p9='?' (Size = 4000), @p10='?' (DbType = Boolean), @p11='?' (Size = 4000), @p12='?' (DbType = Boolean), @p13='?' (Size = 256)], CommandType='"Text"', CommandTimeout='30']
SET NOCOUNT ON;
UPDATE [AspNetUsers] SET [AccessFailedCount] = @p0, [ConcurrencyStamp] = @p1, [Email] = @p2, [EmailConfirmed] = @p3, [LockoutEnabled] = @p4, [LockoutEnd] = @p5, [NormalizedEmail] = @p6, [NormalizedUserName] = @p7, [PasswordHash] = @p8, [PhoneNumber] = @p9, [PhoneNumberConfirmed] = @p10, [SecurityStamp] = @p11, [TwoFactorEnabled] = @p12, [UserName] = @p13
WHERE [Id] = @p14 AND [ConcurrencyStamp] = @p15;
SELECT @@ROWCOUNT;
[2023-03-15 12:54:10.919 +05:30  INF]  Executing OkObjectResult, writing value of type 'Backend.Core.Common.ErrorHandlers.Results`1[[Microsoft.AspNetCore.Identity.IdentityResult, Microsoft.Extensions.Identity.Core, Version=6.0.0.0, Culture=neutral, PublicKeyToken=adb9793829ddae60]]'.
[2023-03-15 12:54:10.921 +05:30  INF]  Executed action Backend.Controllers.AccountController.ChangePassword (Backend) in 372.1864ms
[2023-03-15 12:54:10.921 +05:30  INF]  Executed endpoint 'Backend.Controllers.AccountController.ChangePassword (Backend)'
[2023-03-15 12:54:10.921 +05:30  INF]  Request finished HTTP/1.1 POST http://localhost:5238/api/Account/ChangePassword application/json 160 - 200 - application/json;+charset=utf-8 374.8411ms
[2023-03-15 12:54:15.602 +05:30  INF]  Request starting HTTP/1.1 POST http://localhost:5238/api/Account/ChangePassword application/json 160
[2023-03-15 12:54:15.607 +05:30  INF]  Executing endpoint 'Backend.Controllers.AccountController.ChangePassword (Backend)'
[2023-03-15 12:54:15.607 +05:30  INF]  Route matched with {action = "ChangePassword", controller = "Account"}. Executing controller action with signature System.Threading.Tasks.Task`1[Microsoft.AspNetCore.Mvc.IActionResult] ChangePassword(Backend.Core.ViewModels.ChangePasswordViewModel) on controller Backend.Controllers.AccountController (Backend).
[2023-03-15 12:54:15.633 +05:30  INF]  Entity Framework Core 6.0.12 initialized 'ApplicationDbContext' using provider 'Microsoft.EntityFrameworkCore.SqlServer:6.0.12' with options: None
[2023-03-15 12:54:15.637 +05:30  INF]  Executed DbCommand (2ms) [Parameters=[@__p_0='?' (Size = 450)], CommandType='"Text"', CommandTimeout='30']
SELECT TOP(1) [a].[Id], [a].[AccessFailedCount], [a].[ConcurrencyStamp], [a].[Email], [a].[EmailConfirmed], [a].[LockoutEnabled], [a].[LockoutEnd], [a].[NormalizedEmail], [a].[NormalizedUserName], [a].[PasswordHash], [a].[PhoneNumber], [a].[PhoneNumberConfirmed], [a].[SecurityStamp], [a].[TwoFactorEnabled], [a].[UserName]
FROM [AspNetUsers] AS [a]
WHERE [a].[Id] = @__p_0
[2023-03-15 12:54:15.647 +05:30  INF]  Executed DbCommand (1ms) [Parameters=[@__normalizedUserName_0='?' (Size = 256)], CommandType='"Text"', CommandTimeout='30']
SELECT TOP(1) [a].[Id], [a].[AccessFailedCount], [a].[ConcurrencyStamp], [a].[Email], [a].[EmailConfirmed], [a].[LockoutEnabled], [a].[LockoutEnd], [a].[NormalizedEmail], [a].[NormalizedUserName], [a].[PasswordHash], [a].[PhoneNumber], [a].[PhoneNumberConfirmed], [a].[SecurityStamp], [a].[TwoFactorEnabled], [a].[UserName]
FROM [AspNetUsers] AS [a]
WHERE [a].[NormalizedUserName] = @__normalizedUserName_0
[2023-03-15 12:54:15.649 +05:30  INF]  Executed DbCommand (1ms) [Parameters=[@p14='?' (Size = 450), @p0='?' (DbType = Int32), @p1='?' (Size = 4000), @p15='?' (Size = 4000), @p2='?' (Size = 256), @p3='?' (DbType = Boolean), @p4='?' (DbType = Boolean), @p5='?' (DbType = DateTimeOffset), @p6='?' (Size = 256), @p7='?' (Size = 256), @p8='?' (Size = 4000), @p9='?' (Size = 4000), @p10='?' (DbType = Boolean), @p11='?' (Size = 4000), @p12='?' (DbType = Boolean), @p13='?' (Size = 256)], CommandType='"Text"', CommandTimeout='30']
SET NOCOUNT ON;
UPDATE [AspNetUsers] SET [AccessFailedCount] = @p0, [ConcurrencyStamp] = @p1, [Email] = @p2, [EmailConfirmed] = @p3, [LockoutEnabled] = @p4, [LockoutEnd] = @p5, [NormalizedEmail] = @p6, [NormalizedUserName] = @p7, [PasswordHash] = @p8, [PhoneNumber] = @p9, [PhoneNumberConfirmed] = @p10, [SecurityStamp] = @p11, [TwoFactorEnabled] = @p12, [UserName] = @p13
WHERE [Id] = @p14 AND [ConcurrencyStamp] = @p15;
SELECT @@ROWCOUNT;
[2023-03-15 12:54:15.649 +05:30  INF]  Executing OkObjectResult, writing value of type 'Backend.Core.Common.ErrorHandlers.Results`1[[Microsoft.AspNetCore.Identity.IdentityResult, Microsoft.Extensions.Identity.Core, Version=6.0.0.0, Culture=neutral, PublicKeyToken=adb9793829ddae60]]'.
[2023-03-15 12:54:15.650 +05:30  INF]  Executed action Backend.Controllers.AccountController.ChangePassword (Backend) in 42.0409ms
[2023-03-15 12:54:15.650 +05:30  INF]  Executed endpoint 'Backend.Controllers.AccountController.ChangePassword (Backend)'
[2023-03-15 12:54:15.650 +05:30  INF]  Request finished HTTP/1.1 POST http://localhost:5238/api/Account/ChangePassword application/json 160 - 200 - application/json;+charset=utf-8 48.0388ms
[2023-03-15 12:54:21.486 +05:30  INF]  Request starting HTTP/1.1 POST http://localhost:5238/api/Account/ChangePassword application/json 159
[2023-03-15 12:54:21.486 +05:30  INF]  Executing endpoint 'Backend.Controllers.AccountController.ChangePassword (Backend)'
[2023-03-15 12:54:21.486 +05:30  INF]  Route matched with {action = "ChangePassword", controller = "Account"}. Executing controller action with signature System.Threading.Tasks.Task`1[Microsoft.AspNetCore.Mvc.IActionResult] ChangePassword(Backend.Core.ViewModels.ChangePasswordViewModel) on controller Backend.Controllers.AccountController (Backend).
[2023-03-15 12:54:21.489 +05:30  INF]  Executing BadRequestObjectResult, writing value of type 'Microsoft.AspNetCore.Mvc.ValidationProblemDetails'.
[2023-03-15 12:54:21.490 +05:30  INF]  Executed action Backend.Controllers.AccountController.ChangePassword (Backend) in 3.7071ms
[2023-03-15 12:54:21.490 +05:30  INF]  Executed endpoint 'Backend.Controllers.AccountController.ChangePassword (Backend)'
[2023-03-15 12:54:21.490 +05:30  INF]  Request finished HTTP/1.1 POST http://localhost:5238/api/Account/ChangePassword application/json 159 - 400 - application/problem+json;+charset=utf-8 4.2245ms
[2023-03-15 12:54:28.162 +05:30  INF]  Request starting HTTP/1.1 POST http://localhost:5238/api/Account/ChangePassword application/json 158
[2023-03-15 12:54:28.162 +05:30  INF]  Executing endpoint 'Backend.Controllers.AccountController.ChangePassword (Backend)'
[2023-03-15 12:54:28.162 +05:30  INF]  Route matched with {action = "ChangePassword", controller = "Account"}. Executing controller action with signature System.Threading.Tasks.Task`1[Microsoft.AspNetCore.Mvc.IActionResult] ChangePassword(Backend.Core.ViewModels.ChangePasswordViewModel) on controller Backend.Controllers.AccountController (Backend).
[2023-03-15 12:54:28.163 +05:30  INF]  Entity Framework Core 6.0.12 initialized 'ApplicationDbContext' using provider 'Microsoft.EntityFrameworkCore.SqlServer:6.0.12' with options: None
[2023-03-15 12:54:28.165 +05:30  INF]  Executed DbCommand (1ms) [Parameters=[@__p_0='?' (Size = 450)], CommandType='"Text"', CommandTimeout='30']
SELECT TOP(1) [a].[Id], [a].[AccessFailedCount], [a].[ConcurrencyStamp], [a].[Email], [a].[EmailConfirmed], [a].[LockoutEnabled], [a].[LockoutEnd], [a].[NormalizedEmail], [a].[NormalizedUserName], [a].[PasswordHash], [a].[PhoneNumber], [a].[PhoneNumberConfirmed], [a].[SecurityStamp], [a].[TwoFactorEnabled], [a].[UserName]
FROM [AspNetUsers] AS [a]
WHERE [a].[Id] = @__p_0
[2023-03-15 12:54:28.172 +05:30  INF]  Executed DbCommand (1ms) [Parameters=[@__normalizedUserName_0='?' (Size = 256)], CommandType='"Text"', CommandTimeout='30']
SELECT TOP(1) [a].[Id], [a].[AccessFailedCount], [a].[ConcurrencyStamp], [a].[Email], [a].[EmailConfirmed], [a].[LockoutEnabled], [a].[LockoutEnd], [a].[NormalizedEmail], [a].[NormalizedUserName], [a].[PasswordHash], [a].[PhoneNumber], [a].[PhoneNumberConfirmed], [a].[SecurityStamp], [a].[TwoFactorEnabled], [a].[UserName]
FROM [AspNetUsers] AS [a]
WHERE [a].[NormalizedUserName] = @__normalizedUserName_0
[2023-03-15 12:54:28.174 +05:30  INF]  Executed DbCommand (1ms) [Parameters=[@p14='?' (Size = 450), @p0='?' (DbType = Int32), @p1='?' (Size = 4000), @p15='?' (Size = 4000), @p2='?' (Size = 256), @p3='?' (DbType = Boolean), @p4='?' (DbType = Boolean), @p5='?' (DbType = DateTimeOffset), @p6='?' (Size = 256), @p7='?' (Size = 256), @p8='?' (Size = 4000), @p9='?' (Size = 4000), @p10='?' (DbType = Boolean), @p11='?' (Size = 4000), @p12='?' (DbType = Boolean), @p13='?' (Size = 256)], CommandType='"Text"', CommandTimeout='30']
SET NOCOUNT ON;
UPDATE [AspNetUsers] SET [AccessFailedCount] = @p0, [ConcurrencyStamp] = @p1, [Email] = @p2, [EmailConfirmed] = @p3, [LockoutEnabled] = @p4, [LockoutEnd] = @p5, [NormalizedEmail] = @p6, [NormalizedUserName] = @p7, [PasswordHash] = @p8, [PhoneNumber] = @p9, [PhoneNumberConfirmed] = @p10, [SecurityStamp] = @p11, [TwoFactorEnabled] = @p12, [UserName] = @p13
WHERE [Id] = @p14 AND [ConcurrencyStamp] = @p15;
SELECT @@ROWCOUNT;
[2023-03-15 12:54:28.175 +05:30  INF]  Executing OkObjectResult, writing value of type 'Backend.Core.Common.ErrorHandlers.Results`1[[Microsoft.AspNetCore.Identity.IdentityResult, Microsoft.Extensions.Identity.Core, Version=6.0.0.0, Culture=neutral, PublicKeyToken=adb9793829ddae60]]'.
[2023-03-15 12:54:28.175 +05:30  INF]  Executed action Backend.Controllers.AccountController.ChangePassword (Backend) in 12.1242ms
[2023-03-15 12:54:28.175 +05:30  INF]  Executed endpoint 'Backend.Controllers.AccountController.ChangePassword (Backend)'
[2023-03-15 12:54:28.175 +05:30  INF]  Request finished HTTP/1.1 POST http://localhost:5238/api/Account/ChangePassword application/json 158 - 200 - application/json;+charset=utf-8 12.7107ms
[2023-03-15 12:54:29.214 +05:30  INF]  Request starting HTTP/1.1 POST http://localhost:5238/api/Account/ChangePassword application/json 158
[2023-03-15 12:54:29.214 +05:30  INF]  Executing endpoint 'Backend.Controllers.AccountController.ChangePassword (Backend)'
[2023-03-15 12:54:29.214 +05:30  INF]  Route matched with {action = "ChangePassword", controller = "Account"}. Executing controller action with signature System.Threading.Tasks.Task`1[Microsoft.AspNetCore.Mvc.IActionResult] ChangePassword(Backend.Core.ViewModels.ChangePasswordViewModel) on controller Backend.Controllers.AccountController (Backend).
[2023-03-15 12:54:29.215 +05:30  INF]  Entity Framework Core 6.0.12 initialized 'ApplicationDbContext' using provider 'Microsoft.EntityFrameworkCore.SqlServer:6.0.12' with options: None
[2023-03-15 12:54:29.219 +05:30  INF]  Executed DbCommand (2ms) [Parameters=[@__p_0='?' (Size = 450)], CommandType='"Text"', CommandTimeout='30']
SELECT TOP(1) [a].[Id], [a].[AccessFailedCount], [a].[ConcurrencyStamp], [a].[Email], [a].[EmailConfirmed], [a].[LockoutEnabled], [a].[LockoutEnd], [a].[NormalizedEmail], [a].[NormalizedUserName], [a].[PasswordHash], [a].[PhoneNumber], [a].[PhoneNumberConfirmed], [a].[SecurityStamp], [a].[TwoFactorEnabled], [a].[UserName]
FROM [AspNetUsers] AS [a]
WHERE [a].[Id] = @__p_0
[2023-03-15 12:54:29.221 +05:30  WRN]  Change password failed for user.
[2023-03-15 12:54:29.221 +05:30  ERR]  Change Password Error
[2023-03-15 12:54:29.221 +05:30  INF]  Executing BadRequestObjectResult, writing value of type 'Backend.Core.Common.ErrorHandlers.Results`1[[Microsoft.AspNetCore.Identity.IdentityResult, Microsoft.Extensions.Identity.Core, Version=6.0.0.0, Culture=neutral, PublicKeyToken=adb9793829ddae60]]'.
[2023-03-15 12:54:29.221 +05:30  INF]  Executed action Backend.Controllers.AccountController.ChangePassword (Backend) in 6.6424ms
[2023-03-15 12:54:29.221 +05:30  INF]  Executed endpoint 'Backend.Controllers.AccountController.ChangePassword (Backend)'
[2023-03-15 12:54:29.221 +05:30  INF]  Request finished HTTP/1.1 POST http://localhost:5238/api/Account/ChangePassword application/json 158 - 400 - application/json;+charset=utf-8 7.2860ms
[2023-03-15 12:54:38.986 +05:30  INF]  Request starting HTTP/1.1 POST http://localhost:5238/api/Account/ChangePassword application/json 158
[2023-03-15 12:54:38.987 +05:30  INF]  Executing endpoint 'Backend.Controllers.AccountController.ChangePassword (Backend)'
[2023-03-15 12:54:38.987 +05:30  INF]  Route matched with {action = "ChangePassword", controller = "Account"}. Executing controller action with signature System.Threading.Tasks.Task`1[Microsoft.AspNetCore.Mvc.IActionResult] ChangePassword(Backend.Core.ViewModels.ChangePasswordViewModel) on controller Backend.Controllers.AccountController (Backend).
[2023-03-15 12:54:38.989 +05:30  INF]  Entity Framework Core 6.0.12 initialized 'ApplicationDbContext' using provider 'Microsoft.EntityFrameworkCore.SqlServer:6.0.12' with options: None
[2023-03-15 12:54:38.993 +05:30  INF]  Executed DbCommand (2ms) [Parameters=[@__p_0='?' (Size = 450)], CommandType='"Text"', CommandTimeout='30']
SELECT TOP(1) [a].[Id], [a].[AccessFailedCount], [a].[ConcurrencyStamp], [a].[Email], [a].[EmailConfirmed], [a].[LockoutEnabled], [a].[LockoutEnd], [a].[NormalizedEmail], [a].[NormalizedUserName], [a].[PasswordHash], [a].[PhoneNumber], [a].[PhoneNumberConfirmed], [a].[SecurityStamp], [a].[TwoFactorEnabled], [a].[UserName]
FROM [AspNetUsers] AS [a]
WHERE [a].[Id] = @__p_0
[2023-03-15 12:54:38.995 +05:30  WRN]  Change password failed for user.
[2023-03-15 12:54:38.996 +05:30  ERR]  Change Password Error
[2023-03-15 12:54:38.996 +05:30  INF]  Executing BadRequestObjectResult, writing value of type 'Backend.Core.Common.ErrorHandlers.Results`1[[Microsoft.AspNetCore.Identity.IdentityResult, Microsoft.Extensions.Identity.Core, Version=6.0.0.0, Culture=neutral, PublicKeyToken=adb9793829ddae60]]'.
[2023-03-15 12:54:38.996 +05:30  INF]  Executed action Backend.Controllers.AccountController.ChangePassword (Backend) in 8.4483ms
[2023-03-15 12:54:38.996 +05:30  INF]  Executed endpoint 'Backend.Controllers.AccountController.ChangePassword (Backend)'
[2023-03-15 12:54:38.996 +05:30  INF]  Request finished HTTP/1.1 POST http://localhost:5238/api/Account/ChangePassword application/json 158 - 400 - application/json;+charset=utf-8 9.8685ms
[2023-03-15 12:55:23.064 +05:30  INF]  Request starting HTTP/1.1 POST http://localhost:5238/api/Account/ChangePassword application/json 158
[2023-03-15 12:55:23.064 +05:30  INF]  Executing endpoint 'Backend.Controllers.AccountController.ChangePassword (Backend)'
[2023-03-15 12:55:23.064 +05:30  INF]  Route matched with {action = "ChangePassword", controller = "Account"}. Executing controller action with signature System.Threading.Tasks.Task`1[Microsoft.AspNetCore.Mvc.IActionResult] ChangePassword(Backend.Core.ViewModels.ChangePasswordViewModel) on controller Backend.Controllers.AccountController (Backend).
[2023-03-15 12:55:23.065 +05:30  INF]  Entity Framework Core 6.0.12 initialized 'ApplicationDbContext' using provider 'Microsoft.EntityFrameworkCore.SqlServer:6.0.12' with options: None
[2023-03-15 12:55:23.067 +05:30  INF]  Executed DbCommand (2ms) [Parameters=[@__p_0='?' (Size = 450)], CommandType='"Text"', CommandTimeout='30']
SELECT TOP(1) [a].[Id], [a].[AccessFailedCount], [a].[ConcurrencyStamp], [a].[Email], [a].[EmailConfirmed], [a].[LockoutEnabled], [a].[LockoutEnd], [a].[NormalizedEmail], [a].[NormalizedUserName], [a].[PasswordHash], [a].[PhoneNumber], [a].[PhoneNumberConfirmed], [a].[SecurityStamp], [a].[TwoFactorEnabled], [a].[UserName]
FROM [AspNetUsers] AS [a]
WHERE [a].[Id] = @__p_0
[2023-03-15 12:55:23.070 +05:30  WRN]  Change password failed for user.
[2023-03-15 12:55:23.070 +05:30  ERR]  Change Password Error
[2023-03-15 12:55:23.070 +05:30  INF]  Executing BadRequestObjectResult, writing value of type 'Backend.Core.Common.ErrorHandlers.Results`1[[Microsoft.AspNetCore.Identity.IdentityResult, Microsoft.Extensions.Identity.Core, Version=6.0.0.0, Culture=neutral, PublicKeyToken=adb9793829ddae60]]'.
[2023-03-15 12:55:23.070 +05:30  INF]  Executed action Backend.Controllers.AccountController.ChangePassword (Backend) in 5.594ms
[2023-03-15 12:55:23.070 +05:30  INF]  Executed endpoint 'Backend.Controllers.AccountController.ChangePassword (Backend)'
[2023-03-15 12:55:23.070 +05:30  INF]  Request finished HTTP/1.1 POST http://localhost:5238/api/Account/ChangePassword application/json 158 - 400 - application/json;+charset=utf-8 6.0179ms
[2023-03-15 13:07:22.355 +05:30  INF]  User profile is available. Using 'C:\Users\jaseem.saheer\AppData\Local\ASP.NET\DataProtection-Keys' as key repository and Windows DPAPI to encrypt keys at rest.
[2023-03-15 13:07:22.526 +05:30  INF]  Now listening on: http://localhost:5238
[2023-03-15 13:07:22.528 +05:30  INF]  Application started. Press Ctrl+C to shut down.
[2023-03-15 13:07:22.528 +05:30  INF]  Hosting environment: Development
[2023-03-15 13:07:22.528 +05:30  INF]  Content root path: C:\Users\jaseem.saheer\Documents\Backend\Backend\
[2023-03-15 13:07:24.019 +05:30  INF]  Request starting HTTP/1.1 GET http://localhost:5238/swagger/index.html - -
[2023-03-15 13:07:24.418 +05:30  INF]  Request finished HTTP/1.1 GET http://localhost:5238/swagger/index.html - - - 200 - text/html;charset=utf-8 404.6505ms
[2023-03-15 13:07:24.450 +05:30  INF]  Request starting HTTP/1.1 GET http://localhost:5238/_framework/aspnetcore-browser-refresh.js - -
[2023-03-15 13:07:24.456 +05:30  INF]  Request finished HTTP/1.1 GET http://localhost:5238/_framework/aspnetcore-browser-refresh.js - - - 200 11984 application/javascript;+charset=utf-8 6.2367ms
[2023-03-15 13:07:24.491 +05:30  INF]  Request starting HTTP/1.1 GET http://localhost:5238/_vs/browserLink - -
[2023-03-15 13:07:24.535 +05:30  INF]  Request finished HTTP/1.1 GET http://localhost:5238/_vs/browserLink - - - 200 - text/javascript;+charset=UTF-8 44.6459ms
[2023-03-15 13:07:24.628 +05:30  INF]  Request starting HTTP/1.1 GET http://localhost:5238/swagger/v1/swagger.json - -
[2023-03-15 13:07:24.808 +05:30  INF]  Request finished HTTP/1.1 GET http://localhost:5238/swagger/v1/swagger.json - - - 200 - application/json;charset=utf-8 180.1183ms
[2023-03-15 13:08:53.932 +05:30  INF]  Request starting HTTP/1.1 POST http://localhost:5238/api/Token application/json 55
[2023-03-15 13:08:54.108 +05:30  INF]  Executing endpoint 'Backend.Controllers.TokenController.Post (Backend)'
[2023-03-15 13:08:54.135 +05:30  INF]  Route matched with {action = "Post", controller = "Token"}. Executing controller action with signature System.Threading.Tasks.Task`1[Microsoft.AspNetCore.Mvc.IActionResult] Post(Backend.Core.ViewModels.LoginViewModel) on controller Backend.Controllers.TokenController (Backend).
[2023-03-15 13:08:54.142 +05:30  INF]  Executed action Backend.Controllers.TokenController.Post (Backend) in 2.5007ms
[2023-03-15 13:08:54.145 +05:30  INF]  Executed endpoint 'Backend.Controllers.TokenController.Post (Backend)'
[2023-03-15 13:08:54.149 +05:30  ERR]  An unhandled exception has occurred while executing the request.
System.InvalidOperationException: Unable to resolve service for type 'Backend.Core.RepositoryInterface.IUserRepository' while attempting to activate 'Backend.Controllers.TokenController'.
   at Microsoft.Extensions.DependencyInjection.ActivatorUtilities.GetService(IServiceProvider sp, Type type, Type requiredBy, Boolean isDefaultParameterRequired)
   at lambda_method9(Closure , IServiceProvider , Object[] )
   at Microsoft.AspNetCore.Mvc.Controllers.ControllerActivatorProvider.<>c__DisplayClass7_0.<CreateActivator>b__0(ControllerContext controllerContext)
   at Microsoft.AspNetCore.Mvc.Controllers.ControllerFactoryProvider.<>c__DisplayClass6_0.<CreateControllerFactory>g__CreateController|0(ControllerContext controllerContext)
   at Microsoft.AspNetCore.Mvc.Infrastructure.ControllerActionInvoker.Next(State& next, Scope& scope, Object& state, Boolean& isCompleted)
   at Microsoft.AspNetCore.Mvc.Infrastructure.ControllerActionInvoker.InvokeInnerFilterAsync()
--- End of stack trace from previous location ---
   at Microsoft.AspNetCore.Mvc.Infrastructure.ResourceInvoker.<InvokeFilterPipelineAsync>g__Awaited|20_0(ResourceInvoker invoker, Task lastTask, State next, Scope scope, Object state, Boolean isCompleted)
   at Microsoft.AspNetCore.Mvc.Infrastructure.ResourceInvoker.<InvokeAsync>g__Logged|17_1(ResourceInvoker invoker)
   at Microsoft.AspNetCore.Mvc.Infrastructure.ResourceInvoker.<InvokeAsync>g__Logged|17_1(ResourceInvoker invoker)
   at Microsoft.AspNetCore.Routing.EndpointMiddleware.<Invoke>g__AwaitRequestTask|6_0(Endpoint endpoint, Task requestTask, ILogger logger)
   at Microsoft.AspNetCore.Authorization.AuthorizationMiddleware.Invoke(HttpContext context)
   at Microsoft.AspNetCore.Authentication.AuthenticationMiddleware.Invoke(HttpContext context)
   at Swashbuckle.AspNetCore.SwaggerUI.SwaggerUIMiddleware.Invoke(HttpContext httpContext)
   at Swashbuckle.AspNetCore.Swagger.SwaggerMiddleware.Invoke(HttpContext httpContext, ISwaggerProvider swaggerProvider)
   at Microsoft.AspNetCore.Diagnostics.DeveloperExceptionPageMiddleware.Invoke(HttpContext context)
[2023-03-15 13:08:54.232 +05:30  INF]  Request finished HTTP/1.1 POST http://localhost:5238/api/Token application/json 55 - 500 - text/plain;+charset=utf-8 302.0800ms
[2023-03-15 13:09:43.166 +05:30  INF]  User profile is available. Using 'C:\Users\jaseem.saheer\AppData\Local\ASP.NET\DataProtection-Keys' as key repository and Windows DPAPI to encrypt keys at rest.
[2023-03-15 13:09:43.337 +05:30  INF]  Now listening on: http://localhost:5238
[2023-03-15 13:09:43.340 +05:30  INF]  Application started. Press Ctrl+C to shut down.
[2023-03-15 13:09:43.340 +05:30  INF]  Hosting environment: Development
[2023-03-15 13:09:43.340 +05:30  INF]  Content root path: C:\Users\jaseem.saheer\Documents\Backend\Backend\
[2023-03-15 13:09:44.462 +05:30  INF]  Request starting HTTP/1.1 GET http://localhost:5238/swagger/index.html - -
[2023-03-15 13:09:44.961 +05:30  INF]  Request finished HTTP/1.1 GET http://localhost:5238/swagger/index.html - - - 200 - text/html;charset=utf-8 505.8057ms
[2023-03-15 13:09:44.992 +05:30  INF]  Request starting HTTP/1.1 GET http://localhost:5238/_framework/aspnetcore-browser-refresh.js - -
[2023-03-15 13:09:45.001 +05:30  INF]  Request finished HTTP/1.1 GET http://localhost:5238/_framework/aspnetcore-browser-refresh.js - - - 200 11984 application/javascript;+charset=utf-8 8.7338ms
[2023-03-15 13:09:45.037 +05:30  INF]  Request starting HTTP/1.1 GET http://localhost:5238/_vs/browserLink - -
[2023-03-15 13:09:45.080 +05:30  INF]  Request finished HTTP/1.1 GET http://localhost:5238/_vs/browserLink - - - 200 - text/javascript;+charset=UTF-8 43.2733ms
[2023-03-15 13:09:45.164 +05:30  INF]  Request starting HTTP/1.1 GET http://localhost:5238/swagger/v1/swagger.json - -
[2023-03-15 13:09:45.328 +05:30  INF]  Request finished HTTP/1.1 GET http://localhost:5238/swagger/v1/swagger.json - - - 200 - application/json;charset=utf-8 163.7304ms
[2023-03-15 13:10:41.656 +05:30  INF]  Request starting HTTP/1.1 POST http://localhost:5238/api/Token application/json 55
[2023-03-15 13:10:41.816 +05:30  INF]  Executing endpoint 'Backend.Controllers.TokenController.Post (Backend)'
[2023-03-15 13:10:41.861 +05:30  INF]  Route matched with {action = "Post", controller = "Token"}. Executing controller action with signature System.Threading.Tasks.Task`1[Microsoft.AspNetCore.Mvc.IActionResult] Post(Backend.Core.ViewModels.LoginViewModel) on controller Backend.Controllers.TokenController (Backend).
[2023-03-15 13:10:41.909 +05:30  INF]  Executing BadRequestObjectResult, writing value of type 'System.String'.
[2023-03-15 13:10:41.918 +05:30  INF]  Executed action Backend.Controllers.TokenController.Post (Backend) in 48.228ms
[2023-03-15 13:10:41.921 +05:30  INF]  Executed endpoint 'Backend.Controllers.TokenController.Post (Backend)'
[2023-03-15 13:10:41.921 +05:30  INF]  Request finished HTTP/1.1 POST http://localhost:5238/api/Token application/json 55 - 400 - text/plain;+charset=utf-8 264.7293ms
[2023-03-15 13:10:51.760 +05:30  INF]  Request starting HTTP/1.1 POST http://localhost:5238/api/Account/Login application/json 55
[2023-03-15 13:10:51.766 +05:30  INF]  Executing endpoint 'Backend.Controllers.AccountController.Login (Backend)'
[2023-03-15 13:10:51.772 +05:30  INF]  Route matched with {action = "Login", controller = "Account"}. Executing controller action with signature System.Threading.Tasks.Task`1[Microsoft.AspNetCore.Mvc.IActionResult] Login(Backend.Core.ViewModels.LoginViewModel) on controller Backend.Controllers.AccountController (Backend).
[2023-03-15 13:10:53.640 +05:30  INF]  Entity Framework Core 6.0.12 initialized 'ApplicationDbContext' using provider 'Microsoft.EntityFrameworkCore.SqlServer:6.0.12' with options: None
[2023-03-15 13:10:55.023 +05:30  INF]  Executed DbCommand (124ms) [Parameters=[@__normalizedUserName_0='?' (Size = 256)], CommandType='"Text"', CommandTimeout='30']
SELECT TOP(1) [a].[Id], [a].[AccessFailedCount], [a].[ConcurrencyStamp], [a].[Email], [a].[EmailConfirmed], [a].[LockoutEnabled], [a].[LockoutEnd], [a].[NormalizedEmail], [a].[NormalizedUserName], [a].[PasswordHash], [a].[PhoneNumber], [a].[PhoneNumberConfirmed], [a].[SecurityStamp], [a].[TwoFactorEnabled], [a].[UserName]
FROM [AspNetUsers] AS [a]
WHERE [a].[NormalizedUserName] = @__normalizedUserName_0
[2023-03-15 13:10:55.241 +05:30  INF]  Executing OkObjectResult, writing value of type 'Backend.Core.Common.ErrorHandlers.Results`1[[Microsoft.AspNetCore.Identity.IdentityUser, Microsoft.Extensions.Identity.Stores, Version=6.0.0.0, Culture=neutral, PublicKeyToken=adb9793829ddae60]]'.
[2023-03-15 13:10:55.258 +05:30  INF]  Executed action Backend.Controllers.AccountController.Login (Backend) in 3486.4449ms
[2023-03-15 13:10:55.259 +05:30  INF]  Executed endpoint 'Backend.Controllers.AccountController.Login (Backend)'
[2023-03-15 13:10:55.274 +05:30  INF]  Request finished HTTP/1.1 POST http://localhost:5238/api/Account/Login application/json 55 - 200 - application/json;+charset=utf-8 3514.0467ms
[2023-03-15 13:11:00.927 +05:30  INF]  Request starting HTTP/1.1 POST http://localhost:5238/api/Token application/json 55
[2023-03-15 13:11:00.929 +05:30  INF]  Executing endpoint 'Backend.Controllers.TokenController.Post (Backend)'
[2023-03-15 13:11:00.930 +05:30  INF]  Route matched with {action = "Post", controller = "Token"}. Executing controller action with signature System.Threading.Tasks.Task`1[Microsoft.AspNetCore.Mvc.IActionResult] Post(Backend.Core.ViewModels.LoginViewModel) on controller Backend.Controllers.TokenController (Backend).
[2023-03-15 13:11:00.930 +05:30  INF]  Executing BadRequestObjectResult, writing value of type 'System.String'.
[2023-03-15 13:11:00.931 +05:30  INF]  Executed action Backend.Controllers.TokenController.Post (Backend) in 1.2692ms
[2023-03-15 13:11:00.931 +05:30  INF]  Executed endpoint 'Backend.Controllers.TokenController.Post (Backend)'
[2023-03-15 13:11:00.931 +05:30  INF]  Request finished HTTP/1.1 POST http://localhost:5238/api/Token application/json 55 - 400 - text/plain;+charset=utf-8 4.1377ms
[2023-03-15 13:11:44.422 +05:30  INF]  Request starting HTTP/1.1 POST http://localhost:5238/api/Token application/json 52
[2023-03-15 13:11:44.426 +05:30  INF]  Executing endpoint 'Backend.Controllers.TokenController.Post (Backend)'
[2023-03-15 13:11:44.426 +05:30  INF]  Route matched with {action = "Post", controller = "Token"}. Executing controller action with signature System.Threading.Tasks.Task`1[Microsoft.AspNetCore.Mvc.IActionResult] Post(Backend.Core.ViewModels.LoginViewModel) on controller Backend.Controllers.TokenController (Backend).
[2023-03-15 13:11:44.428 +05:30  INF]  Executing BadRequestObjectResult, writing value of type 'System.String'.
[2023-03-15 13:11:44.428 +05:30  INF]  Executed action Backend.Controllers.TokenController.Post (Backend) in 1.1683ms
[2023-03-15 13:11:44.428 +05:30  INF]  Executed endpoint 'Backend.Controllers.TokenController.Post (Backend)'
[2023-03-15 13:11:44.428 +05:30  INF]  Request finished HTTP/1.1 POST http://localhost:5238/api/Token application/json 52 - 400 - text/plain;+charset=utf-8 6.8175ms
[2023-03-15 13:11:45.760 +05:30  INF]  Request starting HTTP/1.1 POST http://localhost:5238/api/Token application/json 52
[2023-03-15 13:11:45.799 +05:30  INF]  Executing endpoint 'Backend.Controllers.TokenController.Post (Backend)'
[2023-03-15 13:11:45.800 +05:30  INF]  Route matched with {action = "Post", controller = "Token"}. Executing controller action with signature System.Threading.Tasks.Task`1[Microsoft.AspNetCore.Mvc.IActionResult] Post(Backend.Core.ViewModels.LoginViewModel) on controller Backend.Controllers.TokenController (Backend).
[2023-03-15 13:11:45.801 +05:30  INF]  Executing BadRequestObjectResult, writing value of type 'System.String'.
[2023-03-15 13:11:45.801 +05:30  INF]  Executed action Backend.Controllers.TokenController.Post (Backend) in 1.3275ms
[2023-03-15 13:11:45.801 +05:30  INF]  Executed endpoint 'Backend.Controllers.TokenController.Post (Backend)'
[2023-03-15 13:11:45.801 +05:30  INF]  Request finished HTTP/1.1 POST http://localhost:5238/api/Token application/json 52 - 400 - text/plain;+charset=utf-8 41.4154ms
[2023-03-15 13:11:51.433 +05:30  INF]  Request starting HTTP/1.1 POST http://localhost:5238/api/Token application/json 52
[2023-03-15 13:11:51.433 +05:30  INF]  Executing endpoint 'Backend.Controllers.TokenController.Post (Backend)'
[2023-03-15 13:11:51.433 +05:30  INF]  Route matched with {action = "Post", controller = "Token"}. Executing controller action with signature System.Threading.Tasks.Task`1[Microsoft.AspNetCore.Mvc.IActionResult] Post(Backend.Core.ViewModels.LoginViewModel) on controller Backend.Controllers.TokenController (Backend).
[2023-03-15 13:11:51.906 +05:30  INF]  Executing OkObjectResult, writing value of type 'System.String'.
[2023-03-15 13:11:51.906 +05:30  INF]  Executed action Backend.Controllers.TokenController.Post (Backend) in 472.963ms
[2023-03-15 13:11:51.906 +05:30  INF]  Executed endpoint 'Backend.Controllers.TokenController.Post (Backend)'
[2023-03-15 13:11:51.906 +05:30  INF]  Request finished HTTP/1.1 POST http://localhost:5238/api/Token application/json 52 - 200 - text/plain;+charset=utf-8 473.8110ms
[2023-03-15 13:12:49.704 +05:30  INF]  Request starting HTTP/1.1 GET http://localhost:5238/api/Account/UserList - -
[2023-03-15 13:12:49.713 +05:30  INF]  Authorization failed. These requirements were not met:
DenyAnonymousAuthorizationRequirement: Requires an authenticated user.
[2023-03-15 13:12:49.722 +05:30  INF]  AuthenticationScheme: Bearer was challenged.
[2023-03-15 13:12:49.722 +05:30  INF]  Request finished HTTP/1.1 GET http://localhost:5238/api/Account/UserList - - - 401 0 - 17.6844ms
[2023-03-15 13:12:51.500 +05:30  INF]  Request starting HTTP/1.1 GET http://localhost:5238/api/Account/UserList - -
[2023-03-15 13:12:51.501 +05:30  INF]  Authorization failed. These requirements were not met:
DenyAnonymousAuthorizationRequirement: Requires an authenticated user.
[2023-03-15 13:12:51.501 +05:30  INF]  AuthenticationScheme: Bearer was challenged.
[2023-03-15 13:12:51.501 +05:30  INF]  Request finished HTTP/1.1 GET http://localhost:5238/api/Account/UserList - - - 401 0 - 0.9816ms
[2023-03-15 13:12:55.322 +05:30  INF]  Request starting HTTP/1.1 GET http://localhost:5238/api/Account/SingleUser?userId=ab181cd5-cdde-43d6-8aa2-93d2230b79ca - -
[2023-03-15 13:12:55.322 +05:30  INF]  Authorization failed. These requirements were not met:
DenyAnonymousAuthorizationRequirement: Requires an authenticated user.
[2023-03-15 13:12:55.322 +05:30  INF]  AuthenticationScheme: Bearer was challenged.
[2023-03-15 13:12:55.322 +05:30  INF]  Request finished HTTP/1.1 GET http://localhost:5238/api/Account/SingleUser?userId=ab181cd5-cdde-43d6-8aa2-93d2230b79ca - - - 401 0 - 0.7058ms
[2023-03-15 13:13:00.206 +05:30  INF]  Request starting HTTP/1.1 POST http://localhost:5238/api/Token application/json 52
[2023-03-15 13:13:00.206 +05:30  INF]  Executing endpoint 'Backend.Controllers.TokenController.Post (Backend)'
[2023-03-15 13:13:00.206 +05:30  INF]  Route matched with {action = "Post", controller = "Token"}. Executing controller action with signature System.Threading.Tasks.Task`1[Microsoft.AspNetCore.Mvc.IActionResult] Post(Backend.Core.ViewModels.LoginViewModel) on controller Backend.Controllers.TokenController (Backend).
[2023-03-15 13:13:00.206 +05:30  INF]  Executing OkObjectResult, writing value of type 'System.String'.
[2023-03-15 13:13:00.206 +05:30  INF]  Executed action Backend.Controllers.TokenController.Post (Backend) in 0.3479ms
[2023-03-15 13:13:00.206 +05:30  INF]  Executed endpoint 'Backend.Controllers.TokenController.Post (Backend)'
[2023-03-15 13:13:00.207 +05:30  INF]  Request finished HTTP/1.1 POST http://localhost:5238/api/Token application/json 52 - 200 - text/plain;+charset=utf-8 0.7204ms
[2023-03-15 13:14:13.324 +05:30  INF]  Request starting HTTP/1.1 POST http://localhost:5238/api/Token application/json 52
[2023-03-15 13:14:13.466 +05:30  INF]  Executing endpoint 'Backend.Controllers.TokenController.Post (Backend)'
[2023-03-15 13:14:13.466 +05:30  INF]  Route matched with {action = "Post", controller = "Token"}. Executing controller action with signature System.Threading.Tasks.Task`1[Microsoft.AspNetCore.Mvc.IActionResult] Post(Backend.Core.ViewModels.LoginViewModel) on controller Backend.Controllers.TokenController (Backend).
[2023-03-15 13:14:13.467 +05:30  INF]  Executing OkObjectResult, writing value of type 'System.String'.
[2023-03-15 13:14:13.467 +05:30  INF]  Executed action Backend.Controllers.TokenController.Post (Backend) in 0.595ms
[2023-03-15 13:14:13.467 +05:30  INF]  Executed endpoint 'Backend.Controllers.TokenController.Post (Backend)'
[2023-03-15 13:14:13.467 +05:30  INF]  Request finished HTTP/1.1 POST http://localhost:5238/api/Token application/json 52 - 200 - text/plain;+charset=utf-8 143.1906ms
[2023-03-15 13:14:24.168 +05:30  INF]  Request starting HTTP/1.1 GET http://localhost:5238/api/Account/UserList - -
[2023-03-15 13:14:24.169 +05:30  INF]  Executing endpoint 'Backend.Controllers.AccountController.UsersList (Backend)'
[2023-03-15 13:14:24.173 +05:30  INF]  Route matched with {action = "UsersList", controller = "Account"}. Executing controller action with signature System.Threading.Tasks.Task`1[Microsoft.AspNetCore.Mvc.IActionResult] UsersList() on controller Backend.Controllers.AccountController (Backend).
[2023-03-15 13:14:24.228 +05:30  INF]  Entity Framework Core 6.0.12 initialized 'ApplicationDbContext' using provider 'Microsoft.EntityFrameworkCore.SqlServer:6.0.12' with options: None
[2023-03-15 13:14:24.375 +05:30  INF]  Executed DbCommand (14ms) [Parameters=[], CommandType='"Text"', CommandTimeout='30']
SELECT [u].[UserId], [u].[Address], [u].[DOB], [u].[DOJ], [u].[FirstName], [u].[Gender], [u].[Image], [u].[LastName], [a].[Id], [a].[AccessFailedCount], [a].[ConcurrencyStamp], [a].[Email], [a].[EmailConfirmed], [a].[LockoutEnabled], [a].[LockoutEnd], [a].[NormalizedEmail], [a].[NormalizedUserName], [a].[PasswordHash], [a].[PhoneNumber], [a].[PhoneNumberConfirmed], [a].[SecurityStamp], [a].[TwoFactorEnabled], [a].[UserName]
FROM [Users] AS [u]
INNER JOIN [AspNetUsers] AS [a] ON [u].[UserId] = [a].[Id]
[2023-03-15 13:14:24.440 +05:30  INF]  Executing OkObjectResult, writing value of type 'Backend.Core.Common.ErrorHandlers.Results`1[[System.Collections.Generic.List`1[[Backend.Core.Data.Entities.UserModel, Backend, Version=1.0.0.0, Culture=neutral, PublicKeyToken=null]], System.Private.CoreLib, Version=6.0.0.0, Culture=neutral, PublicKeyToken=7cec85d7bea7798e]]'.
[2023-03-15 13:14:24.462 +05:30  INF]  Executed action Backend.Controllers.AccountController.UsersList (Backend) in 288.1364ms
[2023-03-15 13:14:24.462 +05:30  INF]  Executed endpoint 'Backend.Controllers.AccountController.UsersList (Backend)'
[2023-03-15 13:14:24.464 +05:30  INF]  Request finished HTTP/1.1 GET http://localhost:5238/api/Account/UserList - - - 200 - application/json;+charset=utf-8 296.5947ms
[2023-03-15 13:15:45.764 +05:30  INF]  Request starting HTTP/1.1 GET http://localhost:5238/api/Account/UserList - -
[2023-03-15 13:15:45.766 +05:30  INF]  Executing endpoint 'Backend.Controllers.AccountController.UsersList (Backend)'
[2023-03-15 13:15:45.766 +05:30  INF]  Route matched with {action = "UsersList", controller = "Account"}. Executing controller action with signature System.Threading.Tasks.Task`1[Microsoft.AspNetCore.Mvc.IActionResult] UsersList() on controller Backend.Controllers.AccountController (Backend).
[2023-03-15 13:15:45.771 +05:30  INF]  Executing OkObjectResult, writing value of type 'Backend.Core.Common.ErrorHandlers.Results`1[[System.Collections.Generic.List`1[[Backend.Core.Data.Entities.UserModel, Backend, Version=1.0.0.0, Culture=neutral, PublicKeyToken=null]], System.Private.CoreLib, Version=6.0.0.0, Culture=neutral, PublicKeyToken=7cec85d7bea7798e]]'.
[2023-03-15 13:15:45.772 +05:30  INF]  Executed action Backend.Controllers.AccountController.UsersList (Backend) in 5.2699ms
[2023-03-15 13:15:45.772 +05:30  INF]  Executed endpoint 'Backend.Controllers.AccountController.UsersList (Backend)'
[2023-03-15 13:15:45.772 +05:30  INF]  Request finished HTTP/1.1 GET http://localhost:5238/api/Account/UserList - - - 200 - application/json;+charset=utf-8 10.0471ms
[2023-03-15 13:15:49.305 +05:30  INF]  Request starting HTTP/1.1 GET http://localhost:5238/api/Account/UserList - -
[2023-03-15 13:15:49.322 +05:30  INF]  Failed to validate the token.
System.ArgumentException: IDX12729: Unable to decode the header 'System.String' as Base64Url encoded string. jwtEncodedString: 'System.String'.
 ---> Microsoft.IdentityModel.Json.JsonReaderException: Unterminated string. Expected delimiter: ". Path 'typ', line 1, position 26.
   at Microsoft.IdentityModel.Json.JsonTextReader.ReadStringIntoBuffer(Char quote)
   at Microsoft.IdentityModel.Json.JsonTextReader.ParseValue()
   at Microsoft.IdentityModel.Json.JsonReader.ReadForType(JsonContract contract, Boolean hasConverter)
   at Microsoft.IdentityModel.Json.Serialization.JsonSerializerInternalReader.PopulateDictionary(IDictionary dictionary, JsonReader reader, JsonDictionaryContract contract, JsonProperty containerProperty, String id)
   at Microsoft.IdentityModel.Json.Serialization.JsonSerializerInternalReader.CreateObject(JsonReader reader, Type objectType, JsonContract contract, JsonProperty member, JsonContainerContract containerContract, JsonProperty containerMember, Object existingValue)
   at Microsoft.IdentityModel.Json.Serialization.JsonSerializerInternalReader.CreateValueInternal(JsonReader reader, Type objectType, JsonContract contract, JsonProperty member, JsonContainerContract containerContract, JsonProperty containerMember, Object existingValue)
   at Microsoft.IdentityModel.Json.Serialization.JsonSerializerInternalReader.Deserialize(JsonReader reader, Type objectType, Boolean checkAdditionalContent)
   at Microsoft.IdentityModel.Json.JsonSerializer.DeserializeInternal(JsonReader reader, Type objectType)
   at Microsoft.IdentityModel.Json.JsonConvert.DeserializeObject(String value, Type type, JsonSerializerSettings settings)
   at System.IdentityModel.Tokens.Jwt.JsonExtensions.DeserializeJwtHeader(String jsonString)
   at System.IdentityModel.Tokens.Jwt.JwtSecurityToken.Decode(String[] tokenParts, String rawData)
   --- End of inner exception stack trace ---
   at System.IdentityModel.Tokens.Jwt.JwtSecurityToken.Decode(String[] tokenParts, String rawData)
   at System.IdentityModel.Tokens.Jwt.JwtSecurityTokenHandler.ReadJwtToken(String token)
   at System.IdentityModel.Tokens.Jwt.JwtSecurityTokenHandler.ValidateSignature(String token, TokenValidationParameters validationParameters)
   at System.IdentityModel.Tokens.Jwt.JwtSecurityTokenHandler.ValidateToken(String token, TokenValidationParameters validationParameters, SecurityToken& validatedToken)
   at Microsoft.AspNetCore.Authentication.JwtBearer.JwtBearerHandler.HandleAuthenticateAsync()
[2023-03-15 13:15:49.377 +05:30  INF]  Bearer was not authenticated. Failure message: IDX12729: Unable to decode the header 'System.String' as Base64Url encoded string. jwtEncodedString: 'System.String'.
[2023-03-15 13:15:49.377 +05:30  INF]  Bearer was not authenticated. Failure message: IDX12729: Unable to decode the header 'System.String' as Base64Url encoded string. jwtEncodedString: 'System.String'.
[2023-03-15 13:15:49.378 +05:30  INF]  Authorization failed. These requirements were not met:
DenyAnonymousAuthorizationRequirement: Requires an authenticated user.
[2023-03-15 13:15:49.381 +05:30  INF]  AuthenticationScheme: Bearer was challenged.
[2023-03-15 13:15:49.381 +05:30  INF]  Request finished HTTP/1.1 GET http://localhost:5238/api/Account/UserList - - - 401 0 - 75.8611ms
