[2023-03-29 08:58:24.490 +05:30  INF]  User profile is available. Using 'C:\Users\jaseem.saheer\AppData\Local\ASP.NET\DataProtection-Keys' as key repository and Windows DPAPI to encrypt keys at rest.
[2023-03-29 08:58:25.648 +05:30  INF]  Now listening on: http://localhost:5238
[2023-03-29 08:58:25.657 +05:30  INF]  Application started. Press Ctrl+C to shut down.
[2023-03-29 08:58:25.658 +05:30  INF]  Hosting environment: Development
[2023-03-29 08:58:25.658 +05:30  INF]  Content root path: C:\Users\jaseem.saheer\source\repos\BaseFramework\Backend\Backend\
[2023-03-29 08:58:29.986 +05:30  INF]  Request starting HTTP/1.1 GET http://localhost:5238/swagger/index.html - -
[2023-03-29 08:58:31.683 +05:30  INF]  Request finished HTTP/1.1 GET http://localhost:5238/swagger/index.html - - - 200 - text/html;charset=utf-8 1715.7055ms
[2023-03-29 08:58:31.792 +05:30  INF]  Request starting HTTP/1.1 GET http://localhost:5238/_framework/aspnetcore-browser-refresh.js - -
[2023-03-29 08:58:31.801 +05:30  INF]  Request finished HTTP/1.1 GET http://localhost:5238/_framework/aspnetcore-browser-refresh.js - - - 200 11984 application/javascript;+charset=utf-8 9.4230ms
[2023-03-29 08:58:31.887 +05:30  INF]  Request starting HTTP/1.1 GET http://localhost:5238/_vs/browserLink - -
[2023-03-29 08:58:31.986 +05:30  INF]  Request finished HTTP/1.1 GET http://localhost:5238/_vs/browserLink - - - 200 - text/javascript;+charset=UTF-8 99.0711ms
[2023-03-29 08:58:32.108 +05:30  INF]  Request starting HTTP/1.1 GET http://localhost:5238/swagger/v1/swagger.json - -
[2023-03-29 08:58:32.565 +05:30  INF]  Request finished HTTP/1.1 GET http://localhost:5238/swagger/v1/swagger.json - - - 200 - application/json;charset=utf-8 456.5941ms
[2023-03-29 08:59:17.623 +05:30  INF]  Request starting HTTP/1.1 GET http://localhost:5238/api/Employee/NewsList - -
[2023-03-29 08:59:18.717 +05:30  INF]  Executing endpoint 'Backend.Controllers.EmployeeController.GetAllNews (Backend)'
[2023-03-29 08:59:18.780 +05:30  INF]  Route matched with {action = "GetAllNews", controller = "Employee"}. Executing controller action with signature System.Threading.Tasks.Task`1[Microsoft.AspNetCore.Mvc.IActionResult] GetAllNews() on controller Backend.Controllers.EmployeeController (Backend).
[2023-03-29 08:59:24.519 +05:30  INF]  Entity Framework Core 6.0.12 initialized 'ApplicationDbContext' using provider 'Microsoft.EntityFrameworkCore.SqlServer:6.0.12' with options: None
[2023-03-29 08:59:29.355 +05:30  INF]  Executed DbCommand (206ms) [Parameters=[], CommandType='"Text"', CommandTimeout='30']
SELECT [n].[NewsId], [n].[Content], [n].[CreatedAt], [n].[Image], [n].[IsActive], [n].[IsDeleted], [n].[Subject], [n].[UserId], [u].[UserId], [u].[Address], [u].[DOB], [u].[DOJ], [u].[FirstName], [u].[Gender], [u].[Image], [u].[LastName]
FROM [News] AS [n]
INNER JOIN [Users] AS [u] ON [n].[UserId] = [u].[UserId]
WHERE [n].[IsDeleted] = CAST(0 AS bit)
[2023-03-29 08:59:29.905 +05:30  INF]  Executing OkObjectResult, writing value of type 'Backend.Core.Common.ErrorHandlers.Results`1[[System.Collections.Generic.List`1[[Backend.Core.Data.Entities.NewsModel, Backend, Version=1.0.0.0, Culture=neutral, PublicKeyToken=null]], System.Private.CoreLib, Version=6.0.0.0, Culture=neutral, PublicKeyToken=7cec85d7bea7798e]]'.
[2023-03-29 08:59:30.016 +05:30  INF]  Executed action Backend.Controllers.EmployeeController.GetAllNews (Backend) in 11216.2599ms
[2023-03-29 08:59:30.021 +05:30  INF]  Executed endpoint 'Backend.Controllers.EmployeeController.GetAllNews (Backend)'
[2023-03-29 08:59:30.057 +05:30  INF]  Request finished HTTP/1.1 GET http://localhost:5238/api/Employee/NewsList - - - 200 - application/json;+charset=utf-8 12433.5043ms
[2023-03-29 08:59:48.398 +05:30  INF]  Request starting HTTP/1.1 GET http://localhost:5238/api/Employee/SingleNews?newsId=380df8c0-9420-4d77-a382-aa700ebecef2 - -
[2023-03-29 08:59:48.407 +05:30  INF]  Executing endpoint 'Backend.Controllers.EmployeeController.GetSingleNews (Backend)'
[2023-03-29 08:59:48.464 +05:30  INF]  Route matched with {action = "GetSingleNews", controller = "Employee"}. Executing controller action with signature System.Threading.Tasks.Task`1[Microsoft.AspNetCore.Mvc.IActionResult] GetSingleNews(System.String) on controller Backend.Controllers.EmployeeController (Backend).
[2023-03-29 08:59:48.536 +05:30  INF]  Entity Framework Core 6.0.12 initialized 'ApplicationDbContext' using provider 'Microsoft.EntityFrameworkCore.SqlServer:6.0.12' with options: None
[2023-03-29 08:59:48.784 +05:30  INF]  Executed DbCommand (143ms) [Parameters=[@__newsId_0='?' (Size = 450)], CommandType='"Text"', CommandTimeout='30']
SELECT TOP(1) [n].[NewsId], [n].[Content], [n].[CreatedAt], [n].[Image], [n].[IsActive], [n].[IsDeleted], [n].[Subject], [n].[UserId], [u].[UserId], [u].[Address], [u].[DOB], [u].[DOJ], [u].[FirstName], [u].[Gender], [u].[Image], [u].[LastName]
FROM [News] AS [n]
INNER JOIN [Users] AS [u] ON [n].[UserId] = [u].[UserId]
WHERE ([n].[NewsId] = @__newsId_0) AND ([n].[IsDeleted] = CAST(0 AS bit))
[2023-03-29 08:59:48.797 +05:30  INF]  Executing OkObjectResult, writing value of type 'Backend.Core.Common.ErrorHandlers.Results`1[[Backend.Core.Data.Entities.NewsModel, Backend, Version=1.0.0.0, Culture=neutral, PublicKeyToken=null]]'.
[2023-03-29 08:59:48.800 +05:30  INF]  Executed action Backend.Controllers.EmployeeController.GetSingleNews (Backend) in 335.1266ms
[2023-03-29 08:59:48.800 +05:30  INF]  Executed endpoint 'Backend.Controllers.EmployeeController.GetSingleNews (Backend)'
[2023-03-29 08:59:48.801 +05:30  INF]  Request finished HTTP/1.1 GET http://localhost:5238/api/Employee/SingleNews?newsId=380df8c0-9420-4d77-a382-aa700ebecef2 - - - 200 - application/json;+charset=utf-8 402.6825ms
[2023-03-29 09:00:06.204 +05:30  INF]  Request starting HTTP/1.1 GET http://localhost:5238/api/Employee/PostList - -
[2023-03-29 09:00:06.209 +05:30  INF]  Executing endpoint 'Backend.Controllers.EmployeeController.GetAllPosts (Backend)'
[2023-03-29 09:00:06.219 +05:30  INF]  Route matched with {action = "GetAllPosts", controller = "Employee"}. Executing controller action with signature System.Threading.Tasks.Task`1[Microsoft.AspNetCore.Mvc.IActionResult] GetAllPosts(System.String, System.String) on controller Backend.Controllers.EmployeeController (Backend).
[2023-03-29 09:00:06.231 +05:30  INF]  Executing BadRequestObjectResult, writing value of type 'Microsoft.AspNetCore.Mvc.ValidationProblemDetails'.
[2023-03-29 09:00:06.234 +05:30  INF]  Executed action Backend.Controllers.EmployeeController.GetAllPosts (Backend) in 15.2835ms
[2023-03-29 09:00:06.234 +05:30  INF]  Executed endpoint 'Backend.Controllers.EmployeeController.GetAllPosts (Backend)'
[2023-03-29 09:00:06.235 +05:30  INF]  Request finished HTTP/1.1 GET http://localhost:5238/api/Employee/PostList - - - 400 - application/problem+json;+charset=utf-8 30.1767ms
[2023-03-29 09:00:15.669 +05:30  INF]  Request starting HTTP/1.1 GET http://localhost:5238/api/Account/UserList - -
[2023-03-29 09:00:15.670 +05:30  INF]  Executing endpoint 'Backend.Controllers.AccountController.UsersList (Backend)'
[2023-03-29 09:00:15.678 +05:30  INF]  Route matched with {action = "UsersList", controller = "Account"}. Executing controller action with signature System.Threading.Tasks.Task`1[Microsoft.AspNetCore.Mvc.IActionResult] UsersList() on controller Backend.Controllers.AccountController (Backend).
[2023-03-29 09:00:15.854 +05:30  INF]  Entity Framework Core 6.0.12 initialized 'ApplicationDbContext' using provider 'Microsoft.EntityFrameworkCore.SqlServer:6.0.12' with options: None
[2023-03-29 09:00:15.892 +05:30  INF]  Executed DbCommand (13ms) [Parameters=[], CommandType='"Text"', CommandTimeout='30']
SELECT [u].[UserId], [u].[Address], [u].[DOB], [u].[DOJ], [u].[FirstName], [u].[Gender], [u].[Image], [u].[LastName], [a].[Id], [a].[AccessFailedCount], [a].[ConcurrencyStamp], [a].[Email], [a].[EmailConfirmed], [a].[LockoutEnabled], [a].[LockoutEnd], [a].[NormalizedEmail], [a].[NormalizedUserName], [a].[PasswordHash], [a].[PhoneNumber], [a].[PhoneNumberConfirmed], [a].[SecurityStamp], [a].[TwoFactorEnabled], [a].[UserName]
FROM [Users] AS [u]
INNER JOIN [AspNetUsers] AS [a] ON [u].[UserId] = [a].[Id]
[2023-03-29 09:00:16.034 +05:30  INF]  Executing OkObjectResult, writing value of type 'Backend.Core.Common.ErrorHandlers.Results`1[[System.Collections.Generic.List`1[[Backend.Core.Data.Entities.UserModel, Backend, Version=1.0.0.0, Culture=neutral, PublicKeyToken=null]], System.Private.CoreLib, Version=6.0.0.0, Culture=neutral, PublicKeyToken=7cec85d7bea7798e]]'.
[2023-03-29 09:00:16.056 +05:30  INF]  Executed action Backend.Controllers.AccountController.UsersList (Backend) in 377.7759ms
[2023-03-29 09:00:16.057 +05:30  INF]  Executed endpoint 'Backend.Controllers.AccountController.UsersList (Backend)'
[2023-03-29 09:00:16.058 +05:30  INF]  Request finished HTTP/1.1 GET http://localhost:5238/api/Account/UserList - - - 200 - application/json;+charset=utf-8 388.8669ms
[2023-03-29 09:00:35.881 +05:30  INF]  Request starting HTTP/1.1 GET http://localhost:5238/api/Employee/PostList?userId=380df8c0-9420-4d77-a382-aa700ebecef2 - -
[2023-03-29 09:00:35.882 +05:30  INF]  Executing endpoint 'Backend.Controllers.EmployeeController.GetAllPosts (Backend)'
[2023-03-29 09:00:35.882 +05:30  INF]  Route matched with {action = "GetAllPosts", controller = "Employee"}. Executing controller action with signature System.Threading.Tasks.Task`1[Microsoft.AspNetCore.Mvc.IActionResult] GetAllPosts(System.String, System.String) on controller Backend.Controllers.EmployeeController (Backend).
[2023-03-29 09:00:35.892 +05:30  INF]  Entity Framework Core 6.0.12 initialized 'ApplicationDbContext' using provider 'Microsoft.EntityFrameworkCore.SqlServer:6.0.12' with options: None
[2023-03-29 09:00:36.359 +05:30  INF]  Executed DbCommand (35ms) [Parameters=[@__userId_0='?' (Size = 450)], CommandType='"Text"', CommandTimeout='30']
SELECT [p].[PostId], [p].[UserId], [p].[Subject], [p].[CreatedAt], [p].[IsActive], [p].[IsDeleted], [p].[Content], [p].[Image], CASE
    WHEN EXISTS (
        SELECT 1
        FROM [Likes] AS [l]
        WHERE ([l].[ContentId] = [p].[PostId]) AND ([l].[UserId] = @__userId_0)) THEN CAST(1 AS bit)
    ELSE CAST(0 AS bit)
END, (
    SELECT COUNT(*)
    FROM [Likes] AS [l0]
    WHERE [l0].[ContentId] = [p].[PostId]), [t0].[UserId], [t0].[Address], [t0].[DOB], [t0].[DOJ], [t0].[FirstName], [t0].[Gender], [t0].[Image], [t0].[LastName]
FROM [Posts] AS [p]
INNER JOIN [Users] AS [u] ON [p].[UserId] = [u].[UserId]
LEFT JOIN (
    SELECT [t].[UserId], [t].[Address], [t].[DOB], [t].[DOJ], [t].[FirstName], [t].[Gender], [t].[Image], [t].[LastName]
    FROM (
        SELECT [u0].[UserId], [u0].[Address], [u0].[DOB], [u0].[DOJ], [u0].[FirstName], [u0].[Gender], [u0].[Image], [u0].[LastName], ROW_NUMBER() OVER(PARTITION BY [u0].[UserId] ORDER BY [u0].[UserId]) AS [row]
        FROM [Users] AS [u0]
    ) AS [t]
    WHERE [t].[row] <= 1
) AS [t0] ON [p].[UserId] = [t0].[UserId]
WHERE ([p].[IsActive] = CAST(1 AS bit)) AND ([p].[IsDeleted] = CAST(0 AS bit))
[2023-03-29 09:00:36.375 +05:30  INF]  Executing OkObjectResult, writing value of type 'Backend.Core.Common.ErrorHandlers.Results`1[[System.Collections.Generic.List`1[[Backend.Core.Data.Entities.PostModel, Backend, Version=1.0.0.0, Culture=neutral, PublicKeyToken=null]], System.Private.CoreLib, Version=6.0.0.0, Culture=neutral, PublicKeyToken=7cec85d7bea7798e]]'.
[2023-03-29 09:00:36.385 +05:30  INF]  Executed action Backend.Controllers.EmployeeController.GetAllPosts (Backend) in 502.4388ms
[2023-03-29 09:00:36.385 +05:30  INF]  Executed endpoint 'Backend.Controllers.EmployeeController.GetAllPosts (Backend)'
[2023-03-29 09:00:36.385 +05:30  INF]  Request finished HTTP/1.1 GET http://localhost:5238/api/Employee/PostList?userId=380df8c0-9420-4d77-a382-aa700ebecef2 - - - 200 - application/json;+charset=utf-8 503.7633ms
[2023-03-29 09:01:22.662 +05:30  INF]  Request starting HTTP/1.1 GET http://localhost:5238/api/Employee/SinglePost?postId=5bc69e10-9996-4c17-8911-1279755a9527&userId=380df8c0-9420-4d77-a382-aa700ebecef2 - -
[2023-03-29 09:01:22.675 +05:30  INF]  Executing endpoint 'Backend.Controllers.EmployeeController.GetSinglePOst (Backend)'
[2023-03-29 09:01:22.688 +05:30  INF]  Route matched with {action = "GetSinglePOst", controller = "Employee"}. Executing controller action with signature System.Threading.Tasks.Task`1[Microsoft.AspNetCore.Mvc.IActionResult] GetSinglePOst(System.String, System.String) on controller Backend.Controllers.EmployeeController (Backend).
[2023-03-29 09:01:22.704 +05:30  INF]  Entity Framework Core 6.0.12 initialized 'ApplicationDbContext' using provider 'Microsoft.EntityFrameworkCore.SqlServer:6.0.12' with options: None
[2023-03-29 09:01:23.373 +05:30  INF]  Executing BadRequestObjectResult, writing value of type 'Backend.Core.Common.ErrorHandlers.Results`1[[Backend.Core.Data.Entities.PostModel, Backend, Version=1.0.0.0, Culture=neutral, PublicKeyToken=null]]'.
[2023-03-29 09:01:23.379 +05:30  INF]  Executed action Backend.Controllers.EmployeeController.GetSinglePOst (Backend) in 690.9539ms
[2023-03-29 09:01:23.379 +05:30  INF]  Executed endpoint 'Backend.Controllers.EmployeeController.GetSinglePOst (Backend)'
[2023-03-29 09:01:23.379 +05:30  INF]  Request finished HTTP/1.1 GET http://localhost:5238/api/Employee/SinglePost?postId=5bc69e10-9996-4c17-8911-1279755a9527&userId=380df8c0-9420-4d77-a382-aa700ebecef2 - - - 400 - application/json;+charset=utf-8 717.1674ms
[2023-03-29 09:01:42.066 +05:30  INF]  Request starting HTTP/1.1 GET http://localhost:5238/api/Employee/SinglePost?postId=5bc69e10-9996-4c17-8911-1279755a9527&userId=380df8c0-9420-4d77-a382-aa700ebecef2 - -
[2023-03-29 09:01:42.067 +05:30  INF]  Executing endpoint 'Backend.Controllers.EmployeeController.GetSinglePOst (Backend)'
[2023-03-29 09:01:42.067 +05:30  INF]  Route matched with {action = "GetSinglePOst", controller = "Employee"}. Executing controller action with signature System.Threading.Tasks.Task`1[Microsoft.AspNetCore.Mvc.IActionResult] GetSinglePOst(System.String, System.String) on controller Backend.Controllers.EmployeeController (Backend).
[2023-03-29 09:01:42.069 +05:30  INF]  Entity Framework Core 6.0.12 initialized 'ApplicationDbContext' using provider 'Microsoft.EntityFrameworkCore.SqlServer:6.0.12' with options: None
[2023-03-29 09:01:42.314 +05:30  INF]  Executing BadRequestObjectResult, writing value of type 'Backend.Core.Common.ErrorHandlers.Results`1[[Backend.Core.Data.Entities.PostModel, Backend, Version=1.0.0.0, Culture=neutral, PublicKeyToken=null]]'.
[2023-03-29 09:01:42.314 +05:30  INF]  Executed action Backend.Controllers.EmployeeController.GetSinglePOst (Backend) in 246.9511ms
[2023-03-29 09:01:42.314 +05:30  INF]  Executed endpoint 'Backend.Controllers.EmployeeController.GetSinglePOst (Backend)'
[2023-03-29 09:01:42.314 +05:30  INF]  Request finished HTTP/1.1 GET http://localhost:5238/api/Employee/SinglePost?postId=5bc69e10-9996-4c17-8911-1279755a9527&userId=380df8c0-9420-4d77-a382-aa700ebecef2 - - - 400 - application/json;+charset=utf-8 248.1876ms
[2023-03-29 09:02:10.057 +05:30  INF]  Request starting HTTP/1.1 GET http://localhost:5238/swagger/index.html - -
[2023-03-29 09:02:10.126 +05:30  INF]  Request finished HTTP/1.1 GET http://localhost:5238/swagger/index.html - - - 200 - text/html;charset=utf-8 70.8319ms
[2023-03-29 09:02:10.180 +05:30  INF]  Request starting HTTP/1.1 GET http://localhost:5238/_framework/aspnetcore-browser-refresh.js - -
[2023-03-29 09:02:10.181 +05:30  INF]  Request finished HTTP/1.1 GET http://localhost:5238/_framework/aspnetcore-browser-refresh.js - - - 200 11984 application/javascript;+charset=utf-8 0.7829ms
[2023-03-29 09:02:10.193 +05:30  INF]  Request starting HTTP/1.1 GET http://localhost:5238/_vs/browserLink - -
[2023-03-29 09:02:10.237 +05:30  INF]  Request finished HTTP/1.1 GET http://localhost:5238/_vs/browserLink - - - 200 - text/javascript;+charset=UTF-8 43.7017ms
[2023-03-29 09:02:10.331 +05:30  INF]  Request starting HTTP/1.1 GET http://localhost:5238/swagger/v1/swagger.json - -
[2023-03-29 09:02:10.357 +05:30  INF]  Request finished HTTP/1.1 GET http://localhost:5238/swagger/v1/swagger.json - - - 200 - application/json;charset=utf-8 25.6290ms
[2023-03-29 09:02:31.663 +05:30  INF]  Request starting HTTP/1.1 GET http://localhost:5238/api/Employee/SinglePost?postId=5bc69e10-9996-4c17-8911-1279755a9527&userId=380df8c0-9420-4d77-a382-aa700ebecef2 - -
[2023-03-29 09:02:31.664 +05:30  INF]  Executing endpoint 'Backend.Controllers.EmployeeController.GetSinglePOst (Backend)'
[2023-03-29 09:02:31.664 +05:30  INF]  Route matched with {action = "GetSinglePOst", controller = "Employee"}. Executing controller action with signature System.Threading.Tasks.Task`1[Microsoft.AspNetCore.Mvc.IActionResult] GetSinglePOst(System.String, System.String) on controller Backend.Controllers.EmployeeController (Backend).
[2023-03-29 09:02:40.511 +05:30  INF]  Entity Framework Core 6.0.12 initialized 'ApplicationDbContext' using provider 'Microsoft.EntityFrameworkCore.SqlServer:6.0.12' with options: None
[2023-03-29 09:02:49.405 +05:30  INF]  Executing BadRequestObjectResult, writing value of type 'Backend.Core.Common.ErrorHandlers.Results`1[[Backend.Core.Data.Entities.PostModel, Backend, Version=1.0.0.0, Culture=neutral, PublicKeyToken=null]]'.
[2023-03-29 09:02:51.529 +05:30  INF]  Executed action Backend.Controllers.EmployeeController.GetSinglePOst (Backend) in 19859.4561ms
[2023-03-29 09:02:51.529 +05:30  INF]  Executed endpoint 'Backend.Controllers.EmployeeController.GetSinglePOst (Backend)'
[2023-03-29 09:02:51.529 +05:30  INF]  Request finished HTTP/1.1 GET http://localhost:5238/api/Employee/SinglePost?postId=5bc69e10-9996-4c17-8911-1279755a9527&userId=380df8c0-9420-4d77-a382-aa700ebecef2 - - - 400 - application/json;+charset=utf-8 19867.7434ms
[2023-03-29 09:03:46.316 +05:30  INF]  User profile is available. Using 'C:\Users\jaseem.saheer\AppData\Local\ASP.NET\DataProtection-Keys' as key repository and Windows DPAPI to encrypt keys at rest.
[2023-03-29 09:03:46.681 +05:30  INF]  Now listening on: http://localhost:5238
[2023-03-29 09:03:46.684 +05:30  INF]  Application started. Press Ctrl+C to shut down.
[2023-03-29 09:03:46.684 +05:30  INF]  Hosting environment: Development
[2023-03-29 09:03:46.684 +05:30  INF]  Content root path: C:\Users\jaseem.saheer\source\repos\BaseFramework\Backend\Backend\
[2023-03-29 09:03:47.876 +05:30  INF]  Request starting HTTP/1.1 GET http://localhost:5238/swagger/index.html - -
[2023-03-29 09:03:48.439 +05:30  INF]  Request finished HTTP/1.1 GET http://localhost:5238/swagger/index.html - - - 200 - text/html;charset=utf-8 573.2990ms
[2023-03-29 09:03:48.479 +05:30  INF]  Request starting HTTP/1.1 GET http://localhost:5238/_framework/aspnetcore-browser-refresh.js - -
[2023-03-29 09:03:48.486 +05:30  INF]  Request finished HTTP/1.1 GET http://localhost:5238/_framework/aspnetcore-browser-refresh.js - - - 200 11984 application/javascript;+charset=utf-8 6.7309ms
[2023-03-29 09:03:48.565 +05:30  INF]  Request starting HTTP/1.1 GET http://localhost:5238/_vs/browserLink - -
[2023-03-29 09:03:48.631 +05:30  INF]  Request finished HTTP/1.1 GET http://localhost:5238/_vs/browserLink - - - 200 - text/javascript;+charset=UTF-8 65.4463ms
[2023-03-29 09:03:48.734 +05:30  INF]  Request starting HTTP/1.1 GET http://localhost:5238/swagger/v1/swagger.json - -
[2023-03-29 09:03:48.926 +05:30  INF]  Request finished HTTP/1.1 GET http://localhost:5238/swagger/v1/swagger.json - - - 200 - application/json;charset=utf-8 192.5362ms
[2023-03-29 09:04:15.728 +05:30  INF]  Request starting HTTP/1.1 GET http://localhost:5238/api/Employee/SinglePost?postId=5bc69e10-9996-4c17-8911-1279755a9527&userId=380df8c0-9420-4d77-a382-aa700ebecef2 - -
[2023-03-29 09:04:16.128 +05:30  INF]  Executing endpoint 'Backend.Controllers.EmployeeController.GetSinglePOst (Backend)'
[2023-03-29 09:04:16.238 +05:30  INF]  Route matched with {action = "GetSinglePOst", controller = "Employee"}. Executing controller action with signature System.Threading.Tasks.Task`1[Microsoft.AspNetCore.Mvc.IActionResult] GetSinglePOst(System.String, System.String) on controller Backend.Controllers.EmployeeController (Backend).
[2023-03-29 09:04:24.293 +05:30  INF]  Entity Framework Core 6.0.12 initialized 'ApplicationDbContext' using provider 'Microsoft.EntityFrameworkCore.SqlServer:6.0.12' with options: None
[2023-03-29 09:04:28.149 +05:30  INF]  Executed DbCommand (327ms) [Parameters=[@__userId_0='?' (Size = 450)], CommandType='"Text"', CommandTimeout='30']
SELECT [t].[UserId], [t].[Subject], [t].[CreatedAt], [t].[IsActive], [t].[IsDeleted], [t].[Content], [t].[Image], [t].[c], [t].[c0], [t0].[UserId], [t0].[Address], [t0].[DOB], [t0].[DOJ], [t0].[FirstName], [t0].[Gender], [t0].[Image], [t0].[LastName]
FROM (
    SELECT TOP(1) [p].[UserId], [p].[Subject], [p].[CreatedAt], [p].[IsActive], [p].[IsDeleted], [p].[Content], [p].[Image], CASE
        WHEN EXISTS (
            SELECT 1
            FROM [Likes] AS [l]
            WHERE ([l].[ContentId] = [p].[PostId]) AND ([l].[UserId] = @__userId_0)) THEN CAST(1 AS bit)
        ELSE CAST(0 AS bit)
    END AS [c], (
        SELECT COUNT(*)
        FROM [Likes] AS [l0]
        WHERE [l0].[ContentId] = [p].[PostId]) AS [c0]
    FROM [Posts] AS [p]
    INNER JOIN [Users] AS [u] ON [p].[UserId] = [u].[UserId]
    WHERE ([p].[IsActive] = CAST(1 AS bit)) AND ([p].[IsDeleted] = CAST(0 AS bit))
) AS [t]
LEFT JOIN (
    SELECT [t1].[UserId], [t1].[Address], [t1].[DOB], [t1].[DOJ], [t1].[FirstName], [t1].[Gender], [t1].[Image], [t1].[LastName]
    FROM (
        SELECT [u0].[UserId], [u0].[Address], [u0].[DOB], [u0].[DOJ], [u0].[FirstName], [u0].[Gender], [u0].[Image], [u0].[LastName], ROW_NUMBER() OVER(PARTITION BY [u0].[UserId] ORDER BY [u0].[UserId]) AS [row]
        FROM [Users] AS [u0]
    ) AS [t1]
    WHERE [t1].[row] <= 1
) AS [t0] ON [t].[UserId] = [t0].[UserId]
[2023-03-29 09:05:05.919 +05:30  INF]  User profile is available. Using 'C:\Users\jaseem.saheer\AppData\Local\ASP.NET\DataProtection-Keys' as key repository and Windows DPAPI to encrypt keys at rest.
[2023-03-29 09:05:06.335 +05:30  INF]  Now listening on: http://localhost:5238
[2023-03-29 09:05:06.339 +05:30  INF]  Application started. Press Ctrl+C to shut down.
[2023-03-29 09:05:06.339 +05:30  INF]  Hosting environment: Development
[2023-03-29 09:05:06.339 +05:30  INF]  Content root path: C:\Users\jaseem.saheer\source\repos\BaseFramework\Backend\Backend\
[2023-03-29 09:05:07.123 +05:30  INF]  Request starting HTTP/1.1 GET http://localhost:5238/swagger/index.html - -
[2023-03-29 09:05:07.701 +05:30  INF]  Request finished HTTP/1.1 GET http://localhost:5238/swagger/index.html - - - 200 - text/html;charset=utf-8 587.0722ms
[2023-03-29 09:05:07.738 +05:30  INF]  Request starting HTTP/1.1 GET http://localhost:5238/_framework/aspnetcore-browser-refresh.js - -
[2023-03-29 09:05:07.746 +05:30  INF]  Request finished HTTP/1.1 GET http://localhost:5238/_framework/aspnetcore-browser-refresh.js - - - 200 11984 application/javascript;+charset=utf-8 7.2691ms
[2023-03-29 09:05:07.821 +05:30  INF]  Request starting HTTP/1.1 GET http://localhost:5238/_vs/browserLink - -
[2023-03-29 09:05:07.879 +05:30  INF]  Request finished HTTP/1.1 GET http://localhost:5238/_vs/browserLink - - - 200 - text/javascript;+charset=UTF-8 58.3156ms
[2023-03-29 09:05:07.996 +05:30  INF]  Request starting HTTP/1.1 GET http://localhost:5238/swagger/v1/swagger.json - -
[2023-03-29 09:05:08.211 +05:30  INF]  Request finished HTTP/1.1 GET http://localhost:5238/swagger/v1/swagger.json - - - 200 - application/json;charset=utf-8 214.9303ms
[2023-03-29 09:05:28.796 +05:30  INF]  Request starting HTTP/1.1 GET http://localhost:5238/api/Employee/SinglePost?postId=5bc69e10-9996-4c17-8911-1279755a9527&userId=380df8c0-9420-4d77-a382-aa700ebecef2 - -
[2023-03-29 09:05:29.151 +05:30  INF]  Executing endpoint 'Backend.Controllers.EmployeeController.GetSinglePOst (Backend)'
[2023-03-29 09:05:29.273 +05:30  INF]  Route matched with {action = "GetSinglePOst", controller = "Employee"}. Executing controller action with signature System.Threading.Tasks.Task`1[Microsoft.AspNetCore.Mvc.IActionResult] GetSinglePOst(System.String, System.String) on controller Backend.Controllers.EmployeeController (Backend).
[2023-03-29 09:05:46.480 +05:30  INF]  Entity Framework Core 6.0.12 initialized 'ApplicationDbContext' using provider 'Microsoft.EntityFrameworkCore.SqlServer:6.0.12' with options: None
[2023-03-29 09:06:38.144 +05:30  INF]  Executing BadRequestObjectResult, writing value of type 'Backend.Core.Common.ErrorHandlers.Results`1[[Backend.Core.Data.Entities.PostModel, Backend, Version=1.0.0.0, Culture=neutral, PublicKeyToken=null]]'.
[2023-03-29 09:06:38.176 +05:30  INF]  Executed action Backend.Controllers.EmployeeController.GetSinglePOst (Backend) in 68885.1733ms
[2023-03-29 09:06:38.183 +05:30  INF]  Executed endpoint 'Backend.Controllers.EmployeeController.GetSinglePOst (Backend)'
[2023-03-29 09:06:38.219 +05:30  INF]  Request finished HTTP/1.1 GET http://localhost:5238/api/Employee/SinglePost?postId=5bc69e10-9996-4c17-8911-1279755a9527&userId=380df8c0-9420-4d77-a382-aa700ebecef2 - - - 400 - application/json;+charset=utf-8 69428.2457ms
[2023-03-29 09:08:42.844 +05:30  INF]  User profile is available. Using 'C:\Users\jaseem.saheer\AppData\Local\ASP.NET\DataProtection-Keys' as key repository and Windows DPAPI to encrypt keys at rest.
[2023-03-29 09:08:43.283 +05:30  INF]  Now listening on: http://localhost:5238
[2023-03-29 09:08:43.287 +05:30  INF]  Application started. Press Ctrl+C to shut down.
[2023-03-29 09:08:43.287 +05:30  INF]  Hosting environment: Development
[2023-03-29 09:08:43.287 +05:30  INF]  Content root path: C:\Users\jaseem.saheer\source\repos\BaseFramework\Backend\Backend\
[2023-03-29 09:08:44.085 +05:30  INF]  Request starting HTTP/1.1 GET http://localhost:5238/swagger/index.html - -
[2023-03-29 09:08:44.673 +05:30  INF]  Request finished HTTP/1.1 GET http://localhost:5238/swagger/index.html - - - 200 - text/html;charset=utf-8 601.2167ms
[2023-03-29 09:08:44.718 +05:30  INF]  Request starting HTTP/1.1 GET http://localhost:5238/_framework/aspnetcore-browser-refresh.js - -
[2023-03-29 09:08:44.724 +05:30  INF]  Request finished HTTP/1.1 GET http://localhost:5238/_framework/aspnetcore-browser-refresh.js - - - 200 11984 application/javascript;+charset=utf-8 6.5345ms
[2023-03-29 09:08:44.799 +05:30  INF]  Request starting HTTP/1.1 GET http://localhost:5238/_vs/browserLink - -
[2023-03-29 09:08:44.873 +05:30  INF]  Request finished HTTP/1.1 GET http://localhost:5238/_vs/browserLink - - - 200 - text/javascript;+charset=UTF-8 73.8948ms
[2023-03-29 09:08:44.999 +05:30  INF]  Request starting HTTP/1.1 GET http://localhost:5238/swagger/v1/swagger.json - -
[2023-03-29 09:08:45.220 +05:30  INF]  Request finished HTTP/1.1 GET http://localhost:5238/swagger/v1/swagger.json - - - 200 - application/json;charset=utf-8 220.8920ms
[2023-03-29 09:09:08.810 +05:30  INF]  Request starting HTTP/1.1 GET http://localhost:5238/api/Employee/SinglePost?postId=5bc69e10-9996-4c17-8911-1279755a9527&userId=380df8c0-9420-4d77-a382-aa700ebecef2 - -
[2023-03-29 09:09:09.152 +05:30  INF]  Executing endpoint 'Backend.Controllers.EmployeeController.GetSinglePOst (Backend)'
[2023-03-29 09:09:09.260 +05:30  INF]  Route matched with {action = "GetSinglePOst", controller = "Employee"}. Executing controller action with signature System.Threading.Tasks.Task`1[Microsoft.AspNetCore.Mvc.IActionResult] GetSinglePOst(System.String, System.String) on controller Backend.Controllers.EmployeeController (Backend).
[2023-03-29 09:09:18.045 +05:30  INF]  Entity Framework Core 6.0.12 initialized 'ApplicationDbContext' using provider 'Microsoft.EntityFrameworkCore.SqlServer:6.0.12' with options: None
[2023-03-29 09:09:19.438 +05:30  INF]  Executing BadRequestObjectResult, writing value of type 'Backend.Core.Common.ErrorHandlers.Results`1[[Backend.Core.Data.Entities.PostModel, Backend, Version=1.0.0.0, Culture=neutral, PublicKeyToken=null]]'.
[2023-03-29 09:09:19.472 +05:30  INF]  Executed action Backend.Controllers.EmployeeController.GetSinglePOst (Backend) in 10191.2397ms
[2023-03-29 09:09:19.477 +05:30  INF]  Executed endpoint 'Backend.Controllers.EmployeeController.GetSinglePOst (Backend)'
[2023-03-29 09:09:19.505 +05:30  INF]  Request finished HTTP/1.1 GET http://localhost:5238/api/Employee/SinglePost?postId=5bc69e10-9996-4c17-8911-1279755a9527&userId=380df8c0-9420-4d77-a382-aa700ebecef2 - - - 400 - application/json;+charset=utf-8 10697.8276ms
[2023-03-29 09:09:29.575 +05:30  INF]  Request starting HTTP/1.1 GET http://localhost:5238/api/Account/UserList - -
[2023-03-29 09:09:29.581 +05:30  INF]  Executing endpoint 'Backend.Controllers.AccountController.UsersList (Backend)'
[2023-03-29 09:09:29.593 +05:30  INF]  Route matched with {action = "UsersList", controller = "Account"}. Executing controller action with signature System.Threading.Tasks.Task`1[Microsoft.AspNetCore.Mvc.IActionResult] UsersList() on controller Backend.Controllers.AccountController (Backend).
[2023-03-29 09:09:29.657 +05:30  INF]  Entity Framework Core 6.0.12 initialized 'ApplicationDbContext' using provider 'Microsoft.EntityFrameworkCore.SqlServer:6.0.12' with options: None
[2023-03-29 09:09:31.925 +05:30  INF]  Executed DbCommand (199ms) [Parameters=[], CommandType='"Text"', CommandTimeout='30']
SELECT [u].[UserId], [u].[Address], [u].[DOB], [u].[DOJ], [u].[FirstName], [u].[Gender], [u].[Image], [u].[LastName], [a].[Id], [a].[AccessFailedCount], [a].[ConcurrencyStamp], [a].[Email], [a].[EmailConfirmed], [a].[LockoutEnabled], [a].[LockoutEnd], [a].[NormalizedEmail], [a].[NormalizedUserName], [a].[PasswordHash], [a].[PhoneNumber], [a].[PhoneNumberConfirmed], [a].[SecurityStamp], [a].[TwoFactorEnabled], [a].[UserName]
FROM [Users] AS [u]
INNER JOIN [AspNetUsers] AS [a] ON [u].[UserId] = [a].[Id]
[2023-03-29 09:09:32.508 +05:30  INF]  Executing OkObjectResult, writing value of type 'Backend.Core.Common.ErrorHandlers.Results`1[[System.Collections.Generic.List`1[[Backend.Core.Data.Entities.UserModel, Backend, Version=1.0.0.0, Culture=neutral, PublicKeyToken=null]], System.Private.CoreLib, Version=6.0.0.0, Culture=neutral, PublicKeyToken=7cec85d7bea7798e]]'.
[2023-03-29 09:09:32.573 +05:30  INF]  Executed action Backend.Controllers.AccountController.UsersList (Backend) in 2979.4049ms
[2023-03-29 09:09:32.576 +05:30  INF]  Executed endpoint 'Backend.Controllers.AccountController.UsersList (Backend)'
[2023-03-29 09:09:32.583 +05:30  INF]  Request finished HTTP/1.1 GET http://localhost:5238/api/Account/UserList - - - 200 - application/json;+charset=utf-8 3007.7635ms
[2023-03-29 09:11:33.034 +05:30  INF]  Request starting HTTP/1.1 GET http://localhost:5238/api/Employee/SinglePost?postId=5bc69e10-9996-4c17-8911-1279755a9527&userId=1c15f6ee-6d87-401d-bd16-9e622933a8a3 - -
[2023-03-29 09:11:33.056 +05:30  INF]  Executing endpoint 'Backend.Controllers.EmployeeController.GetSinglePOst (Backend)'
[2023-03-29 09:11:33.057 +05:30  INF]  Route matched with {action = "GetSinglePOst", controller = "Employee"}. Executing controller action with signature System.Threading.Tasks.Task`1[Microsoft.AspNetCore.Mvc.IActionResult] GetSinglePOst(System.String, System.String) on controller Backend.Controllers.EmployeeController (Backend).
[2023-03-29 09:11:37.166 +05:30  INF]  Entity Framework Core 6.0.12 initialized 'ApplicationDbContext' using provider 'Microsoft.EntityFrameworkCore.SqlServer:6.0.12' with options: None
[2023-03-29 09:11:41.616 +05:30  INF]  Executing BadRequestObjectResult, writing value of type 'Backend.Core.Common.ErrorHandlers.Results`1[[Backend.Core.Data.Entities.PostModel, Backend, Version=1.0.0.0, Culture=neutral, PublicKeyToken=null]]'.
[2023-03-29 09:11:41.617 +05:30  INF]  Executed action Backend.Controllers.EmployeeController.GetSinglePOst (Backend) in 8559.7459ms
[2023-03-29 09:11:41.617 +05:30  INF]  Executed endpoint 'Backend.Controllers.EmployeeController.GetSinglePOst (Backend)'
[2023-03-29 09:11:41.617 +05:30  INF]  Request finished HTTP/1.1 GET http://localhost:5238/api/Employee/SinglePost?postId=5bc69e10-9996-4c17-8911-1279755a9527&userId=1c15f6ee-6d87-401d-bd16-9e622933a8a3 - - - 400 - application/json;+charset=utf-8 8585.5942ms
[2023-03-29 09:14:29.602 +05:30  INF]  User profile is available. Using 'C:\Users\jaseem.saheer\AppData\Local\ASP.NET\DataProtection-Keys' as key repository and Windows DPAPI to encrypt keys at rest.
[2023-03-29 09:14:29.986 +05:30  INF]  Now listening on: http://localhost:5238
[2023-03-29 09:14:29.991 +05:30  INF]  Application started. Press Ctrl+C to shut down.
[2023-03-29 09:14:29.991 +05:30  INF]  Hosting environment: Development
[2023-03-29 09:14:29.991 +05:30  INF]  Content root path: C:\Users\jaseem.saheer\source\repos\BaseFramework\Backend\Backend\
[2023-03-29 09:14:30.733 +05:30  INF]  Request starting HTTP/1.1 GET http://localhost:5238/swagger/index.html - -
[2023-03-29 09:14:31.296 +05:30  INF]  Request finished HTTP/1.1 GET http://localhost:5238/swagger/index.html - - - 200 - text/html;charset=utf-8 569.8409ms
[2023-03-29 09:14:31.355 +05:30  INF]  Request starting HTTP/1.1 GET http://localhost:5238/_framework/aspnetcore-browser-refresh.js - -
[2023-03-29 09:14:31.363 +05:30  INF]  Request finished HTTP/1.1 GET http://localhost:5238/_framework/aspnetcore-browser-refresh.js - - - 200 11984 application/javascript;+charset=utf-8 8.1795ms
[2023-03-29 09:14:31.417 +05:30  INF]  Request starting HTTP/1.1 GET http://localhost:5238/_vs/browserLink - -
[2023-03-29 09:14:31.470 +05:30  INF]  Request finished HTTP/1.1 GET http://localhost:5238/_vs/browserLink - - - 200 - text/javascript;+charset=UTF-8 53.3558ms
[2023-03-29 09:14:31.584 +05:30  INF]  Request starting HTTP/1.1 GET http://localhost:5238/swagger/v1/swagger.json - -
[2023-03-29 09:14:31.805 +05:30  INF]  Request finished HTTP/1.1 GET http://localhost:5238/swagger/v1/swagger.json - - - 200 - application/json;charset=utf-8 220.2727ms
[2023-03-29 09:15:03.508 +05:30  INF]  Request starting HTTP/1.1 GET http://localhost:5238/api/Employee/SinglePost?postId=5bc69e10-9996-4c17-8911-1279755a9527&userId=1c15f6ee-6d87-401d-bd16-9e622933a8a3 - -
[2023-03-29 09:15:03.872 +05:30  INF]  Executing endpoint 'Backend.Controllers.EmployeeController.GetSinglePost (Backend)'
[2023-03-29 09:15:03.979 +05:30  INF]  Route matched with {action = "GetSinglePost", controller = "Employee"}. Executing controller action with signature System.Threading.Tasks.Task`1[Microsoft.AspNetCore.Mvc.IActionResult] GetSinglePost(System.String, System.String) on controller Backend.Controllers.EmployeeController (Backend).
[2023-03-29 09:15:16.441 +05:30  INF]  Entity Framework Core 6.0.12 initialized 'ApplicationDbContext' using provider 'Microsoft.EntityFrameworkCore.SqlServer:6.0.12' with options: None
[2023-03-29 09:15:21.330 +05:30  INF]  Executed DbCommand (275ms) [Parameters=[@__userId_0='?' (Size = 450)], CommandType='"Text"', CommandTimeout='30']
SELECT [p].[UserId], [p].[Subject], [p].[CreatedAt], [p].[IsActive], [p].[IsDeleted], [p].[Content], [p].[Image], CASE
    WHEN EXISTS (
        SELECT 1
        FROM [Likes] AS [l]
        WHERE ([l].[ContentId] = [p].[PostId]) AND ([l].[UserId] = @__userId_0)) THEN CAST(1 AS bit)
    ELSE CAST(0 AS bit)
END, (
    SELECT COUNT(*)
    FROM [Likes] AS [l0]
    WHERE [l0].[ContentId] = [p].[PostId]), [t0].[UserId], [t0].[Address], [t0].[DOB], [t0].[DOJ], [t0].[FirstName], [t0].[Gender], [t0].[Image], [t0].[LastName]
FROM [Posts] AS [p]
INNER JOIN [Users] AS [u] ON [p].[UserId] = [u].[UserId]
LEFT JOIN (
    SELECT [t].[UserId], [t].[Address], [t].[DOB], [t].[DOJ], [t].[FirstName], [t].[Gender], [t].[Image], [t].[LastName]
    FROM (
        SELECT [u0].[UserId], [u0].[Address], [u0].[DOB], [u0].[DOJ], [u0].[FirstName], [u0].[Gender], [u0].[Image], [u0].[LastName], ROW_NUMBER() OVER(PARTITION BY [u0].[UserId] ORDER BY [u0].[UserId]) AS [row]
        FROM [Users] AS [u0]
    ) AS [t]
    WHERE [t].[row] <= 1
) AS [t0] ON [p].[UserId] = [t0].[UserId]
WHERE ([p].[IsActive] = CAST(1 AS bit)) AND ([p].[IsDeleted] = CAST(0 AS bit))
[2023-03-29 09:15:43.245 +05:30  INF]  Executing OkObjectResult, writing value of type 'Backend.Core.Common.ErrorHandlers.Results`1[[Backend.Core.Data.Entities.PostModel, Backend, Version=1.0.0.0, Culture=neutral, PublicKeyToken=null]]'.
[2023-03-29 09:15:45.802 +05:30  INF]  Executed action Backend.Controllers.EmployeeController.GetSinglePost (Backend) in 41789.8301ms
[2023-03-29 09:15:45.803 +05:30  INF]  Executed endpoint 'Backend.Controllers.EmployeeController.GetSinglePost (Backend)'
[2023-03-29 09:15:45.836 +05:30  INF]  Request finished HTTP/1.1 GET http://localhost:5238/api/Employee/SinglePost?postId=5bc69e10-9996-4c17-8911-1279755a9527&userId=1c15f6ee-6d87-401d-bd16-9e622933a8a3 - - - 200 - application/json;+charset=utf-8 42327.9169ms
[2023-03-29 09:16:20.774 +05:30  INF]  Request starting HTTP/1.1 GET http://localhost:5238/api/Employee/PostList?userId=1c15f6ee-6d87-401d-bd16-9e622933a8a3 - -
[2023-03-29 09:16:20.854 +05:30  INF]  Executing endpoint 'Backend.Controllers.EmployeeController.GetAllPosts (Backend)'
[2023-03-29 09:16:20.862 +05:30  INF]  Route matched with {action = "GetAllPosts", controller = "Employee"}. Executing controller action with signature System.Threading.Tasks.Task`1[Microsoft.AspNetCore.Mvc.IActionResult] GetAllPosts(System.String, System.String) on controller Backend.Controllers.EmployeeController (Backend).
[2023-03-29 09:16:20.877 +05:30  INF]  Entity Framework Core 6.0.12 initialized 'ApplicationDbContext' using provider 'Microsoft.EntityFrameworkCore.SqlServer:6.0.12' with options: None
[2023-03-29 09:16:20.940 +05:30  INF]  Executed DbCommand (36ms) [Parameters=[@__userId_0='?' (Size = 450)], CommandType='"Text"', CommandTimeout='30']
SELECT [p].[PostId], [p].[UserId], [p].[Subject], [p].[CreatedAt], [p].[IsActive], [p].[IsDeleted], [p].[Content], [p].[Image], CASE
    WHEN EXISTS (
        SELECT 1
        FROM [Likes] AS [l]
        WHERE ([l].[ContentId] = [p].[PostId]) AND ([l].[UserId] = @__userId_0)) THEN CAST(1 AS bit)
    ELSE CAST(0 AS bit)
END, (
    SELECT COUNT(*)
    FROM [Likes] AS [l0]
    WHERE [l0].[ContentId] = [p].[PostId]), [t0].[UserId], [t0].[Address], [t0].[DOB], [t0].[DOJ], [t0].[FirstName], [t0].[Gender], [t0].[Image], [t0].[LastName]
FROM [Posts] AS [p]
INNER JOIN [Users] AS [u] ON [p].[UserId] = [u].[UserId]
LEFT JOIN (
    SELECT [t].[UserId], [t].[Address], [t].[DOB], [t].[DOJ], [t].[FirstName], [t].[Gender], [t].[Image], [t].[LastName]
    FROM (
        SELECT [u0].[UserId], [u0].[Address], [u0].[DOB], [u0].[DOJ], [u0].[FirstName], [u0].[Gender], [u0].[Image], [u0].[LastName], ROW_NUMBER() OVER(PARTITION BY [u0].[UserId] ORDER BY [u0].[UserId]) AS [row]
        FROM [Users] AS [u0]
    ) AS [t]
    WHERE [t].[row] <= 1
) AS [t0] ON [p].[UserId] = [t0].[UserId]
WHERE ([p].[IsActive] = CAST(1 AS bit)) AND ([p].[IsDeleted] = CAST(0 AS bit))
[2023-03-29 09:16:20.942 +05:30  INF]  Executing OkObjectResult, writing value of type 'Backend.Core.Common.ErrorHandlers.Results`1[[System.Collections.Generic.List`1[[Backend.Core.Data.Entities.PostModel, Backend, Version=1.0.0.0, Culture=neutral, PublicKeyToken=null]], System.Private.CoreLib, Version=6.0.0.0, Culture=neutral, PublicKeyToken=7cec85d7bea7798e]]'.
[2023-03-29 09:16:20.990 +05:30  INF]  Executed action Backend.Controllers.EmployeeController.GetAllPosts (Backend) in 127.8273ms
[2023-03-29 09:16:20.990 +05:30  INF]  Executed endpoint 'Backend.Controllers.EmployeeController.GetAllPosts (Backend)'
[2023-03-29 09:16:20.991 +05:30  INF]  Request finished HTTP/1.1 GET http://localhost:5238/api/Employee/PostList?userId=1c15f6ee-6d87-401d-bd16-9e622933a8a3 - - - 200 - application/json;+charset=utf-8 218.1722ms
[2023-03-29 09:16:39.136 +05:30  INF]  Request starting HTTP/1.1 GET http://localhost:5238/api/Employee/SinglePost?postId=5bc69e10-9996-4c17-8911-1279755a9527&userId=1c15f6ee-6d87-401d-bd16-9e622933a8a3 - -
[2023-03-29 09:16:39.144 +05:30  INF]  Executing endpoint 'Backend.Controllers.EmployeeController.GetSinglePost (Backend)'
[2023-03-29 09:16:39.144 +05:30  INF]  Route matched with {action = "GetSinglePost", controller = "Employee"}. Executing controller action with signature System.Threading.Tasks.Task`1[Microsoft.AspNetCore.Mvc.IActionResult] GetSinglePost(System.String, System.String) on controller Backend.Controllers.EmployeeController (Backend).
[2023-03-29 09:16:49.014 +05:30  INF]  Entity Framework Core 6.0.12 initialized 'ApplicationDbContext' using provider 'Microsoft.EntityFrameworkCore.SqlServer:6.0.12' with options: None
[2023-03-29 09:16:49.554 +05:30  INF]  Executed DbCommand (20ms) [Parameters=[@__userId_0='?' (Size = 450)], CommandType='"Text"', CommandTimeout='30']
SELECT [p].[UserId], [p].[Subject], [p].[CreatedAt], [p].[IsActive], [p].[IsDeleted], [p].[Content], [p].[Image], CASE
    WHEN EXISTS (
        SELECT 1
        FROM [Likes] AS [l]
        WHERE ([l].[ContentId] = [p].[PostId]) AND ([l].[UserId] = @__userId_0)) THEN CAST(1 AS bit)
    ELSE CAST(0 AS bit)
END, (
    SELECT COUNT(*)
    FROM [Likes] AS [l0]
    WHERE [l0].[ContentId] = [p].[PostId]), [t0].[UserId], [t0].[Address], [t0].[DOB], [t0].[DOJ], [t0].[FirstName], [t0].[Gender], [t0].[Image], [t0].[LastName]
FROM [Posts] AS [p]
INNER JOIN [Users] AS [u] ON [p].[UserId] = [u].[UserId]
LEFT JOIN (
    SELECT [t].[UserId], [t].[Address], [t].[DOB], [t].[DOJ], [t].[FirstName], [t].[Gender], [t].[Image], [t].[LastName]
    FROM (
        SELECT [u0].[UserId], [u0].[Address], [u0].[DOB], [u0].[DOJ], [u0].[FirstName], [u0].[Gender], [u0].[Image], [u0].[LastName], ROW_NUMBER() OVER(PARTITION BY [u0].[UserId] ORDER BY [u0].[UserId]) AS [row]
        FROM [Users] AS [u0]
    ) AS [t]
    WHERE [t].[row] <= 1
) AS [t0] ON [p].[UserId] = [t0].[UserId]
WHERE ([p].[IsActive] = CAST(1 AS bit)) AND ([p].[IsDeleted] = CAST(0 AS bit))
[2023-03-29 09:18:18.190 +05:30  INF]  User profile is available. Using 'C:\Users\jaseem.saheer\AppData\Local\ASP.NET\DataProtection-Keys' as key repository and Windows DPAPI to encrypt keys at rest.
[2023-03-29 09:18:18.539 +05:30  INF]  Now listening on: http://localhost:5238
[2023-03-29 09:18:18.544 +05:30  INF]  Application started. Press Ctrl+C to shut down.
[2023-03-29 09:18:18.544 +05:30  INF]  Hosting environment: Development
[2023-03-29 09:18:18.545 +05:30  INF]  Content root path: C:\Users\jaseem.saheer\source\repos\BaseFramework\Backend\Backend\
[2023-03-29 09:18:19.424 +05:30  INF]  Request starting HTTP/1.1 GET http://localhost:5238/swagger/index.html - -
[2023-03-29 09:18:19.985 +05:30  INF]  Request finished HTTP/1.1 GET http://localhost:5238/swagger/index.html - - - 200 - text/html;charset=utf-8 566.2051ms
[2023-03-29 09:18:20.030 +05:30  INF]  Request starting HTTP/1.1 GET http://localhost:5238/_vs/browserLink - -
[2023-03-29 09:18:20.031 +05:30  INF]  Request starting HTTP/1.1 GET http://localhost:5238/_framework/aspnetcore-browser-refresh.js - -
[2023-03-29 09:18:20.038 +05:30  INF]  Request finished HTTP/1.1 GET http://localhost:5238/_framework/aspnetcore-browser-refresh.js - - - 200 11984 application/javascript;+charset=utf-8 6.4759ms
[2023-03-29 09:18:20.104 +05:30  INF]  Request finished HTTP/1.1 GET http://localhost:5238/_vs/browserLink - - - 200 - text/javascript;+charset=UTF-8 74.4318ms
[2023-03-29 09:18:20.253 +05:30  INF]  Request starting HTTP/1.1 GET http://localhost:5238/swagger/v1/swagger.json - -
[2023-03-29 09:18:20.472 +05:30  INF]  Request finished HTTP/1.1 GET http://localhost:5238/swagger/v1/swagger.json - - - 200 - application/json;charset=utf-8 218.7117ms
[2023-03-29 09:18:51.592 +05:30  INF]  Request starting HTTP/1.1 GET http://localhost:5238/api/Employee/SinglePost?postId=5bc69e10-9996-4c17-8911-1279755a9527&userId=1c15f6ee-6d87-401d-bd16-9e622933a8a3 - -
[2023-03-29 09:18:51.935 +05:30  INF]  Executing endpoint 'Backend.Controllers.EmployeeController.GetSinglePost (Backend)'
[2023-03-29 09:18:52.041 +05:30  INF]  Route matched with {action = "GetSinglePost", controller = "Employee"}. Executing controller action with signature System.Threading.Tasks.Task`1[Microsoft.AspNetCore.Mvc.IActionResult] GetSinglePost(System.String, System.String) on controller Backend.Controllers.EmployeeController (Backend).
[2023-03-29 09:19:00.807 +05:30  INF]  Entity Framework Core 6.0.12 initialized 'ApplicationDbContext' using provider 'Microsoft.EntityFrameworkCore.SqlServer:6.0.12' with options: None
[2023-03-29 09:19:04.516 +05:30  INF]  Executed DbCommand (316ms) [Parameters=[@__userId_0='?' (Size = 450), @__postId_1='?' (Size = 450)], CommandType='"Text"', CommandTimeout='30']
SELECT [t].[PostId], [t].[UserId], [t].[Subject], [t].[CreatedAt], [t].[IsActive], [t].[IsDeleted], [t].[Content], [t].[Image], [t].[c], [t].[c0], [t0].[UserId], [t0].[Address], [t0].[DOB], [t0].[DOJ], [t0].[FirstName], [t0].[Gender], [t0].[Image], [t0].[LastName]
FROM (
    SELECT TOP(1) [p].[PostId], [p].[UserId], [p].[Subject], [p].[CreatedAt], [p].[IsActive], [p].[IsDeleted], [p].[Content], [p].[Image], CASE
        WHEN EXISTS (
            SELECT 1
            FROM [Likes] AS [l]
            WHERE ([l].[ContentId] = [p].[PostId]) AND ([l].[UserId] = @__userId_0)) THEN CAST(1 AS bit)
        ELSE CAST(0 AS bit)
    END AS [c], (
        SELECT COUNT(*)
        FROM [Likes] AS [l0]
        WHERE [l0].[ContentId] = [p].[PostId]) AS [c0]
    FROM [Posts] AS [p]
    INNER JOIN [Users] AS [u] ON [p].[UserId] = [u].[UserId]
    WHERE (([p].[PostId] = @__postId_1) AND ([p].[IsActive] = CAST(1 AS bit))) AND ([p].[IsDeleted] = CAST(0 AS bit))
) AS [t]
LEFT JOIN (
    SELECT [t1].[UserId], [t1].[Address], [t1].[DOB], [t1].[DOJ], [t1].[FirstName], [t1].[Gender], [t1].[Image], [t1].[LastName]
    FROM (
        SELECT [u0].[UserId], [u0].[Address], [u0].[DOB], [u0].[DOJ], [u0].[FirstName], [u0].[Gender], [u0].[Image], [u0].[LastName], ROW_NUMBER() OVER(PARTITION BY [u0].[UserId] ORDER BY [u0].[UserId]) AS [row]
        FROM [Users] AS [u0]
    ) AS [t1]
    WHERE [t1].[row] <= 1
) AS [t0] ON [t].[UserId] = [t0].[UserId]
[2023-03-29 09:19:04.912 +05:30  INF]  Executing OkObjectResult, writing value of type 'Backend.Core.Common.ErrorHandlers.Results`1[[Backend.Core.Data.Entities.PostModel, Backend, Version=1.0.0.0, Culture=neutral, PublicKeyToken=null]]'.
[2023-03-29 09:19:04.985 +05:30  INF]  Executed action Backend.Controllers.EmployeeController.GetSinglePost (Backend) in 12925.0052ms
[2023-03-29 09:19:04.991 +05:30  INF]  Executed endpoint 'Backend.Controllers.EmployeeController.GetSinglePost (Backend)'
[2023-03-29 09:19:05.025 +05:30  INF]  Request finished HTTP/1.1 GET http://localhost:5238/api/Employee/SinglePost?postId=5bc69e10-9996-4c17-8911-1279755a9527&userId=1c15f6ee-6d87-401d-bd16-9e622933a8a3 - - - 200 - application/json;+charset=utf-8 13432.6649ms
[2023-03-29 09:21:43.370 +05:30  INF]  Request starting HTTP/1.1 GET http://localhost:5238/api/Employee/PostList?userId=1c15f6ee-6d87-401d-bd16-9e622933a8a3 - -
[2023-03-29 09:21:43.394 +05:30  INF]  Executing endpoint 'Backend.Controllers.EmployeeController.GetAllPosts (Backend)'
[2023-03-29 09:21:43.402 +05:30  INF]  Route matched with {action = "GetAllPosts", controller = "Employee"}. Executing controller action with signature System.Threading.Tasks.Task`1[Microsoft.AspNetCore.Mvc.IActionResult] GetAllPosts(System.String, System.String) on controller Backend.Controllers.EmployeeController (Backend).
[2023-03-29 09:21:43.457 +05:30  INF]  Entity Framework Core 6.0.12 initialized 'ApplicationDbContext' using provider 'Microsoft.EntityFrameworkCore.SqlServer:6.0.12' with options: None
[2023-03-29 09:21:43.559 +05:30  INF]  Executed DbCommand (38ms) [Parameters=[@__userId_0='?' (Size = 450)], CommandType='"Text"', CommandTimeout='30']
SELECT [p].[PostId], [p].[UserId], [p].[Subject], [p].[CreatedAt], [p].[IsActive], [p].[IsDeleted], [p].[Content], [p].[Image], CASE
    WHEN EXISTS (
        SELECT 1
        FROM [Likes] AS [l]
        WHERE ([l].[ContentId] = [p].[PostId]) AND ([l].[UserId] = @__userId_0)) THEN CAST(1 AS bit)
    ELSE CAST(0 AS bit)
END, (
    SELECT COUNT(*)
    FROM [Likes] AS [l0]
    WHERE [l0].[ContentId] = [p].[PostId]), [t0].[UserId], [t0].[Address], [t0].[DOB], [t0].[DOJ], [t0].[FirstName], [t0].[Gender], [t0].[Image], [t0].[LastName]
FROM [Posts] AS [p]
INNER JOIN [Users] AS [u] ON [p].[UserId] = [u].[UserId]
LEFT JOIN (
    SELECT [t].[UserId], [t].[Address], [t].[DOB], [t].[DOJ], [t].[FirstName], [t].[Gender], [t].[Image], [t].[LastName]
    FROM (
        SELECT [u0].[UserId], [u0].[Address], [u0].[DOB], [u0].[DOJ], [u0].[FirstName], [u0].[Gender], [u0].[Image], [u0].[LastName], ROW_NUMBER() OVER(PARTITION BY [u0].[UserId] ORDER BY [u0].[UserId]) AS [row]
        FROM [Users] AS [u0]
    ) AS [t]
    WHERE [t].[row] <= 1
) AS [t0] ON [p].[UserId] = [t0].[UserId]
WHERE ([p].[IsActive] = CAST(1 AS bit)) AND ([p].[IsDeleted] = CAST(0 AS bit))
[2023-03-29 09:21:43.575 +05:30  INF]  Executing OkObjectResult, writing value of type 'Backend.Core.Common.ErrorHandlers.Results`1[[System.Collections.Generic.List`1[[Backend.Core.Data.Entities.PostModel, Backend, Version=1.0.0.0, Culture=neutral, PublicKeyToken=null]], System.Private.CoreLib, Version=6.0.0.0, Culture=neutral, PublicKeyToken=7cec85d7bea7798e]]'.
[2023-03-29 09:21:43.580 +05:30  INF]  Executed action Backend.Controllers.EmployeeController.GetAllPosts (Backend) in 178.0298ms
[2023-03-29 09:21:43.580 +05:30  INF]  Executed endpoint 'Backend.Controllers.EmployeeController.GetAllPosts (Backend)'
[2023-03-29 09:21:43.581 +05:30  INF]  Request finished HTTP/1.1 GET http://localhost:5238/api/Employee/PostList?userId=1c15f6ee-6d87-401d-bd16-9e622933a8a3 - - - 200 - application/json;+charset=utf-8 212.7067ms
