[2023-03-28 11:41:21.357 +05:30  INF]  User profile is available. Using 'C:\Users\jaseem.saheer\AppData\Local\ASP.NET\DataProtection-Keys' as key repository and Windows DPAPI to encrypt keys at rest.
[2023-03-28 11:41:21.965 +05:30  INF]  Now listening on: http://localhost:5238
[2023-03-28 11:41:21.969 +05:30  INF]  Application started. Press Ctrl+C to shut down.
[2023-03-28 11:41:21.969 +05:30  INF]  Hosting environment: Development
[2023-03-28 11:41:21.969 +05:30  INF]  Content root path: C:\Users\jaseem.saheer\source\repos\BaseFramework\Backend\Backend\
[2023-03-28 11:41:24.709 +05:30  INF]  Request starting HTTP/1.1 GET http://localhost:5238/swagger/index.html - -
[2023-03-28 11:41:25.455 +05:30  INF]  Request finished HTTP/1.1 GET http://localhost:5238/swagger/index.html - - - 200 - text/html;charset=utf-8 749.9054ms
[2023-03-28 11:41:25.524 +05:30  INF]  Request starting HTTP/1.1 GET http://localhost:5238/_framework/aspnetcore-browser-refresh.js - -
[2023-03-28 11:41:25.529 +05:30  INF]  Request finished HTTP/1.1 GET http://localhost:5238/_framework/aspnetcore-browser-refresh.js - - - 200 11984 application/javascript;+charset=utf-8 5.0872ms
[2023-03-28 11:41:25.567 +05:30  INF]  Request starting HTTP/1.1 GET http://localhost:5238/_vs/browserLink - -
[2023-03-28 11:41:25.604 +05:30  INF]  Request finished HTTP/1.1 GET http://localhost:5238/_vs/browserLink - - - 200 - text/javascript;+charset=UTF-8 36.9074ms
[2023-03-28 11:41:25.664 +05:30  INF]  Request starting HTTP/1.1 GET http://localhost:5238/swagger/v1/swagger.json - -
[2023-03-28 11:41:25.840 +05:30  INF]  Request finished HTTP/1.1 GET http://localhost:5238/swagger/v1/swagger.json - - - 200 - application/json;charset=utf-8 175.7577ms
[2023-03-28 11:42:11.150 +05:30  INF]  Request starting HTTP/1.1 GET http://localhost:5238/api/Administrative/Roles - -
[2023-03-28 11:42:11.748 +05:30  INF]  Authorization failed. These requirements were not met:
DenyAnonymousAuthorizationRequirement: Requires an authenticated user.
[2023-03-28 11:42:11.758 +05:30  INF]  AuthenticationScheme: Bearer was challenged.
[2023-03-28 11:42:11.758 +05:30  INF]  Request finished HTTP/1.1 GET http://localhost:5238/api/Administrative/Roles - - - 401 0 - 608.6555ms
[2023-03-28 11:42:39.481 +05:30  INF]  User profile is available. Using 'C:\Users\jaseem.saheer\AppData\Local\ASP.NET\DataProtection-Keys' as key repository and Windows DPAPI to encrypt keys at rest.
[2023-03-28 11:42:39.706 +05:30  INF]  Now listening on: http://localhost:5238
[2023-03-28 11:42:39.709 +05:30  INF]  Application started. Press Ctrl+C to shut down.
[2023-03-28 11:42:39.709 +05:30  INF]  Hosting environment: Development
[2023-03-28 11:42:39.709 +05:30  INF]  Content root path: C:\Users\jaseem.saheer\source\repos\BaseFramework\Backend\Backend\
[2023-03-28 11:42:40.431 +05:30  INF]  Request starting HTTP/1.1 GET http://localhost:5238/swagger/index.html - -
[2023-03-28 11:42:40.809 +05:30  INF]  Request finished HTTP/1.1 GET http://localhost:5238/swagger/index.html - - - 200 - text/html;charset=utf-8 383.1734ms
[2023-03-28 11:42:40.831 +05:30  INF]  Request starting HTTP/1.1 GET http://localhost:5238/_framework/aspnetcore-browser-refresh.js - -
[2023-03-28 11:42:40.838 +05:30  INF]  Request finished HTTP/1.1 GET http://localhost:5238/_framework/aspnetcore-browser-refresh.js - - - 200 11984 application/javascript;+charset=utf-8 6.5285ms
[2023-03-28 11:42:40.867 +05:30  INF]  Request starting HTTP/1.1 GET http://localhost:5238/_vs/browserLink - -
[2023-03-28 11:42:40.900 +05:30  INF]  Request finished HTTP/1.1 GET http://localhost:5238/_vs/browserLink - - - 200 - text/javascript;+charset=UTF-8 33.0139ms
[2023-03-28 11:42:40.968 +05:30  INF]  Request starting HTTP/1.1 GET http://localhost:5238/swagger/v1/swagger.json - -
[2023-03-28 11:42:41.114 +05:30  INF]  Request finished HTTP/1.1 GET http://localhost:5238/swagger/v1/swagger.json - - - 200 - application/json;charset=utf-8 146.4151ms
[2023-03-28 11:43:50.508 +05:30  INF]  Request starting HTTP/1.1 GET http://localhost:5238/api/Administrative/Roles - -
[2023-03-28 11:43:50.659 +05:30  INF]  Executing endpoint 'Backend.Controllers.AdministrativeController.AllRoles (Backend)'
[2023-03-28 11:43:50.686 +05:30  INF]  Route matched with {action = "AllRoles", controller = "Administrative"}. Executing controller action with signature System.Threading.Tasks.Task`1[Microsoft.AspNetCore.Mvc.IActionResult] AllRoles() on controller Backend.Controllers.AdministrativeController (Backend).
[2023-03-28 11:43:53.112 +05:30  INF]  Entity Framework Core 6.0.12 initialized 'ApplicationDbContext' using provider 'Microsoft.EntityFrameworkCore.SqlServer:6.0.12' with options: None
[2023-03-28 11:43:55.007 +05:30  INF]  Executed DbCommand (120ms) [Parameters=[], CommandType='"Text"', CommandTimeout='30']
SELECT [a].[Id], [a].[ConcurrencyStamp], [a].[Name], [a].[NormalizedName]
FROM [AspNetRoles] AS [a]
[2023-03-28 11:43:55.123 +05:30  INF]  Executing OkObjectResult, writing value of type 'Backend.Core.Common.ErrorHandlers.Results`1[[System.Collections.Generic.List`1[[Microsoft.AspNetCore.Identity.IdentityRole, Microsoft.Extensions.Identity.Stores, Version=6.0.0.0, Culture=neutral, PublicKeyToken=adb9793829ddae60]], System.Private.CoreLib, Version=6.0.0.0, Culture=neutral, PublicKeyToken=7cec85d7bea7798e]]'.
[2023-03-28 11:43:55.139 +05:30  INF]  Executed action Backend.Controllers.AdministrativeController.AllRoles (Backend) in 4444.9635ms
[2023-03-28 11:43:55.142 +05:30  INF]  Executed endpoint 'Backend.Controllers.AdministrativeController.AllRoles (Backend)'
[2023-03-28 11:43:55.159 +05:30  INF]  Request finished HTTP/1.1 GET http://localhost:5238/api/Administrative/Roles - - - 200 - application/json;+charset=utf-8 4651.7551ms
[2023-03-28 11:45:14.262 +05:30  INF]  Request starting HTTP/1.1 GET http://localhost:5238/api/Account/GetUsersInRole?roleId=c82447ae-d307-4b9b-8c9b-c315cc7d5572 - -
[2023-03-28 11:45:14.267 +05:30  INF]  Executing endpoint 'Backend.Controllers.AccountController.GetUsersInRoles (Backend)'
[2023-03-28 11:45:14.281 +05:30  INF]  Route matched with {action = "GetUsersInRoles", controller = "Account"}. Executing controller action with signature System.Threading.Tasks.Task`1[Microsoft.AspNetCore.Mvc.IActionResult] GetUsersInRoles(System.String) on controller Backend.Controllers.AccountController (Backend).
[2023-03-28 11:45:14.357 +05:30  INF]  Entity Framework Core 6.0.12 initialized 'ApplicationDbContext' using provider 'Microsoft.EntityFrameworkCore.SqlServer:6.0.12' with options: None
[2023-03-28 11:45:14.732 +05:30  INF]  Executed DbCommand (67ms) [Parameters=[@__roleId_0='?' (Size = 450)], CommandType='"Text"', CommandTimeout='30']
SELECT TOP(1) [a].[Id], [a].[ConcurrencyStamp], [a].[Name], [a].[NormalizedName]
FROM [AspNetRoles] AS [a]
WHERE [a].[Id] = @__roleId_0
[2023-03-28 11:45:14.746 +05:30  INF]  Executed DbCommand (4ms) [Parameters=[], CommandType='"Text"', CommandTimeout='30']
SELECT [u].[UserId], [u].[Address], [u].[DOB], [u].[DOJ], [u].[FirstName], [u].[Gender], [u].[Image], [u].[LastName]
FROM [Users] AS [u]
[2023-03-28 11:45:14.833 +05:30  INF]  Executed DbCommand (5ms) [Parameters=[@__p_0='?' (Size = 450)], CommandType='"Text"', CommandTimeout='30']
SELECT TOP(1) [a].[Id], [a].[AccessFailedCount], [a].[ConcurrencyStamp], [a].[Email], [a].[EmailConfirmed], [a].[LockoutEnabled], [a].[LockoutEnd], [a].[NormalizedEmail], [a].[NormalizedUserName], [a].[PasswordHash], [a].[PhoneNumber], [a].[PhoneNumberConfirmed], [a].[SecurityStamp], [a].[TwoFactorEnabled], [a].[UserName]
FROM [AspNetUsers] AS [a]
WHERE [a].[Id] = @__p_0
[2023-03-28 11:45:14.912 +05:30  INF]  Executed DbCommand (1ms) [Parameters=[@__p_0='?' (Size = 450)], CommandType='"Text"', CommandTimeout='30']
SELECT TOP(1) [a].[Id], [a].[AccessFailedCount], [a].[ConcurrencyStamp], [a].[Email], [a].[EmailConfirmed], [a].[LockoutEnabled], [a].[LockoutEnd], [a].[NormalizedEmail], [a].[NormalizedUserName], [a].[PasswordHash], [a].[PhoneNumber], [a].[PhoneNumberConfirmed], [a].[SecurityStamp], [a].[TwoFactorEnabled], [a].[UserName]
FROM [AspNetUsers] AS [a]
WHERE [a].[Id] = @__p_0
[2023-03-28 11:45:14.914 +05:30  INF]  Executed DbCommand (1ms) [Parameters=[@__p_0='?' (Size = 450)], CommandType='"Text"', CommandTimeout='30']
SELECT TOP(1) [a].[Id], [a].[AccessFailedCount], [a].[ConcurrencyStamp], [a].[Email], [a].[EmailConfirmed], [a].[LockoutEnabled], [a].[LockoutEnd], [a].[NormalizedEmail], [a].[NormalizedUserName], [a].[PasswordHash], [a].[PhoneNumber], [a].[PhoneNumberConfirmed], [a].[SecurityStamp], [a].[TwoFactorEnabled], [a].[UserName]
FROM [AspNetUsers] AS [a]
WHERE [a].[Id] = @__p_0
[2023-03-28 11:45:14.916 +05:30  INF]  Executed DbCommand (1ms) [Parameters=[@__p_0='?' (Size = 450)], CommandType='"Text"', CommandTimeout='30']
SELECT TOP(1) [a].[Id], [a].[AccessFailedCount], [a].[ConcurrencyStamp], [a].[Email], [a].[EmailConfirmed], [a].[LockoutEnabled], [a].[LockoutEnd], [a].[NormalizedEmail], [a].[NormalizedUserName], [a].[PasswordHash], [a].[PhoneNumber], [a].[PhoneNumberConfirmed], [a].[SecurityStamp], [a].[TwoFactorEnabled], [a].[UserName]
FROM [AspNetUsers] AS [a]
WHERE [a].[Id] = @__p_0
[2023-03-28 11:45:14.984 +05:30  INF]  Executed DbCommand (6ms) [Parameters=[@__normalizedRoleName_0='?' (Size = 256)], CommandType='"Text"', CommandTimeout='30']
SELECT TOP(2) [a].[Id], [a].[ConcurrencyStamp], [a].[Name], [a].[NormalizedName]
FROM [AspNetRoles] AS [a]
WHERE [a].[NormalizedName] = @__normalizedRoleName_0
[2023-03-28 11:45:15.009 +05:30  INF]  Executed DbCommand (9ms) [Parameters=[@__p_0='?' (Size = 450), @__p_1='?' (Size = 450)], CommandType='"Text"', CommandTimeout='30']
SELECT TOP(1) [a].[UserId], [a].[RoleId]
FROM [AspNetUserRoles] AS [a]
WHERE ([a].[UserId] = @__p_0) AND ([a].[RoleId] = @__p_1)
[2023-03-28 11:45:15.013 +05:30  INF]  Executed DbCommand (1ms) [Parameters=[@__normalizedRoleName_0='?' (Size = 256)], CommandType='"Text"', CommandTimeout='30']
SELECT TOP(2) [a].[Id], [a].[ConcurrencyStamp], [a].[Name], [a].[NormalizedName]
FROM [AspNetRoles] AS [a]
WHERE [a].[NormalizedName] = @__normalizedRoleName_0
[2023-03-28 11:45:15.016 +05:30  INF]  Executed DbCommand (1ms) [Parameters=[@__p_0='?' (Size = 450), @__p_1='?' (Size = 450)], CommandType='"Text"', CommandTimeout='30']
SELECT TOP(1) [a].[UserId], [a].[RoleId]
FROM [AspNetUserRoles] AS [a]
WHERE ([a].[UserId] = @__p_0) AND ([a].[RoleId] = @__p_1)
[2023-03-28 11:45:15.018 +05:30  INF]  Executed DbCommand (1ms) [Parameters=[@__normalizedRoleName_0='?' (Size = 256)], CommandType='"Text"', CommandTimeout='30']
SELECT TOP(2) [a].[Id], [a].[ConcurrencyStamp], [a].[Name], [a].[NormalizedName]
FROM [AspNetRoles] AS [a]
WHERE [a].[NormalizedName] = @__normalizedRoleName_0
[2023-03-28 11:45:15.021 +05:30  INF]  Executed DbCommand (1ms) [Parameters=[@__p_0='?' (Size = 450), @__p_1='?' (Size = 450)], CommandType='"Text"', CommandTimeout='30']
SELECT TOP(1) [a].[UserId], [a].[RoleId]
FROM [AspNetUserRoles] AS [a]
WHERE ([a].[UserId] = @__p_0) AND ([a].[RoleId] = @__p_1)
[2023-03-28 11:45:15.022 +05:30  INF]  Executed DbCommand (1ms) [Parameters=[@__normalizedRoleName_0='?' (Size = 256)], CommandType='"Text"', CommandTimeout='30']
SELECT TOP(2) [a].[Id], [a].[ConcurrencyStamp], [a].[Name], [a].[NormalizedName]
FROM [AspNetRoles] AS [a]
WHERE [a].[NormalizedName] = @__normalizedRoleName_0
[2023-03-28 11:45:15.024 +05:30  INF]  Executed DbCommand (1ms) [Parameters=[@__p_0='?' (Size = 450), @__p_1='?' (Size = 450)], CommandType='"Text"', CommandTimeout='30']
SELECT TOP(1) [a].[UserId], [a].[RoleId]
FROM [AspNetUserRoles] AS [a]
WHERE ([a].[UserId] = @__p_0) AND ([a].[RoleId] = @__p_1)
[2023-03-28 11:45:15.024 +05:30  INF]  Executing OkObjectResult, writing value of type 'Backend.Core.Common.ErrorHandlers.Results`1[[System.Collections.Generic.List`1[[Backend.Core.Data.Entities.UserModel, Backend, Version=1.0.0.0, Culture=neutral, PublicKeyToken=null]], System.Private.CoreLib, Version=6.0.0.0, Culture=neutral, PublicKeyToken=7cec85d7bea7798e]]'.
[2023-03-28 11:45:15.026 +05:30  INF]  Executed action Backend.Controllers.AccountController.GetUsersInRoles (Backend) in 745.1816ms
[2023-03-28 11:45:15.026 +05:30  INF]  Executed endpoint 'Backend.Controllers.AccountController.GetUsersInRoles (Backend)'
[2023-03-28 11:45:15.026 +05:30  INF]  Request finished HTTP/1.1 GET http://localhost:5238/api/Account/GetUsersInRole?roleId=c82447ae-d307-4b9b-8c9b-c315cc7d5572 - - - 200 - application/json;+charset=utf-8 764.5684ms
[2023-03-28 11:45:55.636 +05:30  INF]  Request starting HTTP/1.1 POST http://localhost:5238/api/Administrative/UserRoles application/json 360
[2023-03-28 11:45:56.139 +05:30  INF]  Failed to validate the token.
Microsoft.IdentityModel.Tokens.SecurityTokenExpiredException: IDX10223: Lifetime validation failed. The token is expired. ValidTo: 'System.DateTime', Current time: 'System.DateTime'.
   at Microsoft.IdentityModel.Tokens.Validators.ValidateLifetime(Nullable`1 notBefore, Nullable`1 expires, SecurityToken securityToken, TokenValidationParameters validationParameters)
   at System.IdentityModel.Tokens.Jwt.JwtSecurityTokenHandler.ValidateTokenPayload(JwtSecurityToken jwtToken, TokenValidationParameters validationParameters)
   at System.IdentityModel.Tokens.Jwt.JwtSecurityTokenHandler.ValidateToken(String token, TokenValidationParameters validationParameters, SecurityToken& validatedToken)
   at Microsoft.AspNetCore.Authentication.JwtBearer.JwtBearerHandler.HandleAuthenticateAsync()
[2023-03-28 11:45:56.357 +05:30  INF]  Bearer was not authenticated. Failure message: IDX10223: Lifetime validation failed. The token is expired. ValidTo: 'System.DateTime', Current time: 'System.DateTime'.
[2023-03-28 11:45:56.357 +05:30  INF]  Executing endpoint 'Backend.Controllers.AdministrativeController.AddRemoveRoles (Backend)'
[2023-03-28 11:45:56.360 +05:30  INF]  Route matched with {action = "AddRemoveRoles", controller = "Administrative"}. Executing controller action with signature System.Threading.Tasks.Task`1[Microsoft.AspNetCore.Mvc.IActionResult] AddRemoveRoles(Backend.Core.Data.Entities.UserResult) on controller Backend.Controllers.AdministrativeController (Backend).
[2023-03-28 11:45:56.418 +05:30  INF]  Entity Framework Core 6.0.12 initialized 'ApplicationDbContext' using provider 'Microsoft.EntityFrameworkCore.SqlServer:6.0.12' with options: None
[2023-03-28 11:45:56.421 +05:30  INF]  Executed DbCommand (1ms) [Parameters=[@__p_0='?' (Size = 450)], CommandType='"Text"', CommandTimeout='30']
SELECT TOP(1) [a].[Id], [a].[AccessFailedCount], [a].[ConcurrencyStamp], [a].[Email], [a].[EmailConfirmed], [a].[LockoutEnabled], [a].[LockoutEnd], [a].[NormalizedEmail], [a].[NormalizedUserName], [a].[PasswordHash], [a].[PhoneNumber], [a].[PhoneNumberConfirmed], [a].[SecurityStamp], [a].[TwoFactorEnabled], [a].[UserName]
FROM [AspNetUsers] AS [a]
WHERE [a].[Id] = @__p_0
[2023-03-28 11:45:56.423 +05:30  INF]  Executed DbCommand (1ms) [Parameters=[@__normalizedRoleName_0='?' (Size = 256)], CommandType='"Text"', CommandTimeout='30']
SELECT TOP(2) [a].[Id], [a].[ConcurrencyStamp], [a].[Name], [a].[NormalizedName]
FROM [AspNetRoles] AS [a]
WHERE [a].[NormalizedName] = @__normalizedRoleName_0
[2023-03-28 11:45:56.425 +05:30  INF]  Executed DbCommand (0ms) [Parameters=[@__p_0='?' (Size = 450), @__p_1='?' (Size = 450)], CommandType='"Text"', CommandTimeout='30']
SELECT TOP(1) [a].[UserId], [a].[RoleId]
FROM [AspNetUserRoles] AS [a]
WHERE ([a].[UserId] = @__p_0) AND ([a].[RoleId] = @__p_1)
[2023-03-28 11:45:56.433 +05:30  INF]  Executed DbCommand (2ms) [Parameters=[@__normalizedRoleName_0='?' (Size = 256)], CommandType='"Text"', CommandTimeout='30']
SELECT TOP(2) [a].[Id], [a].[ConcurrencyStamp], [a].[Name], [a].[NormalizedName]
FROM [AspNetRoles] AS [a]
WHERE [a].[NormalizedName] = @__normalizedRoleName_0
[2023-03-28 11:45:56.440 +05:30  INF]  Executed DbCommand (1ms) [Parameters=[@__p_0='?' (Size = 450), @__p_1='?' (Size = 450)], CommandType='"Text"', CommandTimeout='30']
SELECT TOP(1) [a].[UserId], [a].[RoleId]
FROM [AspNetUserRoles] AS [a]
WHERE ([a].[UserId] = @__p_0) AND ([a].[RoleId] = @__p_1)
[2023-03-28 11:45:56.441 +05:30  INF]  Executed DbCommand (1ms) [Parameters=[@__normalizedRoleName_0='?' (Size = 256)], CommandType='"Text"', CommandTimeout='30']
SELECT TOP(2) [a].[Id], [a].[ConcurrencyStamp], [a].[Name], [a].[NormalizedName]
FROM [AspNetRoles] AS [a]
WHERE [a].[NormalizedName] = @__normalizedRoleName_0
[2023-03-28 11:45:56.443 +05:30  INF]  Executed DbCommand (1ms) [Parameters=[@__p_0='?' (Size = 450), @__p_1='?' (Size = 450)], CommandType='"Text"', CommandTimeout='30']
SELECT TOP(1) [a].[UserId], [a].[RoleId]
FROM [AspNetUserRoles] AS [a]
WHERE ([a].[UserId] = @__p_0) AND ([a].[RoleId] = @__p_1)
[2023-03-28 11:45:56.450 +05:30  INF]  Executed DbCommand (1ms) [Parameters=[@__normalizedRoleName_0='?' (Size = 256)], CommandType='"Text"', CommandTimeout='30']
SELECT TOP(2) [a].[Id], [a].[ConcurrencyStamp], [a].[Name], [a].[NormalizedName]
FROM [AspNetRoles] AS [a]
WHERE [a].[NormalizedName] = @__normalizedRoleName_0
[2023-03-28 11:45:56.518 +05:30  INF]  Executed DbCommand (2ms) [Parameters=[@__normalizedUserName_0='?' (Size = 256)], CommandType='"Text"', CommandTimeout='30']
SELECT TOP(1) [a].[Id], [a].[AccessFailedCount], [a].[ConcurrencyStamp], [a].[Email], [a].[EmailConfirmed], [a].[LockoutEnabled], [a].[LockoutEnd], [a].[NormalizedEmail], [a].[NormalizedUserName], [a].[PasswordHash], [a].[PhoneNumber], [a].[PhoneNumberConfirmed], [a].[SecurityStamp], [a].[TwoFactorEnabled], [a].[UserName]
FROM [AspNetUsers] AS [a]
WHERE [a].[NormalizedUserName] = @__normalizedUserName_0
[2023-03-28 11:45:56.782 +05:30  INF]  Executed DbCommand (13ms) [Parameters=[@p0='?' (Size = 450), @p1='?' (Size = 450)], CommandType='"Text"', CommandTimeout='30']
SET NOCOUNT ON;
INSERT INTO [AspNetUserRoles] ([RoleId], [UserId])
VALUES (@p0, @p1);
[2023-03-28 11:45:56.820 +05:30  INF]  Executed DbCommand (11ms) [Parameters=[@p14='?' (Size = 450), @p0='?' (DbType = Int32), @p1='?' (Size = 4000), @p15='?' (Size = 4000), @p2='?' (Size = 256), @p3='?' (DbType = Boolean), @p4='?' (DbType = Boolean), @p5='?' (DbType = DateTimeOffset), @p6='?' (Size = 256), @p7='?' (Size = 256), @p8='?' (Size = 4000), @p9='?' (Size = 4000), @p10='?' (DbType = Boolean), @p11='?' (Size = 4000), @p12='?' (DbType = Boolean), @p13='?' (Size = 256)], CommandType='"Text"', CommandTimeout='30']
SET NOCOUNT ON;
UPDATE [AspNetUsers] SET [AccessFailedCount] = @p0, [ConcurrencyStamp] = @p1, [Email] = @p2, [EmailConfirmed] = @p3, [LockoutEnabled] = @p4, [LockoutEnd] = @p5, [NormalizedEmail] = @p6, [NormalizedUserName] = @p7, [PasswordHash] = @p8, [PhoneNumber] = @p9, [PhoneNumberConfirmed] = @p10, [SecurityStamp] = @p11, [TwoFactorEnabled] = @p12, [UserName] = @p13
WHERE [Id] = @p14 AND [ConcurrencyStamp] = @p15;
SELECT @@ROWCOUNT;
[2023-03-28 11:45:56.878 +05:30  INF]  Executing OkObjectResult, writing value of type 'Backend.Core.Common.ErrorHandlers.Results`1[[Backend.Core.ViewModels.SuccessResult, Backend, Version=1.0.0.0, Culture=neutral, PublicKeyToken=null]]'.
[2023-03-28 11:45:56.881 +05:30  INF]  Executed action Backend.Controllers.AdministrativeController.AddRemoveRoles (Backend) in 521.4162ms
[2023-03-28 11:45:56.881 +05:30  INF]  Executed endpoint 'Backend.Controllers.AdministrativeController.AddRemoveRoles (Backend)'
[2023-03-28 11:45:56.881 +05:30  INF]  Request finished HTTP/1.1 POST http://localhost:5238/api/Administrative/UserRoles application/json 360 - 200 - application/json;+charset=utf-8 1245.6392ms
[2023-03-28 11:46:06.904 +05:30  INF]  Request starting HTTP/1.1 GET http://localhost:5238/api/Account/GetUsersInRole?roleId=c82447ae-d307-4b9b-8c9b-c315cc7d5572 - -
[2023-03-28 11:46:06.906 +05:30  INF]  Executing endpoint 'Backend.Controllers.AccountController.GetUsersInRoles (Backend)'
[2023-03-28 11:46:06.906 +05:30  INF]  Route matched with {action = "GetUsersInRoles", controller = "Account"}. Executing controller action with signature System.Threading.Tasks.Task`1[Microsoft.AspNetCore.Mvc.IActionResult] GetUsersInRoles(System.String) on controller Backend.Controllers.AccountController (Backend).
[2023-03-28 11:46:06.907 +05:30  INF]  Entity Framework Core 6.0.12 initialized 'ApplicationDbContext' using provider 'Microsoft.EntityFrameworkCore.SqlServer:6.0.12' with options: None
[2023-03-28 11:46:06.910 +05:30  INF]  Executed DbCommand (2ms) [Parameters=[@__roleId_0='?' (Size = 450)], CommandType='"Text"', CommandTimeout='30']
SELECT TOP(1) [a].[Id], [a].[ConcurrencyStamp], [a].[Name], [a].[NormalizedName]
FROM [AspNetRoles] AS [a]
WHERE [a].[Id] = @__roleId_0
[2023-03-28 11:46:06.911 +05:30  INF]  Executed DbCommand (1ms) [Parameters=[], CommandType='"Text"', CommandTimeout='30']
SELECT [u].[UserId], [u].[Address], [u].[DOB], [u].[DOJ], [u].[FirstName], [u].[Gender], [u].[Image], [u].[LastName]
FROM [Users] AS [u]
[2023-03-28 11:46:06.917 +05:30  INF]  Executed DbCommand (5ms) [Parameters=[@__p_0='?' (Size = 450)], CommandType='"Text"', CommandTimeout='30']
SELECT TOP(1) [a].[Id], [a].[AccessFailedCount], [a].[ConcurrencyStamp], [a].[Email], [a].[EmailConfirmed], [a].[LockoutEnabled], [a].[LockoutEnd], [a].[NormalizedEmail], [a].[NormalizedUserName], [a].[PasswordHash], [a].[PhoneNumber], [a].[PhoneNumberConfirmed], [a].[SecurityStamp], [a].[TwoFactorEnabled], [a].[UserName]
FROM [AspNetUsers] AS [a]
WHERE [a].[Id] = @__p_0
[2023-03-28 11:46:06.920 +05:30  INF]  Executed DbCommand (1ms) [Parameters=[@__p_0='?' (Size = 450)], CommandType='"Text"', CommandTimeout='30']
SELECT TOP(1) [a].[Id], [a].[AccessFailedCount], [a].[ConcurrencyStamp], [a].[Email], [a].[EmailConfirmed], [a].[LockoutEnabled], [a].[LockoutEnd], [a].[NormalizedEmail], [a].[NormalizedUserName], [a].[PasswordHash], [a].[PhoneNumber], [a].[PhoneNumberConfirmed], [a].[SecurityStamp], [a].[TwoFactorEnabled], [a].[UserName]
FROM [AspNetUsers] AS [a]
WHERE [a].[Id] = @__p_0
[2023-03-28 11:46:06.922 +05:30  INF]  Executed DbCommand (1ms) [Parameters=[@__p_0='?' (Size = 450)], CommandType='"Text"', CommandTimeout='30']
SELECT TOP(1) [a].[Id], [a].[AccessFailedCount], [a].[ConcurrencyStamp], [a].[Email], [a].[EmailConfirmed], [a].[LockoutEnabled], [a].[LockoutEnd], [a].[NormalizedEmail], [a].[NormalizedUserName], [a].[PasswordHash], [a].[PhoneNumber], [a].[PhoneNumberConfirmed], [a].[SecurityStamp], [a].[TwoFactorEnabled], [a].[UserName]
FROM [AspNetUsers] AS [a]
WHERE [a].[Id] = @__p_0
[2023-03-28 11:46:06.923 +05:30  INF]  Executed DbCommand (0ms) [Parameters=[@__p_0='?' (Size = 450)], CommandType='"Text"', CommandTimeout='30']
SELECT TOP(1) [a].[Id], [a].[AccessFailedCount], [a].[ConcurrencyStamp], [a].[Email], [a].[EmailConfirmed], [a].[LockoutEnabled], [a].[LockoutEnd], [a].[NormalizedEmail], [a].[NormalizedUserName], [a].[PasswordHash], [a].[PhoneNumber], [a].[PhoneNumberConfirmed], [a].[SecurityStamp], [a].[TwoFactorEnabled], [a].[UserName]
FROM [AspNetUsers] AS [a]
WHERE [a].[Id] = @__p_0
[2023-03-28 11:46:06.924 +05:30  INF]  Executed DbCommand (1ms) [Parameters=[@__normalizedRoleName_0='?' (Size = 256)], CommandType='"Text"', CommandTimeout='30']
SELECT TOP(2) [a].[Id], [a].[ConcurrencyStamp], [a].[Name], [a].[NormalizedName]
FROM [AspNetRoles] AS [a]
WHERE [a].[NormalizedName] = @__normalizedRoleName_0
[2023-03-28 11:46:06.926 +05:30  INF]  Executed DbCommand (1ms) [Parameters=[@__p_0='?' (Size = 450), @__p_1='?' (Size = 450)], CommandType='"Text"', CommandTimeout='30']
SELECT TOP(1) [a].[UserId], [a].[RoleId]
FROM [AspNetUserRoles] AS [a]
WHERE ([a].[UserId] = @__p_0) AND ([a].[RoleId] = @__p_1)
[2023-03-28 11:46:06.928 +05:30  INF]  Executed DbCommand (1ms) [Parameters=[@__normalizedRoleName_0='?' (Size = 256)], CommandType='"Text"', CommandTimeout='30']
SELECT TOP(2) [a].[Id], [a].[ConcurrencyStamp], [a].[Name], [a].[NormalizedName]
FROM [AspNetRoles] AS [a]
WHERE [a].[NormalizedName] = @__normalizedRoleName_0
[2023-03-28 11:46:06.930 +05:30  INF]  Executed DbCommand (1ms) [Parameters=[@__p_0='?' (Size = 450), @__p_1='?' (Size = 450)], CommandType='"Text"', CommandTimeout='30']
SELECT TOP(1) [a].[UserId], [a].[RoleId]
FROM [AspNetUserRoles] AS [a]
WHERE ([a].[UserId] = @__p_0) AND ([a].[RoleId] = @__p_1)
[2023-03-28 11:46:06.933 +05:30  INF]  Executed DbCommand (3ms) [Parameters=[@__normalizedRoleName_0='?' (Size = 256)], CommandType='"Text"', CommandTimeout='30']
SELECT TOP(2) [a].[Id], [a].[ConcurrencyStamp], [a].[Name], [a].[NormalizedName]
FROM [AspNetRoles] AS [a]
WHERE [a].[NormalizedName] = @__normalizedRoleName_0
[2023-03-28 11:46:06.936 +05:30  INF]  Executed DbCommand (1ms) [Parameters=[@__p_0='?' (Size = 450), @__p_1='?' (Size = 450)], CommandType='"Text"', CommandTimeout='30']
SELECT TOP(1) [a].[UserId], [a].[RoleId]
FROM [AspNetUserRoles] AS [a]
WHERE ([a].[UserId] = @__p_0) AND ([a].[RoleId] = @__p_1)
[2023-03-28 11:46:06.937 +05:30  INF]  Executed DbCommand (1ms) [Parameters=[@__normalizedRoleName_0='?' (Size = 256)], CommandType='"Text"', CommandTimeout='30']
SELECT TOP(2) [a].[Id], [a].[ConcurrencyStamp], [a].[Name], [a].[NormalizedName]
FROM [AspNetRoles] AS [a]
WHERE [a].[NormalizedName] = @__normalizedRoleName_0
[2023-03-28 11:46:06.939 +05:30  INF]  Executed DbCommand (1ms) [Parameters=[@__p_0='?' (Size = 450), @__p_1='?' (Size = 450)], CommandType='"Text"', CommandTimeout='30']
SELECT TOP(1) [a].[UserId], [a].[RoleId]
FROM [AspNetUserRoles] AS [a]
WHERE ([a].[UserId] = @__p_0) AND ([a].[RoleId] = @__p_1)
[2023-03-28 11:46:06.940 +05:30  INF]  Executing OkObjectResult, writing value of type 'Backend.Core.Common.ErrorHandlers.Results`1[[System.Collections.Generic.List`1[[Backend.Core.Data.Entities.UserModel, Backend, Version=1.0.0.0, Culture=neutral, PublicKeyToken=null]], System.Private.CoreLib, Version=6.0.0.0, Culture=neutral, PublicKeyToken=7cec85d7bea7798e]]'.
[2023-03-28 11:46:06.940 +05:30  INF]  Executed action Backend.Controllers.AccountController.GetUsersInRoles (Backend) in 33.6104ms
[2023-03-28 11:46:06.940 +05:30  INF]  Executed endpoint 'Backend.Controllers.AccountController.GetUsersInRoles (Backend)'
[2023-03-28 11:46:06.940 +05:30  INF]  Request finished HTTP/1.1 GET http://localhost:5238/api/Account/GetUsersInRole?roleId=c82447ae-d307-4b9b-8c9b-c315cc7d5572 - - - 200 - application/json;+charset=utf-8 35.9123ms
[2023-03-28 11:46:24.059 +05:30  INF]  Request starting HTTP/1.1 GET http://localhost:5238/api/Account/GetUsersInRole?roleId=c82447ae-d307-4b9b-8c9b-c315cc7d5572 - -
[2023-03-28 11:46:24.060 +05:30  INF]  Executing endpoint 'Backend.Controllers.AccountController.GetUsersInRoles (Backend)'
[2023-03-28 11:46:24.060 +05:30  INF]  Route matched with {action = "GetUsersInRoles", controller = "Account"}. Executing controller action with signature System.Threading.Tasks.Task`1[Microsoft.AspNetCore.Mvc.IActionResult] GetUsersInRoles(System.String) on controller Backend.Controllers.AccountController (Backend).
[2023-03-28 11:46:45.787 +05:30  INF]  Entity Framework Core 6.0.12 initialized 'ApplicationDbContext' using provider 'Microsoft.EntityFrameworkCore.SqlServer:6.0.12' with options: None
[2023-03-28 11:46:45.790 +05:30  INF]  Executed DbCommand (2ms) [Parameters=[@__roleId_0='?' (Size = 450)], CommandType='"Text"', CommandTimeout='30']
SELECT TOP(1) [a].[Id], [a].[ConcurrencyStamp], [a].[Name], [a].[NormalizedName]
FROM [AspNetRoles] AS [a]
WHERE [a].[Id] = @__roleId_0
[2023-03-28 11:46:54.181 +05:30  INF]  Executed DbCommand (3ms) [Parameters=[], CommandType='"Text"', CommandTimeout='30']
SELECT [u].[UserId], [u].[Address], [u].[DOB], [u].[DOJ], [u].[FirstName], [u].[Gender], [u].[Image], [u].[LastName]
FROM [Users] AS [u]
[2023-03-28 11:46:59.653 +05:30  INF]  Executed DbCommand (3ms) [Parameters=[@__p_0='?' (Size = 450)], CommandType='"Text"', CommandTimeout='30']
SELECT TOP(1) [a].[Id], [a].[AccessFailedCount], [a].[ConcurrencyStamp], [a].[Email], [a].[EmailConfirmed], [a].[LockoutEnabled], [a].[LockoutEnd], [a].[NormalizedEmail], [a].[NormalizedUserName], [a].[PasswordHash], [a].[PhoneNumber], [a].[PhoneNumberConfirmed], [a].[SecurityStamp], [a].[TwoFactorEnabled], [a].[UserName]
FROM [AspNetUsers] AS [a]
WHERE [a].[Id] = @__p_0
[2023-03-28 11:47:00.956 +05:30  INF]  Executed DbCommand (1ms) [Parameters=[@__p_0='?' (Size = 450)], CommandType='"Text"', CommandTimeout='30']
SELECT TOP(1) [a].[Id], [a].[AccessFailedCount], [a].[ConcurrencyStamp], [a].[Email], [a].[EmailConfirmed], [a].[LockoutEnabled], [a].[LockoutEnd], [a].[NormalizedEmail], [a].[NormalizedUserName], [a].[PasswordHash], [a].[PhoneNumber], [a].[PhoneNumberConfirmed], [a].[SecurityStamp], [a].[TwoFactorEnabled], [a].[UserName]
FROM [AspNetUsers] AS [a]
WHERE [a].[Id] = @__p_0
[2023-03-28 11:47:02.198 +05:30  INF]  Executed DbCommand (1ms) [Parameters=[@__p_0='?' (Size = 450)], CommandType='"Text"', CommandTimeout='30']
SELECT TOP(1) [a].[Id], [a].[AccessFailedCount], [a].[ConcurrencyStamp], [a].[Email], [a].[EmailConfirmed], [a].[LockoutEnabled], [a].[LockoutEnd], [a].[NormalizedEmail], [a].[NormalizedUserName], [a].[PasswordHash], [a].[PhoneNumber], [a].[PhoneNumberConfirmed], [a].[SecurityStamp], [a].[TwoFactorEnabled], [a].[UserName]
FROM [AspNetUsers] AS [a]
WHERE [a].[Id] = @__p_0
[2023-03-28 11:47:04.147 +05:30  INF]  Executed DbCommand (1ms) [Parameters=[@__p_0='?' (Size = 450)], CommandType='"Text"', CommandTimeout='30']
SELECT TOP(1) [a].[Id], [a].[AccessFailedCount], [a].[ConcurrencyStamp], [a].[Email], [a].[EmailConfirmed], [a].[LockoutEnabled], [a].[LockoutEnd], [a].[NormalizedEmail], [a].[NormalizedUserName], [a].[PasswordHash], [a].[PhoneNumber], [a].[PhoneNumberConfirmed], [a].[SecurityStamp], [a].[TwoFactorEnabled], [a].[UserName]
FROM [AspNetUsers] AS [a]
WHERE [a].[Id] = @__p_0
[2023-03-28 11:47:11.922 +05:30  INF]  Executed DbCommand (2ms) [Parameters=[@__normalizedRoleName_0='?' (Size = 256)], CommandType='"Text"', CommandTimeout='30']
SELECT TOP(2) [a].[Id], [a].[ConcurrencyStamp], [a].[Name], [a].[NormalizedName]
FROM [AspNetRoles] AS [a]
WHERE [a].[NormalizedName] = @__normalizedRoleName_0
[2023-03-28 11:47:11.926 +05:30  INF]  Executed DbCommand (2ms) [Parameters=[@__p_0='?' (Size = 450), @__p_1='?' (Size = 450)], CommandType='"Text"', CommandTimeout='30']
SELECT TOP(1) [a].[UserId], [a].[RoleId]
FROM [AspNetUserRoles] AS [a]
WHERE ([a].[UserId] = @__p_0) AND ([a].[RoleId] = @__p_1)
[2023-03-28 11:49:12.404 +05:30  INF]  Executed DbCommand (7ms) [Parameters=[@__normalizedRoleName_0='?' (Size = 256)], CommandType='"Text"', CommandTimeout='30']
SELECT TOP(2) [a].[Id], [a].[ConcurrencyStamp], [a].[Name], [a].[NormalizedName]
FROM [AspNetRoles] AS [a]
WHERE [a].[NormalizedName] = @__normalizedRoleName_0
[2023-03-28 11:49:12.438 +05:30  INF]  Executed DbCommand (1ms) [Parameters=[@__p_0='?' (Size = 450), @__p_1='?' (Size = 450)], CommandType='"Text"', CommandTimeout='30']
SELECT TOP(1) [a].[UserId], [a].[RoleId]
FROM [AspNetUserRoles] AS [a]
WHERE ([a].[UserId] = @__p_0) AND ([a].[RoleId] = @__p_1)
[2023-03-28 11:49:25.816 +05:30  INF]  Executed DbCommand (2ms) [Parameters=[@__normalizedRoleName_0='?' (Size = 256)], CommandType='"Text"', CommandTimeout='30']
SELECT TOP(2) [a].[Id], [a].[ConcurrencyStamp], [a].[Name], [a].[NormalizedName]
FROM [AspNetRoles] AS [a]
WHERE [a].[NormalizedName] = @__normalizedRoleName_0
[2023-03-28 11:49:25.819 +05:30  INF]  Executed DbCommand (2ms) [Parameters=[@__p_0='?' (Size = 450), @__p_1='?' (Size = 450)], CommandType='"Text"', CommandTimeout='30']
SELECT TOP(1) [a].[UserId], [a].[RoleId]
FROM [AspNetUserRoles] AS [a]
WHERE ([a].[UserId] = @__p_0) AND ([a].[RoleId] = @__p_1)
[2023-03-28 11:49:29.827 +05:30  INF]  Executed DbCommand (4ms) [Parameters=[@__normalizedRoleName_0='?' (Size = 256)], CommandType='"Text"', CommandTimeout='30']
SELECT TOP(2) [a].[Id], [a].[ConcurrencyStamp], [a].[Name], [a].[NormalizedName]
FROM [AspNetRoles] AS [a]
WHERE [a].[NormalizedName] = @__normalizedRoleName_0
[2023-03-28 11:49:29.850 +05:30  INF]  Executed DbCommand (2ms) [Parameters=[@__p_0='?' (Size = 450), @__p_1='?' (Size = 450)], CommandType='"Text"', CommandTimeout='30']
SELECT TOP(1) [a].[UserId], [a].[RoleId]
FROM [AspNetUserRoles] AS [a]
WHERE ([a].[UserId] = @__p_0) AND ([a].[RoleId] = @__p_1)
[2023-03-28 11:49:38.371 +05:30  INF]  Executing OkObjectResult, writing value of type 'Backend.Core.Common.ErrorHandlers.Results`1[[System.Collections.Generic.List`1[[Backend.Core.Data.Entities.UserModel, Backend, Version=1.0.0.0, Culture=neutral, PublicKeyToken=null]], System.Private.CoreLib, Version=6.0.0.0, Culture=neutral, PublicKeyToken=7cec85d7bea7798e]]'.
[2023-03-28 11:49:40.573 +05:30  INF]  Executed action Backend.Controllers.AccountController.GetUsersInRoles (Backend) in 196528.0881ms
[2023-03-28 11:49:40.574 +05:30  INF]  Executed endpoint 'Backend.Controllers.AccountController.GetUsersInRoles (Backend)'
[2023-03-28 11:49:40.574 +05:30  INF]  Request finished HTTP/1.1 GET http://localhost:5238/api/Account/GetUsersInRole?roleId=c82447ae-d307-4b9b-8c9b-c315cc7d5572 - - - 200 - application/json;+charset=utf-8 196529.0622ms
[2023-03-28 11:50:18.734 +05:30  INF]  Request starting HTTP/1.1 GET http://localhost:5238/api/Account/GetUsersInRole?roleId=d47eac00-c17c-46db-b85e-dc2e96721b04 - -
[2023-03-28 11:50:18.734 +05:30  INF]  Executing endpoint 'Backend.Controllers.AccountController.GetUsersInRoles (Backend)'
[2023-03-28 11:50:18.735 +05:30  INF]  Route matched with {action = "GetUsersInRoles", controller = "Account"}. Executing controller action with signature System.Threading.Tasks.Task`1[Microsoft.AspNetCore.Mvc.IActionResult] GetUsersInRoles(System.String) on controller Backend.Controllers.AccountController (Backend).
[2023-03-28 11:50:21.489 +05:30  INF]  Entity Framework Core 6.0.12 initialized 'ApplicationDbContext' using provider 'Microsoft.EntityFrameworkCore.SqlServer:6.0.12' with options: None
[2023-03-28 11:50:21.511 +05:30  INF]  Executed DbCommand (21ms) [Parameters=[@__roleId_0='?' (Size = 450)], CommandType='"Text"', CommandTimeout='30']
SELECT TOP(1) [a].[Id], [a].[ConcurrencyStamp], [a].[Name], [a].[NormalizedName]
FROM [AspNetRoles] AS [a]
WHERE [a].[Id] = @__roleId_0
[2023-03-28 11:50:21.822 +05:30  INF]  Executed DbCommand (22ms) [Parameters=[], CommandType='"Text"', CommandTimeout='30']
SELECT [u].[UserId], [u].[Address], [u].[DOB], [u].[DOJ], [u].[FirstName], [u].[Gender], [u].[Image], [u].[LastName]
FROM [Users] AS [u]
[2023-03-28 11:50:24.660 +05:30  INF]  Executed DbCommand (2ms) [Parameters=[@__p_0='?' (Size = 450)], CommandType='"Text"', CommandTimeout='30']
SELECT TOP(1) [a].[Id], [a].[AccessFailedCount], [a].[ConcurrencyStamp], [a].[Email], [a].[EmailConfirmed], [a].[LockoutEnabled], [a].[LockoutEnd], [a].[NormalizedEmail], [a].[NormalizedUserName], [a].[PasswordHash], [a].[PhoneNumber], [a].[PhoneNumberConfirmed], [a].[SecurityStamp], [a].[TwoFactorEnabled], [a].[UserName]
FROM [AspNetUsers] AS [a]
WHERE [a].[Id] = @__p_0
[2023-03-28 11:50:27.260 +05:30  INF]  Executed DbCommand (1ms) [Parameters=[@__p_0='?' (Size = 450)], CommandType='"Text"', CommandTimeout='30']
SELECT TOP(1) [a].[Id], [a].[AccessFailedCount], [a].[ConcurrencyStamp], [a].[Email], [a].[EmailConfirmed], [a].[LockoutEnabled], [a].[LockoutEnd], [a].[NormalizedEmail], [a].[NormalizedUserName], [a].[PasswordHash], [a].[PhoneNumber], [a].[PhoneNumberConfirmed], [a].[SecurityStamp], [a].[TwoFactorEnabled], [a].[UserName]
FROM [AspNetUsers] AS [a]
WHERE [a].[Id] = @__p_0
[2023-03-28 11:50:31.820 +05:30  INF]  Executed DbCommand (3ms) [Parameters=[@__p_0='?' (Size = 450)], CommandType='"Text"', CommandTimeout='30']
SELECT TOP(1) [a].[Id], [a].[AccessFailedCount], [a].[ConcurrencyStamp], [a].[Email], [a].[EmailConfirmed], [a].[LockoutEnabled], [a].[LockoutEnd], [a].[NormalizedEmail], [a].[NormalizedUserName], [a].[PasswordHash], [a].[PhoneNumber], [a].[PhoneNumberConfirmed], [a].[SecurityStamp], [a].[TwoFactorEnabled], [a].[UserName]
FROM [AspNetUsers] AS [a]
WHERE [a].[Id] = @__p_0
[2023-03-28 11:50:33.300 +05:30  INF]  Executed DbCommand (2ms) [Parameters=[@__p_0='?' (Size = 450)], CommandType='"Text"', CommandTimeout='30']
SELECT TOP(1) [a].[Id], [a].[AccessFailedCount], [a].[ConcurrencyStamp], [a].[Email], [a].[EmailConfirmed], [a].[LockoutEnabled], [a].[LockoutEnd], [a].[NormalizedEmail], [a].[NormalizedUserName], [a].[PasswordHash], [a].[PhoneNumber], [a].[PhoneNumberConfirmed], [a].[SecurityStamp], [a].[TwoFactorEnabled], [a].[UserName]
FROM [AspNetUsers] AS [a]
WHERE [a].[Id] = @__p_0
[2023-03-28 11:50:48.902 +05:30  INF]  Executed DbCommand (2ms) [Parameters=[@__normalizedRoleName_0='?' (Size = 256)], CommandType='"Text"', CommandTimeout='30']
SELECT TOP(2) [a].[Id], [a].[ConcurrencyStamp], [a].[Name], [a].[NormalizedName]
FROM [AspNetRoles] AS [a]
WHERE [a].[NormalizedName] = @__normalizedRoleName_0
[2023-03-28 11:50:48.905 +05:30  INF]  Executed DbCommand (2ms) [Parameters=[@__p_0='?' (Size = 450), @__p_1='?' (Size = 450)], CommandType='"Text"', CommandTimeout='30']
SELECT TOP(1) [a].[UserId], [a].[RoleId]
FROM [AspNetUserRoles] AS [a]
WHERE ([a].[UserId] = @__p_0) AND ([a].[RoleId] = @__p_1)
[2023-03-28 11:51:04.694 +05:30  INF]  Executed DbCommand (1ms) [Parameters=[@__normalizedRoleName_0='?' (Size = 256)], CommandType='"Text"', CommandTimeout='30']
SELECT TOP(2) [a].[Id], [a].[ConcurrencyStamp], [a].[Name], [a].[NormalizedName]
FROM [AspNetRoles] AS [a]
WHERE [a].[NormalizedName] = @__normalizedRoleName_0
[2023-03-28 11:51:04.716 +05:30  INF]  Executed DbCommand (1ms) [Parameters=[@__p_0='?' (Size = 450), @__p_1='?' (Size = 450)], CommandType='"Text"', CommandTimeout='30']
SELECT TOP(1) [a].[UserId], [a].[RoleId]
FROM [AspNetUserRoles] AS [a]
WHERE ([a].[UserId] = @__p_0) AND ([a].[RoleId] = @__p_1)
[2023-03-28 11:51:43.309 +05:30  INF]  Executed DbCommand (2ms) [Parameters=[@__normalizedRoleName_0='?' (Size = 256)], CommandType='"Text"', CommandTimeout='30']
SELECT TOP(2) [a].[Id], [a].[ConcurrencyStamp], [a].[Name], [a].[NormalizedName]
FROM [AspNetRoles] AS [a]
WHERE [a].[NormalizedName] = @__normalizedRoleName_0
[2023-03-28 11:51:43.312 +05:30  INF]  Executed DbCommand (1ms) [Parameters=[@__p_0='?' (Size = 450), @__p_1='?' (Size = 450)], CommandType='"Text"', CommandTimeout='30']
SELECT TOP(1) [a].[UserId], [a].[RoleId]
FROM [AspNetUserRoles] AS [a]
WHERE ([a].[UserId] = @__p_0) AND ([a].[RoleId] = @__p_1)
[2023-03-28 11:51:50.079 +05:30  INF]  Executing BadRequestObjectResult, writing value of type 'Backend.Core.Common.ErrorHandlers.Results`1[[System.Collections.Generic.List`1[[Backend.Core.Data.Entities.UserModel, Backend, Version=1.0.0.0, Culture=neutral, PublicKeyToken=null]], System.Private.CoreLib, Version=6.0.0.0, Culture=neutral, PublicKeyToken=7cec85d7bea7798e]]'.
[2023-03-28 11:51:50.080 +05:30  INF]  Executed action Backend.Controllers.AccountController.GetUsersInRoles (Backend) in 91350.6298ms
[2023-03-28 11:51:50.081 +05:30  INF]  Executed endpoint 'Backend.Controllers.AccountController.GetUsersInRoles (Backend)'
[2023-03-28 11:51:50.081 +05:30  INF]  Request finished HTTP/1.1 GET http://localhost:5238/api/Account/GetUsersInRole?roleId=d47eac00-c17c-46db-b85e-dc2e96721b04 - - - 400 - application/json;+charset=utf-8 91351.6713ms
[2023-03-28 11:52:17.290 +05:30  INF]  User profile is available. Using 'C:\Users\jaseem.saheer\AppData\Local\ASP.NET\DataProtection-Keys' as key repository and Windows DPAPI to encrypt keys at rest.
[2023-03-28 11:52:17.480 +05:30  INF]  Now listening on: http://localhost:5238
[2023-03-28 11:52:17.482 +05:30  INF]  Application started. Press Ctrl+C to shut down.
[2023-03-28 11:52:17.483 +05:30  INF]  Hosting environment: Development
[2023-03-28 11:52:17.483 +05:30  INF]  Content root path: C:\Users\jaseem.saheer\source\repos\BaseFramework\Backend\Backend\
[2023-03-28 11:52:18.004 +05:30  INF]  Request starting HTTP/1.1 GET http://localhost:5238/swagger/index.html - -
[2023-03-28 11:52:18.510 +05:30  INF]  Request finished HTTP/1.1 GET http://localhost:5238/swagger/index.html - - - 200 - text/html;charset=utf-8 512.6154ms
[2023-03-28 11:52:18.536 +05:30  INF]  Request starting HTTP/1.1 GET http://localhost:5238/_framework/aspnetcore-browser-refresh.js - -
[2023-03-28 11:52:18.539 +05:30  INF]  Request finished HTTP/1.1 GET http://localhost:5238/_framework/aspnetcore-browser-refresh.js - - - 200 11984 application/javascript;+charset=utf-8 2.8004ms
[2023-03-28 11:52:18.569 +05:30  INF]  Request starting HTTP/1.1 GET http://localhost:5238/_vs/browserLink - -
[2023-03-28 11:52:18.614 +05:30  INF]  Request finished HTTP/1.1 GET http://localhost:5238/_vs/browserLink - - - 200 - text/javascript;+charset=UTF-8 45.3653ms
[2023-03-28 11:52:18.669 +05:30  INF]  Request starting HTTP/1.1 GET http://localhost:5238/swagger/v1/swagger.json - -
[2023-03-28 11:52:18.796 +05:30  INF]  Request finished HTTP/1.1 GET http://localhost:5238/swagger/v1/swagger.json - - - 200 - application/json;charset=utf-8 126.7811ms
[2023-03-28 11:53:00.627 +05:30  INF]  Request starting HTTP/1.1 GET http://localhost:5238/api/Account/GetUsersInRole?roleId=d47eac00-c17c-46db-b85e-dc2e96721b04 - -
[2023-03-28 11:53:00.807 +05:30  INF]  Executing endpoint 'Backend.Controllers.AccountController.GetUsersInRoles (Backend)'
[2023-03-28 11:53:00.844 +05:30  INF]  Route matched with {action = "GetUsersInRoles", controller = "Account"}. Executing controller action with signature System.Threading.Tasks.Task`1[Microsoft.AspNetCore.Mvc.IActionResult] GetUsersInRoles(System.String) on controller Backend.Controllers.AccountController (Backend).
[2023-03-28 11:53:11.313 +05:30  INF]  Entity Framework Core 6.0.12 initialized 'ApplicationDbContext' using provider 'Microsoft.EntityFrameworkCore.SqlServer:6.0.12' with options: None
[2023-03-28 11:53:12.544 +05:30  INF]  Executed DbCommand (123ms) [Parameters=[@__roleId_0='?' (Size = 450)], CommandType='"Text"', CommandTimeout='30']
SELECT TOP(1) [a].[Id], [a].[ConcurrencyStamp], [a].[Name], [a].[NormalizedName]
FROM [AspNetRoles] AS [a]
WHERE [a].[Id] = @__roleId_0
[2023-03-28 11:53:14.194 +05:30  INF]  Executed DbCommand (48ms) [Parameters=[], CommandType='"Text"', CommandTimeout='30']
SELECT [u].[UserId], [u].[Address], [u].[DOB], [u].[DOJ], [u].[FirstName], [u].[Gender], [u].[Image], [u].[LastName]
FROM [Users] AS [u]
[2023-03-28 11:53:15.505 +05:30  INF]  Executed DbCommand (2ms) [Parameters=[@__p_0='?' (Size = 450)], CommandType='"Text"', CommandTimeout='30']
SELECT TOP(1) [a].[Id], [a].[AccessFailedCount], [a].[ConcurrencyStamp], [a].[Email], [a].[EmailConfirmed], [a].[LockoutEnabled], [a].[LockoutEnd], [a].[NormalizedEmail], [a].[NormalizedUserName], [a].[PasswordHash], [a].[PhoneNumber], [a].[PhoneNumberConfirmed], [a].[SecurityStamp], [a].[TwoFactorEnabled], [a].[UserName]
FROM [AspNetUsers] AS [a]
WHERE [a].[Id] = @__p_0
[2023-03-28 11:53:16.822 +05:30  INF]  Executed DbCommand (1ms) [Parameters=[@__p_0='?' (Size = 450)], CommandType='"Text"', CommandTimeout='30']
SELECT TOP(1) [a].[Id], [a].[AccessFailedCount], [a].[ConcurrencyStamp], [a].[Email], [a].[EmailConfirmed], [a].[LockoutEnabled], [a].[LockoutEnd], [a].[NormalizedEmail], [a].[NormalizedUserName], [a].[PasswordHash], [a].[PhoneNumber], [a].[PhoneNumberConfirmed], [a].[SecurityStamp], [a].[TwoFactorEnabled], [a].[UserName]
FROM [AspNetUsers] AS [a]
WHERE [a].[Id] = @__p_0
[2023-03-28 11:53:17.835 +05:30  INF]  Executed DbCommand (1ms) [Parameters=[@__p_0='?' (Size = 450)], CommandType='"Text"', CommandTimeout='30']
SELECT TOP(1) [a].[Id], [a].[AccessFailedCount], [a].[ConcurrencyStamp], [a].[Email], [a].[EmailConfirmed], [a].[LockoutEnabled], [a].[LockoutEnd], [a].[NormalizedEmail], [a].[NormalizedUserName], [a].[PasswordHash], [a].[PhoneNumber], [a].[PhoneNumberConfirmed], [a].[SecurityStamp], [a].[TwoFactorEnabled], [a].[UserName]
FROM [AspNetUsers] AS [a]
WHERE [a].[Id] = @__p_0
[2023-03-28 11:53:18.877 +05:30  INF]  Executed DbCommand (1ms) [Parameters=[@__p_0='?' (Size = 450)], CommandType='"Text"', CommandTimeout='30']
SELECT TOP(1) [a].[Id], [a].[AccessFailedCount], [a].[ConcurrencyStamp], [a].[Email], [a].[EmailConfirmed], [a].[LockoutEnabled], [a].[LockoutEnd], [a].[NormalizedEmail], [a].[NormalizedUserName], [a].[PasswordHash], [a].[PhoneNumber], [a].[PhoneNumberConfirmed], [a].[SecurityStamp], [a].[TwoFactorEnabled], [a].[UserName]
FROM [AspNetUsers] AS [a]
WHERE [a].[Id] = @__p_0
[2023-03-28 11:53:34.330 +05:30  INF]  Executed DbCommand (3ms) [Parameters=[@__normalizedRoleName_0='?' (Size = 256)], CommandType='"Text"', CommandTimeout='30']
SELECT TOP(2) [a].[Id], [a].[ConcurrencyStamp], [a].[Name], [a].[NormalizedName]
FROM [AspNetRoles] AS [a]
WHERE [a].[NormalizedName] = @__normalizedRoleName_0
[2023-03-28 11:53:34.361 +05:30  INF]  Executed DbCommand (2ms) [Parameters=[@__p_0='?' (Size = 450), @__p_1='?' (Size = 450)], CommandType='"Text"', CommandTimeout='30']
SELECT TOP(1) [a].[UserId], [a].[RoleId]
FROM [AspNetUserRoles] AS [a]
WHERE ([a].[UserId] = @__p_0) AND ([a].[RoleId] = @__p_1)
[2023-03-28 11:53:38.896 +05:30  INF]  Executed DbCommand (1ms) [Parameters=[@__normalizedRoleName_0='?' (Size = 256)], CommandType='"Text"', CommandTimeout='30']
SELECT TOP(2) [a].[Id], [a].[ConcurrencyStamp], [a].[Name], [a].[NormalizedName]
FROM [AspNetRoles] AS [a]
WHERE [a].[NormalizedName] = @__normalizedRoleName_0
[2023-03-28 11:53:38.920 +05:30  INF]  Executed DbCommand (1ms) [Parameters=[@__p_0='?' (Size = 450), @__p_1='?' (Size = 450)], CommandType='"Text"', CommandTimeout='30']
SELECT TOP(1) [a].[UserId], [a].[RoleId]
FROM [AspNetUserRoles] AS [a]
WHERE ([a].[UserId] = @__p_0) AND ([a].[RoleId] = @__p_1)
[2023-03-28 11:53:42.213 +05:30  INF]  Executed DbCommand (1ms) [Parameters=[@__normalizedRoleName_0='?' (Size = 256)], CommandType='"Text"', CommandTimeout='30']
SELECT TOP(2) [a].[Id], [a].[ConcurrencyStamp], [a].[Name], [a].[NormalizedName]
FROM [AspNetRoles] AS [a]
WHERE [a].[NormalizedName] = @__normalizedRoleName_0
[2023-03-28 11:53:42.281 +05:30  INF]  Executed DbCommand (1ms) [Parameters=[@__p_0='?' (Size = 450), @__p_1='?' (Size = 450)], CommandType='"Text"', CommandTimeout='30']
SELECT TOP(1) [a].[UserId], [a].[RoleId]
FROM [AspNetUserRoles] AS [a]
WHERE ([a].[UserId] = @__p_0) AND ([a].[RoleId] = @__p_1)
[2023-03-28 11:53:48.000 +05:30  INF]  Executed DbCommand (1ms) [Parameters=[@__normalizedRoleName_0='?' (Size = 256)], CommandType='"Text"', CommandTimeout='30']
SELECT TOP(2) [a].[Id], [a].[ConcurrencyStamp], [a].[Name], [a].[NormalizedName]
FROM [AspNetRoles] AS [a]
WHERE [a].[NormalizedName] = @__normalizedRoleName_0
[2023-03-28 11:53:48.058 +05:30  INF]  Executed DbCommand (1ms) [Parameters=[@__p_0='?' (Size = 450), @__p_1='?' (Size = 450)], CommandType='"Text"', CommandTimeout='30']
SELECT TOP(1) [a].[UserId], [a].[RoleId]
FROM [AspNetUserRoles] AS [a]
WHERE ([a].[UserId] = @__p_0) AND ([a].[RoleId] = @__p_1)
[2023-03-28 11:53:49.088 +05:30  INF]  Executing OkObjectResult, writing value of type 'Backend.Core.Common.ErrorHandlers.Results`1[[System.Collections.Generic.List`1[[Backend.Core.Data.Entities.UserModel, Backend, Version=1.0.0.0, Culture=neutral, PublicKeyToken=null]], System.Private.CoreLib, Version=6.0.0.0, Culture=neutral, PublicKeyToken=7cec85d7bea7798e]]'.
[2023-03-28 11:53:52.012 +05:30  INF]  Executed action Backend.Controllers.AccountController.GetUsersInRoles (Backend) in 51161.2853ms
[2023-03-28 11:53:52.015 +05:30  INF]  Executed endpoint 'Backend.Controllers.AccountController.GetUsersInRoles (Backend)'
[2023-03-28 11:53:52.028 +05:30  INF]  Request finished HTTP/1.1 GET http://localhost:5238/api/Account/GetUsersInRole?roleId=d47eac00-c17c-46db-b85e-dc2e96721b04 - - - 200 - application/json;+charset=utf-8 51402.9466ms
[2023-03-28 11:54:03.984 +05:30  INF]  Request starting HTTP/1.1 GET http://localhost:5238/api/Account/GetUsersInRole?roleId=d47eac00-c17c-46db-b85e-dc2e96721b04 - -
[2023-03-28 11:54:03.989 +05:30  INF]  Executing endpoint 'Backend.Controllers.AccountController.GetUsersInRoles (Backend)'
[2023-03-28 11:54:03.989 +05:30  INF]  Route matched with {action = "GetUsersInRoles", controller = "Account"}. Executing controller action with signature System.Threading.Tasks.Task`1[Microsoft.AspNetCore.Mvc.IActionResult] GetUsersInRoles(System.String) on controller Backend.Controllers.AccountController (Backend).
[2023-03-28 11:54:06.264 +05:30  INF]  Entity Framework Core 6.0.12 initialized 'ApplicationDbContext' using provider 'Microsoft.EntityFrameworkCore.SqlServer:6.0.12' with options: None
[2023-03-28 11:54:06.287 +05:30  INF]  Executed DbCommand (5ms) [Parameters=[@__roleId_0='?' (Size = 450)], CommandType='"Text"', CommandTimeout='30']
SELECT TOP(1) [a].[Id], [a].[ConcurrencyStamp], [a].[Name], [a].[NormalizedName]
FROM [AspNetRoles] AS [a]
WHERE [a].[Id] = @__roleId_0
[2023-03-28 11:54:06.481 +05:30  INF]  Executed DbCommand (20ms) [Parameters=[], CommandType='"Text"', CommandTimeout='30']
SELECT [u].[UserId], [u].[Address], [u].[DOB], [u].[DOJ], [u].[FirstName], [u].[Gender], [u].[Image], [u].[LastName]
FROM [Users] AS [u]
[2023-03-28 11:54:07.306 +05:30  INF]  Executed DbCommand (32ms) [Parameters=[@__p_0='?' (Size = 450)], CommandType='"Text"', CommandTimeout='30']
SELECT TOP(1) [a].[Id], [a].[AccessFailedCount], [a].[ConcurrencyStamp], [a].[Email], [a].[EmailConfirmed], [a].[LockoutEnabled], [a].[LockoutEnd], [a].[NormalizedEmail], [a].[NormalizedUserName], [a].[PasswordHash], [a].[PhoneNumber], [a].[PhoneNumberConfirmed], [a].[SecurityStamp], [a].[TwoFactorEnabled], [a].[UserName]
FROM [AspNetUsers] AS [a]
WHERE [a].[Id] = @__p_0
[2023-03-28 11:54:54.906 +05:30  INF]  Executed DbCommand (1ms) [Parameters=[@__p_0='?' (Size = 450)], CommandType='"Text"', CommandTimeout='30']
SELECT TOP(1) [a].[Id], [a].[AccessFailedCount], [a].[ConcurrencyStamp], [a].[Email], [a].[EmailConfirmed], [a].[LockoutEnabled], [a].[LockoutEnd], [a].[NormalizedEmail], [a].[NormalizedUserName], [a].[PasswordHash], [a].[PhoneNumber], [a].[PhoneNumberConfirmed], [a].[SecurityStamp], [a].[TwoFactorEnabled], [a].[UserName]
FROM [AspNetUsers] AS [a]
WHERE [a].[Id] = @__p_0
[2023-03-28 11:54:54.907 +05:30  INF]  Executed DbCommand (0ms) [Parameters=[@__p_0='?' (Size = 450)], CommandType='"Text"', CommandTimeout='30']
SELECT TOP(1) [a].[Id], [a].[AccessFailedCount], [a].[ConcurrencyStamp], [a].[Email], [a].[EmailConfirmed], [a].[LockoutEnabled], [a].[LockoutEnd], [a].[NormalizedEmail], [a].[NormalizedUserName], [a].[PasswordHash], [a].[PhoneNumber], [a].[PhoneNumberConfirmed], [a].[SecurityStamp], [a].[TwoFactorEnabled], [a].[UserName]
FROM [AspNetUsers] AS [a]
WHERE [a].[Id] = @__p_0
[2023-03-28 11:54:54.908 +05:30  INF]  Executed DbCommand (0ms) [Parameters=[@__p_0='?' (Size = 450)], CommandType='"Text"', CommandTimeout='30']
SELECT TOP(1) [a].[Id], [a].[AccessFailedCount], [a].[ConcurrencyStamp], [a].[Email], [a].[EmailConfirmed], [a].[LockoutEnabled], [a].[LockoutEnd], [a].[NormalizedEmail], [a].[NormalizedUserName], [a].[PasswordHash], [a].[PhoneNumber], [a].[PhoneNumberConfirmed], [a].[SecurityStamp], [a].[TwoFactorEnabled], [a].[UserName]
FROM [AspNetUsers] AS [a]
WHERE [a].[Id] = @__p_0
[2023-03-28 11:54:54.910 +05:30  INF]  Executed DbCommand (1ms) [Parameters=[@__normalizedRoleName_0='?' (Size = 256)], CommandType='"Text"', CommandTimeout='30']
SELECT TOP(2) [a].[Id], [a].[ConcurrencyStamp], [a].[Name], [a].[NormalizedName]
FROM [AspNetRoles] AS [a]
WHERE [a].[NormalizedName] = @__normalizedRoleName_0
[2023-03-28 11:54:54.912 +05:30  INF]  Executed DbCommand (1ms) [Parameters=[@__p_0='?' (Size = 450), @__p_1='?' (Size = 450)], CommandType='"Text"', CommandTimeout='30']
SELECT TOP(1) [a].[UserId], [a].[RoleId]
FROM [AspNetUserRoles] AS [a]
WHERE ([a].[UserId] = @__p_0) AND ([a].[RoleId] = @__p_1)
[2023-03-28 11:54:54.912 +05:30  INF]  Executed DbCommand (0ms) [Parameters=[@__normalizedRoleName_0='?' (Size = 256)], CommandType='"Text"', CommandTimeout='30']
SELECT TOP(2) [a].[Id], [a].[ConcurrencyStamp], [a].[Name], [a].[NormalizedName]
FROM [AspNetRoles] AS [a]
WHERE [a].[NormalizedName] = @__normalizedRoleName_0
[2023-03-28 11:54:54.914 +05:30  INF]  Executed DbCommand (0ms) [Parameters=[@__p_0='?' (Size = 450), @__p_1='?' (Size = 450)], CommandType='"Text"', CommandTimeout='30']
SELECT TOP(1) [a].[UserId], [a].[RoleId]
FROM [AspNetUserRoles] AS [a]
WHERE ([a].[UserId] = @__p_0) AND ([a].[RoleId] = @__p_1)
[2023-03-28 11:54:54.914 +05:30  INF]  Executed DbCommand (0ms) [Parameters=[@__normalizedRoleName_0='?' (Size = 256)], CommandType='"Text"', CommandTimeout='30']
SELECT TOP(2) [a].[Id], [a].[ConcurrencyStamp], [a].[Name], [a].[NormalizedName]
FROM [AspNetRoles] AS [a]
WHERE [a].[NormalizedName] = @__normalizedRoleName_0
[2023-03-28 11:54:54.915 +05:30  INF]  Executed DbCommand (0ms) [Parameters=[@__p_0='?' (Size = 450), @__p_1='?' (Size = 450)], CommandType='"Text"', CommandTimeout='30']
SELECT TOP(1) [a].[UserId], [a].[RoleId]
FROM [AspNetUserRoles] AS [a]
WHERE ([a].[UserId] = @__p_0) AND ([a].[RoleId] = @__p_1)
[2023-03-28 11:54:54.916 +05:30  INF]  Executed DbCommand (1ms) [Parameters=[@__normalizedRoleName_0='?' (Size = 256)], CommandType='"Text"', CommandTimeout='30']
SELECT TOP(2) [a].[Id], [a].[ConcurrencyStamp], [a].[Name], [a].[NormalizedName]
FROM [AspNetRoles] AS [a]
WHERE [a].[NormalizedName] = @__normalizedRoleName_0
[2023-03-28 11:54:54.917 +05:30  INF]  Executed DbCommand (0ms) [Parameters=[@__p_0='?' (Size = 450), @__p_1='?' (Size = 450)], CommandType='"Text"', CommandTimeout='30']
SELECT TOP(1) [a].[UserId], [a].[RoleId]
FROM [AspNetUserRoles] AS [a]
WHERE ([a].[UserId] = @__p_0) AND ([a].[RoleId] = @__p_1)
[2023-03-28 11:54:54.918 +05:30  INF]  Executing OkObjectResult, writing value of type 'Backend.Core.Common.ErrorHandlers.Results`1[[System.Collections.Generic.List`1[[Backend.Core.Data.Entities.UserModel, Backend, Version=1.0.0.0, Culture=neutral, PublicKeyToken=null]], System.Private.CoreLib, Version=6.0.0.0, Culture=neutral, PublicKeyToken=7cec85d7bea7798e]]'.
[2023-03-28 11:54:54.918 +05:30  INF]  Executed action Backend.Controllers.AccountController.GetUsersInRoles (Backend) in 50930.7048ms
[2023-03-28 11:54:54.918 +05:30  INF]  Executed endpoint 'Backend.Controllers.AccountController.GetUsersInRoles (Backend)'
[2023-03-28 11:54:54.918 +05:30  INF]  Request finished HTTP/1.1 GET http://localhost:5238/api/Account/GetUsersInRole?roleId=d47eac00-c17c-46db-b85e-dc2e96721b04 - - - 200 - application/json;+charset=utf-8 50936.2950ms
[2023-03-28 11:54:55.786 +05:30  INF]  Request starting HTTP/1.1 GET http://localhost:5238/swagger/index.html - -
[2023-03-28 11:54:55.805 +05:30  INF]  Request finished HTTP/1.1 GET http://localhost:5238/swagger/index.html - - - 200 - text/html;charset=utf-8 25.4417ms
[2023-03-28 11:54:55.835 +05:30  INF]  Request starting HTTP/1.1 GET http://localhost:5238/_vs/browserLink - -
[2023-03-28 11:54:55.835 +05:30  INF]  Request starting HTTP/1.1 GET http://localhost:5238/_framework/aspnetcore-browser-refresh.js - -
[2023-03-28 11:54:55.836 +05:30  INF]  Request finished HTTP/1.1 GET http://localhost:5238/_framework/aspnetcore-browser-refresh.js - - - 200 11984 application/javascript;+charset=utf-8 0.1816ms
[2023-03-28 11:54:55.853 +05:30  INF]  Request finished HTTP/1.1 GET http://localhost:5238/_vs/browserLink - - - 200 - text/javascript;+charset=UTF-8 17.1979ms
[2023-03-28 11:54:55.965 +05:30  INF]  Request starting HTTP/1.1 GET http://localhost:5238/swagger/v1/swagger.json - -
[2023-03-28 11:54:55.979 +05:30  INF]  Request finished HTTP/1.1 GET http://localhost:5238/swagger/v1/swagger.json - - - 200 - application/json;charset=utf-8 13.8124ms
[2023-03-28 11:55:03.802 +05:30  INF]  User profile is available. Using 'C:\Users\jaseem.saheer\AppData\Local\ASP.NET\DataProtection-Keys' as key repository and Windows DPAPI to encrypt keys at rest.
[2023-03-28 11:55:04.010 +05:30  INF]  Now listening on: http://localhost:5238
[2023-03-28 11:55:04.011 +05:30  INF]  Application started. Press Ctrl+C to shut down.
[2023-03-28 11:55:04.012 +05:30  INF]  Hosting environment: Development
[2023-03-28 11:55:04.012 +05:30  INF]  Content root path: C:\Users\jaseem.saheer\source\repos\BaseFramework\Backend\Backend\
[2023-03-28 11:55:04.742 +05:30  INF]  Request starting HTTP/1.1 GET http://localhost:5238/swagger/index.html - -
[2023-03-28 11:55:05.637 +05:30  INF]  Request finished HTTP/1.1 GET http://localhost:5238/swagger/index.html - - - 200 - text/html;charset=utf-8 910.1223ms
[2023-03-28 11:55:05.661 +05:30  INF]  Request starting HTTP/1.1 GET http://localhost:5238/_framework/aspnetcore-browser-refresh.js - -
[2023-03-28 11:55:05.665 +05:30  INF]  Request finished HTTP/1.1 GET http://localhost:5238/_framework/aspnetcore-browser-refresh.js - - - 200 11984 application/javascript;+charset=utf-8 3.7467ms
[2023-03-28 11:55:05.697 +05:30  INF]  Request starting HTTP/1.1 GET http://localhost:5238/_vs/browserLink - -
[2023-03-28 11:55:05.736 +05:30  INF]  Request finished HTTP/1.1 GET http://localhost:5238/_vs/browserLink - - - 200 - text/javascript;+charset=UTF-8 38.7006ms
[2023-03-28 11:55:05.839 +05:30  INF]  Request starting HTTP/1.1 GET http://localhost:5238/swagger/v1/swagger.json - -
[2023-03-28 11:55:06.303 +05:30  INF]  Request finished HTTP/1.1 GET http://localhost:5238/swagger/v1/swagger.json - - - 200 - application/json;charset=utf-8 464.0292ms
[2023-03-28 11:55:25.178 +05:30  INF]  Request starting HTTP/1.1 GET http://localhost:5238/api/Account/GetUsersInRole?roleId=d47eac00-c17c-46db-b85e-dc2e96721b04 - -
[2023-03-28 11:55:25.332 +05:30  INF]  Executing endpoint 'Backend.Controllers.AccountController.GetUsersInRoles (Backend)'
[2023-03-28 11:55:25.361 +05:30  INF]  Route matched with {action = "GetUsersInRoles", controller = "Account"}. Executing controller action with signature System.Threading.Tasks.Task`1[Microsoft.AspNetCore.Mvc.IActionResult] GetUsersInRoles(System.String) on controller Backend.Controllers.AccountController (Backend).
[2023-03-28 11:55:29.771 +05:30  INF]  Entity Framework Core 6.0.12 initialized 'ApplicationDbContext' using provider 'Microsoft.EntityFrameworkCore.SqlServer:6.0.12' with options: None
[2023-03-28 11:55:31.171 +05:30  INF]  Executed DbCommand (134ms) [Parameters=[@__roleId_0='?' (Size = 450)], CommandType='"Text"', CommandTimeout='30']
SELECT TOP(1) [a].[Id], [a].[ConcurrencyStamp], [a].[Name], [a].[NormalizedName]
FROM [AspNetRoles] AS [a]
WHERE [a].[Id] = @__roleId_0
[2023-03-28 11:55:32.725 +05:30  INF]  Executed DbCommand (9ms) [Parameters=[], CommandType='"Text"', CommandTimeout='30']
SELECT [u].[UserId], [u].[Address], [u].[DOB], [u].[DOJ], [u].[FirstName], [u].[Gender], [u].[Image], [u].[LastName]
FROM [Users] AS [u]
[2023-03-28 11:55:33.601 +05:30  INF]  Executed DbCommand (22ms) [Parameters=[@__p_0='?' (Size = 450)], CommandType='"Text"', CommandTimeout='30']
SELECT TOP(1) [a].[Id], [a].[AccessFailedCount], [a].[ConcurrencyStamp], [a].[Email], [a].[EmailConfirmed], [a].[LockoutEnabled], [a].[LockoutEnd], [a].[NormalizedEmail], [a].[NormalizedUserName], [a].[PasswordHash], [a].[PhoneNumber], [a].[PhoneNumberConfirmed], [a].[SecurityStamp], [a].[TwoFactorEnabled], [a].[UserName]
FROM [AspNetUsers] AS [a]
WHERE [a].[Id] = @__p_0
[2023-03-28 11:55:34.555 +05:30  INF]  Executed DbCommand (1ms) [Parameters=[@__p_0='?' (Size = 450)], CommandType='"Text"', CommandTimeout='30']
SELECT TOP(1) [a].[Id], [a].[AccessFailedCount], [a].[ConcurrencyStamp], [a].[Email], [a].[EmailConfirmed], [a].[LockoutEnabled], [a].[LockoutEnd], [a].[NormalizedEmail], [a].[NormalizedUserName], [a].[PasswordHash], [a].[PhoneNumber], [a].[PhoneNumberConfirmed], [a].[SecurityStamp], [a].[TwoFactorEnabled], [a].[UserName]
FROM [AspNetUsers] AS [a]
WHERE [a].[Id] = @__p_0
[2023-03-28 11:55:35.740 +05:30  INF]  Executed DbCommand (1ms) [Parameters=[@__p_0='?' (Size = 450)], CommandType='"Text"', CommandTimeout='30']
SELECT TOP(1) [a].[Id], [a].[AccessFailedCount], [a].[ConcurrencyStamp], [a].[Email], [a].[EmailConfirmed], [a].[LockoutEnabled], [a].[LockoutEnd], [a].[NormalizedEmail], [a].[NormalizedUserName], [a].[PasswordHash], [a].[PhoneNumber], [a].[PhoneNumberConfirmed], [a].[SecurityStamp], [a].[TwoFactorEnabled], [a].[UserName]
FROM [AspNetUsers] AS [a]
WHERE [a].[Id] = @__p_0
[2023-03-28 11:55:36.798 +05:30  INF]  Executed DbCommand (1ms) [Parameters=[@__p_0='?' (Size = 450)], CommandType='"Text"', CommandTimeout='30']
SELECT TOP(1) [a].[Id], [a].[AccessFailedCount], [a].[ConcurrencyStamp], [a].[Email], [a].[EmailConfirmed], [a].[LockoutEnabled], [a].[LockoutEnd], [a].[NormalizedEmail], [a].[NormalizedUserName], [a].[PasswordHash], [a].[PhoneNumber], [a].[PhoneNumberConfirmed], [a].[SecurityStamp], [a].[TwoFactorEnabled], [a].[UserName]
FROM [AspNetUsers] AS [a]
WHERE [a].[Id] = @__p_0
[2023-03-28 11:55:38.432 +05:30  INF]  Executed DbCommand (2ms) [Parameters=[@__normalizedRoleName_0='?' (Size = 256)], CommandType='"Text"', CommandTimeout='30']
SELECT TOP(2) [a].[Id], [a].[ConcurrencyStamp], [a].[Name], [a].[NormalizedName]
FROM [AspNetRoles] AS [a]
WHERE [a].[NormalizedName] = @__normalizedRoleName_0
[2023-03-28 11:55:38.458 +05:30  INF]  Executed DbCommand (2ms) [Parameters=[@__p_0='?' (Size = 450), @__p_1='?' (Size = 450)], CommandType='"Text"', CommandTimeout='30']
SELECT TOP(1) [a].[UserId], [a].[RoleId]
FROM [AspNetUserRoles] AS [a]
WHERE ([a].[UserId] = @__p_0) AND ([a].[RoleId] = @__p_1)
[2023-03-28 11:55:39.546 +05:30  INF]  Executed DbCommand (1ms) [Parameters=[@__normalizedRoleName_0='?' (Size = 256)], CommandType='"Text"', CommandTimeout='30']
SELECT TOP(2) [a].[Id], [a].[ConcurrencyStamp], [a].[Name], [a].[NormalizedName]
FROM [AspNetRoles] AS [a]
WHERE [a].[NormalizedName] = @__normalizedRoleName_0
[2023-03-28 11:55:39.570 +05:30  INF]  Executed DbCommand (1ms) [Parameters=[@__p_0='?' (Size = 450), @__p_1='?' (Size = 450)], CommandType='"Text"', CommandTimeout='30']
SELECT TOP(1) [a].[UserId], [a].[RoleId]
FROM [AspNetUserRoles] AS [a]
WHERE ([a].[UserId] = @__p_0) AND ([a].[RoleId] = @__p_1)
[2023-03-28 11:55:40.809 +05:30  INF]  Executed DbCommand (1ms) [Parameters=[@__normalizedRoleName_0='?' (Size = 256)], CommandType='"Text"', CommandTimeout='30']
SELECT TOP(2) [a].[Id], [a].[ConcurrencyStamp], [a].[Name], [a].[NormalizedName]
FROM [AspNetRoles] AS [a]
WHERE [a].[NormalizedName] = @__normalizedRoleName_0
[2023-03-28 11:55:40.833 +05:30  INF]  Executed DbCommand (1ms) [Parameters=[@__p_0='?' (Size = 450), @__p_1='?' (Size = 450)], CommandType='"Text"', CommandTimeout='30']
SELECT TOP(1) [a].[UserId], [a].[RoleId]
FROM [AspNetUserRoles] AS [a]
WHERE ([a].[UserId] = @__p_0) AND ([a].[RoleId] = @__p_1)
[2023-03-28 11:55:42.903 +05:30  INF]  Executed DbCommand (1ms) [Parameters=[@__normalizedRoleName_0='?' (Size = 256)], CommandType='"Text"', CommandTimeout='30']
SELECT TOP(2) [a].[Id], [a].[ConcurrencyStamp], [a].[Name], [a].[NormalizedName]
FROM [AspNetRoles] AS [a]
WHERE [a].[NormalizedName] = @__normalizedRoleName_0
[2023-03-28 11:55:42.926 +05:30  INF]  Executed DbCommand (1ms) [Parameters=[@__p_0='?' (Size = 450), @__p_1='?' (Size = 450)], CommandType='"Text"', CommandTimeout='30']
SELECT TOP(1) [a].[UserId], [a].[RoleId]
FROM [AspNetUserRoles] AS [a]
WHERE ([a].[UserId] = @__p_0) AND ([a].[RoleId] = @__p_1)
[2023-03-28 11:55:44.124 +05:30  INF]  Executing OkObjectResult, writing value of type 'Backend.Core.Common.ErrorHandlers.Results`1[[System.Collections.Generic.List`1[[Backend.Core.Data.Entities.UserModel, Backend, Version=1.0.0.0, Culture=neutral, PublicKeyToken=null]], System.Private.CoreLib, Version=6.0.0.0, Culture=neutral, PublicKeyToken=7cec85d7bea7798e]]'.
[2023-03-28 11:55:46.315 +05:30  INF]  Executed action Backend.Controllers.AccountController.GetUsersInRoles (Backend) in 20948.6408ms
[2023-03-28 11:55:46.317 +05:30  INF]  Executed endpoint 'Backend.Controllers.AccountController.GetUsersInRoles (Backend)'
[2023-03-28 11:55:46.333 +05:30  INF]  Request finished HTTP/1.1 GET http://localhost:5238/api/Account/GetUsersInRole?roleId=d47eac00-c17c-46db-b85e-dc2e96721b04 - - - 200 - application/json;+charset=utf-8 21155.6109ms
