[2023-03-24 10:45:10.829 +05:30  INF]  User profile is available. Using 'C:\Users\jaseem.saheer\AppData\Local\ASP.NET\DataProtection-Keys' as key repository and Windows DPAPI to encrypt keys at rest.
[2023-03-24 10:45:11.162 +05:30  INF]  Now listening on: http://localhost:5238
[2023-03-24 10:45:11.166 +05:30  INF]  Application started. Press Ctrl+C to shut down.
[2023-03-24 10:45:11.167 +05:30  INF]  Hosting environment: Development
[2023-03-24 10:45:11.167 +05:30  INF]  Content root path: C:\Users\jaseem.saheer\Documents\Programs\BaseFramework\Backend\Backend\
[2023-03-24 10:47:52.802 +05:30  INF]  User profile is available. Using 'C:\Users\jaseem.saheer\AppData\Local\ASP.NET\DataProtection-Keys' as key repository and Windows DPAPI to encrypt keys at rest.
[2023-03-24 10:47:53.148 +05:30  INF]  Now listening on: http://localhost:5238
[2023-03-24 10:47:53.152 +05:30  INF]  Application started. Press Ctrl+C to shut down.
[2023-03-24 10:47:53.152 +05:30  INF]  Hosting environment: Development
[2023-03-24 10:47:53.152 +05:30  INF]  Content root path: C:\Users\jaseem.saheer\Documents\Programs\BaseFramework\Backend\Backend\
[2023-03-24 10:53:05.534 +05:30  INF]  User profile is available. Using 'C:\Users\jaseem.saheer\AppData\Local\ASP.NET\DataProtection-Keys' as key repository and Windows DPAPI to encrypt keys at rest.
[2023-03-24 10:53:05.976 +05:30  INF]  Now listening on: http://localhost:5238
[2023-03-24 10:53:05.980 +05:30  INF]  Application started. Press Ctrl+C to shut down.
[2023-03-24 10:53:05.980 +05:30  INF]  Hosting environment: Development
[2023-03-24 10:53:05.980 +05:30  INF]  Content root path: C:\Users\jaseem.saheer\Documents\Programs\BaseFramework\Backend\Backend\
[2023-03-24 10:55:34.453 +05:30  INF]  User profile is available. Using 'C:\Users\jaseem.saheer\AppData\Local\ASP.NET\DataProtection-Keys' as key repository and Windows DPAPI to encrypt keys at rest.
[2023-03-24 10:55:34.742 +05:30  INF]  Now listening on: http://localhost:5238
[2023-03-24 10:55:34.745 +05:30  INF]  Application started. Press Ctrl+C to shut down.
[2023-03-24 10:55:34.746 +05:30  INF]  Hosting environment: Development
[2023-03-24 10:55:34.746 +05:30  INF]  Content root path: C:\Users\jaseem.saheer\Documents\Programs\BaseFramework\Backend\Backend\
[2023-03-24 10:56:57.859 +05:30  INF]  Request starting HTTP/1.1 GET http://localhost:5238/swagger - -
[2023-03-24 10:56:58.222 +05:30  INF]  Request finished HTTP/1.1 GET http://localhost:5238/swagger - - - 301 0 - 372.1926ms
[2023-03-24 10:56:58.271 +05:30  INF]  Request starting HTTP/1.1 GET http://localhost:5238/swagger/index.html - -
[2023-03-24 10:56:59.132 +05:30  INF]  Request finished HTTP/1.1 GET http://localhost:5238/swagger/index.html - - - 200 - text/html;charset=utf-8 861.2746ms
[2023-03-24 10:56:59.239 +05:30  INF]  Request starting HTTP/1.1 GET http://localhost:5238/_framework/aspnetcore-browser-refresh.js - -
[2023-03-24 10:56:59.250 +05:30  INF]  Request finished HTTP/1.1 GET http://localhost:5238/_framework/aspnetcore-browser-refresh.js - - - 200 11984 application/javascript;+charset=utf-8 11.5556ms
[2023-03-24 10:56:59.410 +05:30  INF]  Request starting HTTP/1.1 GET http://localhost:5238/_vs/browserLink - -
[2023-03-24 10:56:59.563 +05:30  INF]  Request finished HTTP/1.1 GET http://localhost:5238/_vs/browserLink - - - 200 - text/javascript;+charset=UTF-8 152.7756ms
[2023-03-24 10:56:59.675 +05:30  INF]  Request starting HTTP/1.1 GET http://localhost:5238/swagger/v1/swagger.json - -
[2023-03-24 10:57:00.160 +05:30  INF]  Request finished HTTP/1.1 GET http://localhost:5238/swagger/v1/swagger.json - - - 200 - application/json;charset=utf-8 484.4662ms
[2023-03-24 10:58:55.334 +05:30  INF]  Request starting HTTP/1.1 POST http://localhost:5238/api/Account/Register application/json 321
[2023-03-24 10:58:56.809 +05:30  INF]  Executing endpoint 'Backend.Controllers.AccountController.Register (Backend)'
[2023-03-24 10:58:57.007 +05:30  INF]  Route matched with {action = "Register", controller = "Account"}. Executing controller action with signature System.Threading.Tasks.Task`1[Microsoft.AspNetCore.Mvc.IActionResult] Register(Backend.Core.Data.Entities.UserModel) on controller Backend.Controllers.AccountController (Backend).
[2023-03-24 10:59:05.418 +05:30  INF]  Entity Framework Core 6.0.12 initialized 'ApplicationDbContext' using provider 'Microsoft.EntityFrameworkCore.SqlServer:6.0.12' with options: None
[2023-03-24 10:59:12.133 +05:30  INF]  Executed DbCommand (281ms) [Parameters=[@__normalizedUserName_0='?' (Size = 256)], CommandType='"Text"', CommandTimeout='30']
SELECT TOP(1) [a].[Id], [a].[AccessFailedCount], [a].[ConcurrencyStamp], [a].[Email], [a].[EmailConfirmed], [a].[LockoutEnabled], [a].[LockoutEnd], [a].[NormalizedEmail], [a].[NormalizedUserName], [a].[PasswordHash], [a].[PhoneNumber], [a].[PhoneNumberConfirmed], [a].[SecurityStamp], [a].[TwoFactorEnabled], [a].[UserName]
FROM [AspNetUsers] AS [a]
WHERE [a].[NormalizedUserName] = @__normalizedUserName_0
[2023-03-24 10:59:13.703 +05:30  INF]  Executed DbCommand (13ms) [Parameters=[@p0='?' (Size = 450), @p1='?' (DbType = Int32), @p2='?' (Size = 4000), @p3='?' (Size = 256), @p4='?' (DbType = Boolean), @p5='?' (DbType = Boolean), @p6='?' (DbType = DateTimeOffset), @p7='?' (Size = 256), @p8='?' (Size = 256), @p9='?' (Size = 4000), @p10='?' (Size = 4000), @p11='?' (DbType = Boolean), @p12='?' (Size = 4000), @p13='?' (DbType = Boolean), @p14='?' (Size = 256)], CommandType='"Text"', CommandTimeout='30']
SET NOCOUNT ON;
INSERT INTO [AspNetUsers] ([Id], [AccessFailedCount], [ConcurrencyStamp], [Email], [EmailConfirmed], [LockoutEnabled], [LockoutEnd], [NormalizedEmail], [NormalizedUserName], [PasswordHash], [PhoneNumber], [PhoneNumberConfirmed], [SecurityStamp], [TwoFactorEnabled], [UserName])
VALUES (@p0, @p1, @p2, @p3, @p4, @p5, @p6, @p7, @p8, @p9, @p10, @p11, @p12, @p13, @p14);
[2023-03-24 10:59:14.283 +05:30  INF]  Executed DbCommand (16ms) [Parameters=[@p0='?' (Size = 450), @p1='?' (Size = 4000), @p2='?' (DbType = DateTime2), @p3='?' (DbType = DateTime2), @p4='?' (Size = 4000), @p5='?' (Size = 4000), @p6='?' (Size = 4000), @p7='?' (Size = 4000)], CommandType='"Text"', CommandTimeout='30']
SET NOCOUNT ON;
INSERT INTO [Users] ([UserId], [Address], [DOB], [DOJ], [FirstName], [Gender], [Image], [LastName])
VALUES (@p0, @p1, @p2, @p3, @p4, @p5, @p6, @p7);
[2023-03-24 10:59:14.323 +05:30  INF]  New User Created
[2023-03-24 10:59:14.395 +05:30  INF]  Executing OkObjectResult, writing value of type 'Backend.Core.Common.ErrorHandlers.Results`1[[Backend.Core.ViewModels.SuccessResult, Backend, Version=1.0.0.0, Culture=neutral, PublicKeyToken=null]]'.
[2023-03-24 10:59:14.452 +05:30  INF]  Executed action Backend.Controllers.AccountController.Register (Backend) in 10053.474ms
[2023-03-24 10:59:14.460 +05:30  INF]  Executed endpoint 'Backend.Controllers.AccountController.Register (Backend)'
[2023-03-24 10:59:14.514 +05:30  INF]  Request finished HTTP/1.1 POST http://localhost:5238/api/Account/Register application/json 321 - 200 - application/json;+charset=utf-8 11074.9278ms
[2023-03-24 10:59:24.672 +05:30  INF]  Request starting HTTP/1.1 POST http://localhost:5238/api/Account/Register application/json 321
[2023-03-24 10:59:24.694 +05:30  INF]  Executing endpoint 'Backend.Controllers.AccountController.Register (Backend)'
[2023-03-24 10:59:24.695 +05:30  INF]  Route matched with {action = "Register", controller = "Account"}. Executing controller action with signature System.Threading.Tasks.Task`1[Microsoft.AspNetCore.Mvc.IActionResult] Register(Backend.Core.Data.Entities.UserModel) on controller Backend.Controllers.AccountController (Backend).
[2023-03-24 10:59:24.927 +05:30  INF]  Entity Framework Core 6.0.12 initialized 'ApplicationDbContext' using provider 'Microsoft.EntityFrameworkCore.SqlServer:6.0.12' with options: None
[2023-03-24 10:59:24.954 +05:30  INF]  Executed DbCommand (3ms) [Parameters=[@__normalizedUserName_0='?' (Size = 256)], CommandType='"Text"', CommandTimeout='30']
SELECT TOP(1) [a].[Id], [a].[AccessFailedCount], [a].[ConcurrencyStamp], [a].[Email], [a].[EmailConfirmed], [a].[LockoutEnabled], [a].[LockoutEnd], [a].[NormalizedEmail], [a].[NormalizedUserName], [a].[PasswordHash], [a].[PhoneNumber], [a].[PhoneNumberConfirmed], [a].[SecurityStamp], [a].[TwoFactorEnabled], [a].[UserName]
FROM [AspNetUsers] AS [a]
WHERE [a].[NormalizedUserName] = @__normalizedUserName_0
[2023-03-24 10:59:25.068 +05:30  WRN]  User validation failed: DuplicateUserName.
[2023-03-24 10:59:25.074 +05:30  INF]  Executing BadRequestObjectResult, writing value of type 'Backend.Core.Common.ErrorHandlers.Results`1[[Backend.Core.ViewModels.SuccessResult, Backend, Version=1.0.0.0, Culture=neutral, PublicKeyToken=null]]'.
[2023-03-24 10:59:25.079 +05:30  INF]  Executed action Backend.Controllers.AccountController.Register (Backend) in 221.6941ms
[2023-03-24 10:59:25.080 +05:30  INF]  Executed endpoint 'Backend.Controllers.AccountController.Register (Backend)'
[2023-03-24 10:59:25.080 +05:30  INF]  Request finished HTTP/1.1 POST http://localhost:5238/api/Account/Register application/json 321 - 400 - application/json;+charset=utf-8 235.8907ms
[2023-03-24 10:59:52.827 +05:30  INF]  Request starting HTTP/1.1 GET http://localhost:5238/api/Account/UserList - -
[2023-03-24 10:59:54.324 +05:30  INF]  Executing endpoint 'Backend.Controllers.AccountController.UsersList (Backend)'
[2023-03-24 10:59:54.339 +05:30  INF]  Route matched with {action = "UsersList", controller = "Account"}. Executing controller action with signature System.Threading.Tasks.Task`1[Microsoft.AspNetCore.Mvc.IActionResult] UsersList() on controller Backend.Controllers.AccountController (Backend).
[2023-03-24 10:59:54.431 +05:30  INF]  Entity Framework Core 6.0.12 initialized 'ApplicationDbContext' using provider 'Microsoft.EntityFrameworkCore.SqlServer:6.0.12' with options: None
[2023-03-24 10:59:54.908 +05:30  INF]  Executed DbCommand (11ms) [Parameters=[], CommandType='"Text"', CommandTimeout='30']
SELECT [u].[UserId], [u].[Address], [u].[DOB], [u].[DOJ], [u].[FirstName], [u].[Gender], [u].[Image], [u].[LastName], [a].[Id], [a].[AccessFailedCount], [a].[ConcurrencyStamp], [a].[Email], [a].[EmailConfirmed], [a].[LockoutEnabled], [a].[LockoutEnd], [a].[NormalizedEmail], [a].[NormalizedUserName], [a].[PasswordHash], [a].[PhoneNumber], [a].[PhoneNumberConfirmed], [a].[SecurityStamp], [a].[TwoFactorEnabled], [a].[UserName]
FROM [Users] AS [u]
INNER JOIN [AspNetUsers] AS [a] ON [u].[UserId] = [a].[Id]
[2023-03-24 10:59:54.980 +05:30  INF]  Executing OkObjectResult, writing value of type 'Backend.Core.Common.ErrorHandlers.Results`1[[System.Collections.Generic.List`1[[Backend.Core.Data.Entities.UserModel, Backend, Version=1.0.0.0, Culture=neutral, PublicKeyToken=null]], System.Private.CoreLib, Version=6.0.0.0, Culture=neutral, PublicKeyToken=7cec85d7bea7798e]]'.
[2023-03-24 10:59:55.049 +05:30  INF]  Executed action Backend.Controllers.AccountController.UsersList (Backend) in 409.7108ms
[2023-03-24 10:59:55.050 +05:30  INF]  Executed endpoint 'Backend.Controllers.AccountController.UsersList (Backend)'
[2023-03-24 10:59:55.055 +05:30  INF]  Request finished HTTP/1.1 GET http://localhost:5238/api/Account/UserList - - - 200 - application/json;+charset=utf-8 1286.3440ms
[2023-03-24 11:10:58.233 +05:30  INF]  User profile is available. Using 'C:\Users\jaseem.saheer\AppData\Local\ASP.NET\DataProtection-Keys' as key repository and Windows DPAPI to encrypt keys at rest.
[2023-03-24 11:10:58.551 +05:30  INF]  Now listening on: http://localhost:5238
[2023-03-24 11:10:58.555 +05:30  INF]  Application started. Press Ctrl+C to shut down.
[2023-03-24 11:10:58.555 +05:30  INF]  Hosting environment: Development
[2023-03-24 11:10:58.555 +05:30  INF]  Content root path: C:\Users\jaseem.saheer\Documents\Programs\BaseFramework\Backend\Backend\
[2023-03-24 11:10:59.384 +05:30  INF]  Request starting HTTP/1.1 GET http://localhost:5238/swagger/index.html - -
[2023-03-24 11:10:59.946 +05:30  INF]  Request finished HTTP/1.1 GET http://localhost:5238/swagger/index.html - - - 200 - text/html;charset=utf-8 570.5479ms
[2023-03-24 11:10:59.998 +05:30  INF]  Request starting HTTP/1.1 GET http://localhost:5238/_framework/aspnetcore-browser-refresh.js - -
[2023-03-24 11:11:00.005 +05:30  INF]  Request finished HTTP/1.1 GET http://localhost:5238/_framework/aspnetcore-browser-refresh.js - - - 200 11984 application/javascript;+charset=utf-8 7.3603ms
[2023-03-24 11:11:00.071 +05:30  INF]  Request starting HTTP/1.1 GET http://localhost:5238/_vs/browserLink - -
[2023-03-24 11:11:00.132 +05:30  INF]  Request finished HTTP/1.1 GET http://localhost:5238/_vs/browserLink - - - 200 - text/javascript;+charset=UTF-8 60.6211ms
[2023-03-24 11:11:00.347 +05:30  INF]  Request starting HTTP/1.1 GET http://localhost:5238/swagger/v1/swagger.json - -
[2023-03-24 11:11:00.525 +05:30  INF]  Request finished HTTP/1.1 GET http://localhost:5238/swagger/v1/swagger.json - - - 200 - application/json;charset=utf-8 178.5177ms
[2023-03-24 11:11:27.766 +05:30  INF]  Request starting HTTP/1.1 GET http://localhost:5238/api/Employee/AdvertisementList - -
[2023-03-24 11:11:28.148 +05:30  INF]  Executing endpoint 'Backend.Controllers.EmployeeController.GetAllAdvertisements (Backend)'
[2023-03-24 11:11:28.204 +05:30  INF]  Route matched with {action = "GetAllAdvertisements", controller = "Employee"}. Executing controller action with signature System.Threading.Tasks.Task`1[Microsoft.AspNetCore.Mvc.IActionResult] GetAllAdvertisements() on controller Backend.Controllers.EmployeeController (Backend).
[2023-03-24 11:11:35.849 +05:30  INF]  Entity Framework Core 6.0.12 initialized 'ApplicationDbContext' using provider 'Microsoft.EntityFrameworkCore.SqlServer:6.0.12' with options: None
[2023-03-24 11:11:39.676 +05:30  INF]  Executed DbCommand (222ms) [Parameters=[], CommandType='"Text"', CommandTimeout='30']
SELECT [a].[UserId], [a].[AdvertisementId], [a].[CreatedAt], [a].[Content], [a].[IsActive], [a].[IsDeleted], [a].[Subject], [u].[UserId], [i].[AdvertisementId], [i].[Image], [i].[ImageId], [t0].[UserId], [t0].[Address], [t0].[DOB], [t0].[DOJ], [t0].[FirstName], [t0].[Gender], [t0].[Image], [t0].[LastName], [t0].[Id], [t0].[AccessFailedCount], [t0].[ConcurrencyStamp], [t0].[Email], [t0].[EmailConfirmed], [t0].[LockoutEnabled], [t0].[LockoutEnd], [t0].[NormalizedEmail], [t0].[NormalizedUserName], [t0].[PasswordHash], [t0].[PhoneNumber], [t0].[PhoneNumberConfirmed], [t0].[SecurityStamp], [t0].[TwoFactorEnabled], [t0].[UserName]
FROM [Advertisements] AS [a]
INNER JOIN [Users] AS [u] ON [a].[UserId] = [u].[UserId]
LEFT JOIN [Images] AS [i] ON [a].[AdvertisementId] = [i].[AdvertisementId]
LEFT JOIN (
    SELECT [t].[UserId], [t].[Address], [t].[DOB], [t].[DOJ], [t].[FirstName], [t].[Gender], [t].[Image], [t].[LastName], [t].[Id], [t].[AccessFailedCount], [t].[ConcurrencyStamp], [t].[Email], [t].[EmailConfirmed], [t].[LockoutEnabled], [t].[LockoutEnd], [t].[NormalizedEmail], [t].[NormalizedUserName], [t].[PasswordHash], [t].[PhoneNumber], [t].[PhoneNumberConfirmed], [t].[SecurityStamp], [t].[TwoFactorEnabled], [t].[UserName]
    FROM (
        SELECT [u0].[UserId], [u0].[Address], [u0].[DOB], [u0].[DOJ], [u0].[FirstName], [u0].[Gender], [u0].[Image], [u0].[LastName], [a0].[Id], [a0].[AccessFailedCount], [a0].[ConcurrencyStamp], [a0].[Email], [a0].[EmailConfirmed], [a0].[LockoutEnabled], [a0].[LockoutEnd], [a0].[NormalizedEmail], [a0].[NormalizedUserName], [a0].[PasswordHash], [a0].[PhoneNumber], [a0].[PhoneNumberConfirmed], [a0].[SecurityStamp], [a0].[TwoFactorEnabled], [a0].[UserName], ROW_NUMBER() OVER(PARTITION BY [u0].[UserId] ORDER BY [u0].[UserId], [a0].[Id]) AS [row]
        FROM [Users] AS [u0]
        INNER JOIN [AspNetUsers] AS [a0] ON [u0].[UserId] = [a0].[Id]
    ) AS [t]
    WHERE [t].[row] <= 1
) AS [t0] ON [a].[UserId] = [t0].[UserId]
ORDER BY [a].[AdvertisementId], [u].[UserId]
[2023-03-24 11:12:02.602 +05:30  INF]  Executing OkObjectResult, writing value of type 'Backend.Core.Common.ErrorHandlers.Results`1[[System.Collections.Generic.List`1[[Backend.Core.Data.Entities.AdvertisementModel, Backend, Version=1.0.0.0, Culture=neutral, PublicKeyToken=null]], System.Private.CoreLib, Version=6.0.0.0, Culture=neutral, PublicKeyToken=7cec85d7bea7798e]]'.
[2023-03-24 11:12:02.706 +05:30  INF]  Executed action Backend.Controllers.EmployeeController.GetAllAdvertisements (Backend) in 34482.5275ms
[2023-03-24 11:12:02.710 +05:30  INF]  Executed endpoint 'Backend.Controllers.EmployeeController.GetAllAdvertisements (Backend)'
[2023-03-24 11:12:02.741 +05:30  INF]  Request finished HTTP/1.1 GET http://localhost:5238/api/Employee/AdvertisementList - - - 200 - application/json;+charset=utf-8 34977.2383ms
[2023-03-24 11:14:03.918 +05:30  INF]  User profile is available. Using 'C:\Users\jaseem.saheer\AppData\Local\ASP.NET\DataProtection-Keys' as key repository and Windows DPAPI to encrypt keys at rest.
[2023-03-24 11:14:04.207 +05:30  INF]  Now listening on: http://localhost:5238
[2023-03-24 11:14:04.209 +05:30  INF]  Application started. Press Ctrl+C to shut down.
[2023-03-24 11:14:04.209 +05:30  INF]  Hosting environment: Development
[2023-03-24 11:14:04.210 +05:30  INF]  Content root path: C:\Users\jaseem.saheer\Documents\Programs\BaseFramework\Backend\Backend\
[2023-03-24 11:14:04.894 +05:30  INF]  Request starting HTTP/1.1 GET http://localhost:5238/swagger/index.html - -
[2023-03-24 11:14:05.336 +05:30  INF]  Request finished HTTP/1.1 GET http://localhost:5238/swagger/index.html - - - 200 - text/html;charset=utf-8 582.8316ms
[2023-03-24 11:14:05.367 +05:30  INF]  Request starting HTTP/1.1 GET http://localhost:5238/_framework/aspnetcore-browser-refresh.js - -
[2023-03-24 11:14:05.374 +05:30  INF]  Request finished HTTP/1.1 GET http://localhost:5238/_framework/aspnetcore-browser-refresh.js - - - 200 11984 application/javascript;+charset=utf-8 9.3402ms
[2023-03-24 11:14:05.434 +05:30  INF]  Request starting HTTP/1.1 GET http://localhost:5238/_vs/browserLink - -
[2023-03-24 11:14:05.477 +05:30  INF]  Request finished HTTP/1.1 GET http://localhost:5238/_vs/browserLink - - - 200 - text/javascript;+charset=UTF-8 55.7223ms
[2023-03-24 11:14:05.563 +05:30  INF]  Request starting HTTP/1.1 GET http://localhost:5238/swagger/v1/swagger.json - -
[2023-03-24 11:14:05.719 +05:30  INF]  Request finished HTTP/1.1 GET http://localhost:5238/swagger/v1/swagger.json - - - 200 - application/json;charset=utf-8 204.1232ms
[2023-03-24 11:14:09.999 +05:30  INF]  Request starting HTTP/1.1 GET http://localhost:5238/api/Employee/AdvertisementList - -
[2023-03-24 11:14:10.276 +05:30  INF]  Executing endpoint 'Backend.Controllers.EmployeeController.GetAllAdvertisements (Backend)'
[2023-03-24 11:14:10.320 +05:30  INF]  Route matched with {action = "GetAllAdvertisements", controller = "Employee"}. Executing controller action with signature System.Threading.Tasks.Task`1[Microsoft.AspNetCore.Mvc.IActionResult] GetAllAdvertisements() on controller Backend.Controllers.EmployeeController (Backend).
[2023-03-24 11:14:18.342 +05:30  INF]  Entity Framework Core 6.0.12 initialized 'ApplicationDbContext' using provider 'Microsoft.EntityFrameworkCore.SqlServer:6.0.12' with options: None
[2023-03-24 11:14:21.119 +05:30  INF]  Executed DbCommand (217ms) [Parameters=[], CommandType='"Text"', CommandTimeout='30']
SELECT [a].[UserId], [a].[AdvertisementId], [a].[CreatedAt], [a].[Content], [a].[IsActive], [a].[IsDeleted], [a].[Subject], [u].[UserId], [i].[ImageId], [i].[AdvertisementId], [i].[Image], [t0].[UserId], [t0].[Address], [t0].[DOB], [t0].[DOJ], [t0].[FirstName], [t0].[Gender], [t0].[Image], [t0].[LastName], [t0].[Id], [t0].[AccessFailedCount], [t0].[ConcurrencyStamp], [t0].[Email], [t0].[EmailConfirmed], [t0].[LockoutEnabled], [t0].[LockoutEnd], [t0].[NormalizedEmail], [t0].[NormalizedUserName], [t0].[PasswordHash], [t0].[PhoneNumber], [t0].[PhoneNumberConfirmed], [t0].[SecurityStamp], [t0].[TwoFactorEnabled], [t0].[UserName]
FROM [Advertisements] AS [a]
INNER JOIN [Users] AS [u] ON [a].[UserId] = [u].[UserId]
LEFT JOIN [Images] AS [i] ON [a].[AdvertisementId] = [i].[AdvertisementId]
LEFT JOIN (
    SELECT [t].[UserId], [t].[Address], [t].[DOB], [t].[DOJ], [t].[FirstName], [t].[Gender], [t].[Image], [t].[LastName], [t].[Id], [t].[AccessFailedCount], [t].[ConcurrencyStamp], [t].[Email], [t].[EmailConfirmed], [t].[LockoutEnabled], [t].[LockoutEnd], [t].[NormalizedEmail], [t].[NormalizedUserName], [t].[PasswordHash], [t].[PhoneNumber], [t].[PhoneNumberConfirmed], [t].[SecurityStamp], [t].[TwoFactorEnabled], [t].[UserName]
    FROM (
        SELECT [u0].[UserId], [u0].[Address], [u0].[DOB], [u0].[DOJ], [u0].[FirstName], [u0].[Gender], [u0].[Image], [u0].[LastName], [a0].[Id], [a0].[AccessFailedCount], [a0].[ConcurrencyStamp], [a0].[Email], [a0].[EmailConfirmed], [a0].[LockoutEnabled], [a0].[LockoutEnd], [a0].[NormalizedEmail], [a0].[NormalizedUserName], [a0].[PasswordHash], [a0].[PhoneNumber], [a0].[PhoneNumberConfirmed], [a0].[SecurityStamp], [a0].[TwoFactorEnabled], [a0].[UserName], ROW_NUMBER() OVER(PARTITION BY [u0].[UserId] ORDER BY [u0].[UserId], [a0].[Id]) AS [row]
        FROM [Users] AS [u0]
        INNER JOIN [AspNetUsers] AS [a0] ON [u0].[UserId] = [a0].[Id]
    ) AS [t]
    WHERE [t].[row] <= 1
) AS [t0] ON [a].[UserId] = [t0].[UserId]
ORDER BY [a].[AdvertisementId], [u].[UserId]
[2023-03-24 11:14:21.645 +05:30  INF]  Executing OkObjectResult, writing value of type 'Backend.Core.Common.ErrorHandlers.Results`1[[System.Collections.Generic.List`1[[Backend.Core.Data.Entities.AdvertisementModel, Backend, Version=1.0.0.0, Culture=neutral, PublicKeyToken=null]], System.Private.CoreLib, Version=6.0.0.0, Culture=neutral, PublicKeyToken=7cec85d7bea7798e]]'.
[2023-03-24 11:14:21.718 +05:30  INF]  Executed action Backend.Controllers.EmployeeController.GetAllAdvertisements (Backend) in 14919.9422ms
[2023-03-24 11:14:21.722 +05:30  INF]  Executed endpoint 'Backend.Controllers.EmployeeController.GetAllAdvertisements (Backend)'
[2023-03-24 11:14:21.749 +05:30  INF]  Request finished HTTP/1.1 GET http://localhost:5238/api/Employee/AdvertisementList - - - 200 - application/json;+charset=utf-8 15407.0452ms
[2023-03-24 11:18:10.258 +05:30  INF]  User profile is available. Using 'C:\Users\jaseem.saheer\AppData\Local\ASP.NET\DataProtection-Keys' as key repository and Windows DPAPI to encrypt keys at rest.
[2023-03-24 11:18:10.666 +05:30  INF]  Now listening on: http://localhost:5238
[2023-03-24 11:18:10.670 +05:30  INF]  Application started. Press Ctrl+C to shut down.
[2023-03-24 11:18:10.671 +05:30  INF]  Hosting environment: Development
[2023-03-24 11:18:10.671 +05:30  INF]  Content root path: C:\Users\jaseem.saheer\Documents\Programs\BaseFramework\Backend\Backend\
[2023-03-24 11:18:11.448 +05:30  INF]  Request starting HTTP/1.1 GET http://localhost:5238/swagger/index.html - -
[2023-03-24 11:18:12.012 +05:30  INF]  Request finished HTTP/1.1 GET http://localhost:5238/swagger/index.html - - - 200 - text/html;charset=utf-8 569.5281ms
[2023-03-24 11:18:12.069 +05:30  INF]  Request starting HTTP/1.1 GET http://localhost:5238/_framework/aspnetcore-browser-refresh.js - -
[2023-03-24 11:18:12.075 +05:30  INF]  Request finished HTTP/1.1 GET http://localhost:5238/_framework/aspnetcore-browser-refresh.js - - - 200 11984 application/javascript;+charset=utf-8 6.4185ms
[2023-03-24 11:18:12.141 +05:30  INF]  Request starting HTTP/1.1 GET http://localhost:5238/_vs/browserLink - -
[2023-03-24 11:18:12.203 +05:30  INF]  Request finished HTTP/1.1 GET http://localhost:5238/_vs/browserLink - - - 200 - text/javascript;+charset=UTF-8 61.8072ms
[2023-03-24 11:18:12.313 +05:30  INF]  Request starting HTTP/1.1 GET http://localhost:5238/swagger/v1/swagger.json - -
[2023-03-24 11:18:12.517 +05:30  INF]  Request finished HTTP/1.1 GET http://localhost:5238/swagger/v1/swagger.json - - - 200 - application/json;charset=utf-8 204.8571ms
