[2023-03-23 12:45:53.774 +05:30  INF]  User profile is available. Using 'C:\Users\amal.antony\AppData\Local\ASP.NET\DataProtection-Keys' as key repository and Windows DPAPI to encrypt keys at rest.
[2023-03-23 12:45:54.297 +05:30  INF]  Application started. Press Ctrl+C to shut down.
[2023-03-23 12:45:54.297 +05:30  INF]  Hosting environment: Development
[2023-03-23 12:45:54.297 +05:30  INF]  Content root path: C:\Users\amal.antony\Source\Repos\AmalAntonyUnity\BaseFramework\Backend\Backend\
[2023-03-23 12:45:54.483 +05:30  INF]  Request starting HTTP/1.1 GET http://localhost:9163/swagger/index.html - -
[2023-03-23 12:45:56.205 +05:30  INF]  Request finished HTTP/1.1 GET http://localhost:9163/swagger/index.html - - - 200 - text/html;charset=utf-8 1725.9423ms
[2023-03-23 12:45:56.306 +05:30  INF]  Request starting HTTP/1.1 GET http://localhost:9163/_framework/aspnetcore-browser-refresh.js - -
[2023-03-23 12:45:56.316 +05:30  INF]  Request starting HTTP/1.1 GET http://localhost:9163/_vs/browserLink - -
[2023-03-23 12:45:56.319 +05:30  INF]  Request finished HTTP/1.1 GET http://localhost:9163/_framework/aspnetcore-browser-refresh.js - - - 200 11984 application/javascript;+charset=utf-8 11.2554ms
[2023-03-23 12:45:56.458 +05:30  INF]  Request finished HTTP/1.1 GET http://localhost:9163/_vs/browserLink - - - 200 - text/javascript;+charset=UTF-8 142.0647ms
[2023-03-23 12:45:56.699 +05:30  INF]  Request starting HTTP/1.1 GET http://localhost:9163/swagger/v1/swagger.json - -
[2023-03-23 12:45:57.012 +05:30  INF]  Request finished HTTP/1.1 GET http://localhost:9163/swagger/v1/swagger.json - - - 200 - application/json;charset=utf-8 312.4997ms
[2023-03-23 13:31:32.395 +05:30  INF]  User profile is available. Using 'C:\Users\amal.antony\AppData\Local\ASP.NET\DataProtection-Keys' as key repository and Windows DPAPI to encrypt keys at rest.
[2023-03-23 13:31:32.767 +05:30  INF]  Application started. Press Ctrl+C to shut down.
[2023-03-23 13:31:32.767 +05:30  INF]  Hosting environment: Development
[2023-03-23 13:31:32.767 +05:30  INF]  Content root path: C:\Users\amal.antony\Source\Repos\AmalAntonyUnity\BaseFramework\Backend\Backend\
[2023-03-23 13:31:32.896 +05:30  INF]  Request starting HTTP/1.1 GET http://localhost:9163/swagger/index.html - -
[2023-03-23 13:31:33.592 +05:30  INF]  Request finished HTTP/1.1 GET http://localhost:9163/swagger/index.html - - - 200 - text/html;charset=utf-8 699.7622ms
[2023-03-23 13:31:33.672 +05:30  INF]  Request starting HTTP/1.1 GET http://localhost:9163/_framework/aspnetcore-browser-refresh.js - -
[2023-03-23 13:31:33.678 +05:30  INF]  Request finished HTTP/1.1 GET http://localhost:9163/_framework/aspnetcore-browser-refresh.js - - - 200 11984 application/javascript;+charset=utf-8 5.7068ms
[2023-03-23 13:31:33.689 +05:30  INF]  Request starting HTTP/1.1 GET http://localhost:9163/_vs/browserLink - -
[2023-03-23 13:31:33.739 +05:30  INF]  Request finished HTTP/1.1 GET http://localhost:9163/_vs/browserLink - - - 200 - text/javascript;+charset=UTF-8 49.9517ms
[2023-03-23 13:31:33.821 +05:30  INF]  Request starting HTTP/1.1 GET http://localhost:9163/swagger/v1/swagger.json - -
[2023-03-23 13:31:33.985 +05:30  INF]  Request finished HTTP/1.1 GET http://localhost:9163/swagger/v1/swagger.json - - - 200 - application/json;charset=utf-8 164.2664ms
[2023-03-23 13:32:49.719 +05:30  INF]  Request starting HTTP/1.1 POST http://localhost:9163/api/Employee/CreatePosts application/json 1089
[2023-03-23 13:32:50.235 +05:30  INF]  Executing endpoint 'Backend.Controllers.EmployeeController.CreatePosts (Backend)'
[2023-03-23 13:32:50.266 +05:30  INF]  Route matched with {action = "CreatePosts", controller = "Employee"}. Executing controller action with signature System.Threading.Tasks.Task`1[Microsoft.AspNetCore.Mvc.IActionResult] CreatePosts(Backend.Core.Data.Entities.PostModel) on controller Backend.Controllers.EmployeeController (Backend).
[2023-03-23 13:32:56.740 +05:30  INF]  Entity Framework Core 6.0.12 initialized 'ApplicationDbContext' using provider 'Microsoft.EntityFrameworkCore.SqlServer:6.0.12' with options: None
[2023-03-23 13:32:58.183 +05:30  INF]  Executed DbCommand (106ms) [Parameters=[@p0='?' (Size = 450), @p1='?' (DbType = Int32), @p2='?' (Size = 4000), @p3='?' (Size = 256), @p4='?' (DbType = Boolean), @p5='?' (DbType = Boolean), @p6='?' (DbType = DateTimeOffset), @p7='?' (Size = 256), @p8='?' (Size = 256), @p9='?' (Size = 4000), @p10='?' (Size = 4000), @p11='?' (DbType = Boolean), @p12='?' (Size = 4000), @p13='?' (DbType = Boolean), @p14='?' (Size = 256)], CommandType='"Text"', CommandTimeout='30']
SET NOCOUNT ON;
INSERT INTO [AspNetUsers] ([Id], [AccessFailedCount], [ConcurrencyStamp], [Email], [EmailConfirmed], [LockoutEnabled], [LockoutEnd], [NormalizedEmail], [NormalizedUserName], [PasswordHash], [PhoneNumber], [PhoneNumberConfirmed], [SecurityStamp], [TwoFactorEnabled], [UserName])
VALUES (@p0, @p1, @p2, @p3, @p4, @p5, @p6, @p7, @p8, @p9, @p10, @p11, @p12, @p13, @p14);
[2023-03-23 13:32:58.226 +05:30  ERR]  Failed executing DbCommand (11ms) [Parameters=[@p15='?' (Size = 450), @p16='?' (Size = 4000), @p17='?' (DbType = DateTime2), @p18='?' (DbType = DateTime2), @p19='?' (Size = 4000), @p20='?' (Size = 4000), @p21='?' (Size = 4000), @p22='?' (Size = 4000)], CommandType='"Text"', CommandTimeout='30']
SET NOCOUNT ON;
INSERT INTO [Users] ([UserId], [Address], [DOB], [DOJ], [FirstName], [Gender], [Image], [LastName])
VALUES (@p15, @p16, @p17, @p18, @p19, @p20, @p21, @p22);
[2023-03-23 13:32:58.468 +05:30  ERR]  An exception occurred in the database while saving changes for context type 'Backend.Core.Data.ApplicationDbContext'.
Microsoft.EntityFrameworkCore.DbUpdateException: An error occurred while saving the entity changes. See the inner exception for details.
 ---> Microsoft.Data.SqlClient.SqlException (0x80131904): Invalid column name 'DOJ'.
Invalid column name 'Image'.
   at Microsoft.Data.SqlClient.SqlCommand.<>c.<ExecuteDbDataReaderAsync>b__188_0(Task`1 result)
   at System.Threading.Tasks.ContinuationResultTaskFromResultTask`2.InnerInvoke()
   at System.Threading.Tasks.Task.<>c.<.cctor>b__272_0(Object obj)
   at System.Threading.ExecutionContext.RunInternal(ExecutionContext executionContext, ContextCallback callback, Object state)
--- End of stack trace from previous location ---
   at System.Threading.ExecutionContext.RunInternal(ExecutionContext executionContext, ContextCallback callback, Object state)
   at System.Threading.Tasks.Task.ExecuteWithThreadLocal(Task& currentTaskSlot, Thread threadPoolThread)
--- End of stack trace from previous location ---
   at Microsoft.EntityFrameworkCore.Storage.RelationalCommand.ExecuteReaderAsync(RelationalCommandParameterObject parameterObject, CancellationToken cancellationToken)
   at Microsoft.EntityFrameworkCore.Storage.RelationalCommand.ExecuteReaderAsync(RelationalCommandParameterObject parameterObject, CancellationToken cancellationToken)
   at Microsoft.EntityFrameworkCore.Update.ReaderModificationCommandBatch.ExecuteAsync(IRelationalConnection connection, CancellationToken cancellationToken)
ClientConnectionId:0e9e99fa-80cf-4248-9e7f-a65d36098704
Error Number:207,State:1,Class:16
   --- End of inner exception stack trace ---
   at Microsoft.EntityFrameworkCore.Update.ReaderModificationCommandBatch.ExecuteAsync(IRelationalConnection connection, CancellationToken cancellationToken)
   at Microsoft.EntityFrameworkCore.Update.Internal.BatchExecutor.ExecuteAsync(IEnumerable`1 commandBatches, IRelationalConnection connection, CancellationToken cancellationToken)
   at Microsoft.EntityFrameworkCore.Update.Internal.BatchExecutor.ExecuteAsync(IEnumerable`1 commandBatches, IRelationalConnection connection, CancellationToken cancellationToken)
   at Microsoft.EntityFrameworkCore.Update.Internal.BatchExecutor.ExecuteAsync(IEnumerable`1 commandBatches, IRelationalConnection connection, CancellationToken cancellationToken)
   at Microsoft.EntityFrameworkCore.ChangeTracking.Internal.StateManager.SaveChangesAsync(IList`1 entriesToSave, CancellationToken cancellationToken)
   at Microsoft.EntityFrameworkCore.ChangeTracking.Internal.StateManager.SaveChangesAsync(StateManager stateManager, Boolean acceptAllChangesOnSuccess, CancellationToken cancellationToken)
   at Microsoft.EntityFrameworkCore.SqlServer.Storage.Internal.SqlServerExecutionStrategy.ExecuteAsync[TState,TResult](TState state, Func`4 operation, Func`4 verifySucceeded, CancellationToken cancellationToken)
   at Microsoft.EntityFrameworkCore.DbContext.SaveChangesAsync(Boolean acceptAllChangesOnSuccess, CancellationToken cancellationToken)
Microsoft.EntityFrameworkCore.DbUpdateException: An error occurred while saving the entity changes. See the inner exception for details.
 ---> Microsoft.Data.SqlClient.SqlException (0x80131904): Invalid column name 'DOJ'.
Invalid column name 'Image'.
   at Microsoft.Data.SqlClient.SqlCommand.<>c.<ExecuteDbDataReaderAsync>b__188_0(Task`1 result)
   at System.Threading.Tasks.ContinuationResultTaskFromResultTask`2.InnerInvoke()
   at System.Threading.Tasks.Task.<>c.<.cctor>b__272_0(Object obj)
   at System.Threading.ExecutionContext.RunInternal(ExecutionContext executionContext, ContextCallback callback, Object state)
--- End of stack trace from previous location ---
   at System.Threading.ExecutionContext.RunInternal(ExecutionContext executionContext, ContextCallback callback, Object state)
   at System.Threading.Tasks.Task.ExecuteWithThreadLocal(Task& currentTaskSlot, Thread threadPoolThread)
--- End of stack trace from previous location ---
   at Microsoft.EntityFrameworkCore.Storage.RelationalCommand.ExecuteReaderAsync(RelationalCommandParameterObject parameterObject, CancellationToken cancellationToken)
   at Microsoft.EntityFrameworkCore.Storage.RelationalCommand.ExecuteReaderAsync(RelationalCommandParameterObject parameterObject, CancellationToken cancellationToken)
   at Microsoft.EntityFrameworkCore.Update.ReaderModificationCommandBatch.ExecuteAsync(IRelationalConnection connection, CancellationToken cancellationToken)
ClientConnectionId:0e9e99fa-80cf-4248-9e7f-a65d36098704
Error Number:207,State:1,Class:16
   --- End of inner exception stack trace ---
   at Microsoft.EntityFrameworkCore.Update.ReaderModificationCommandBatch.ExecuteAsync(IRelationalConnection connection, CancellationToken cancellationToken)
   at Microsoft.EntityFrameworkCore.Update.Internal.BatchExecutor.ExecuteAsync(IEnumerable`1 commandBatches, IRelationalConnection connection, CancellationToken cancellationToken)
   at Microsoft.EntityFrameworkCore.Update.Internal.BatchExecutor.ExecuteAsync(IEnumerable`1 commandBatches, IRelationalConnection connection, CancellationToken cancellationToken)
   at Microsoft.EntityFrameworkCore.Update.Internal.BatchExecutor.ExecuteAsync(IEnumerable`1 commandBatches, IRelationalConnection connection, CancellationToken cancellationToken)
   at Microsoft.EntityFrameworkCore.ChangeTracking.Internal.StateManager.SaveChangesAsync(IList`1 entriesToSave, CancellationToken cancellationToken)
   at Microsoft.EntityFrameworkCore.ChangeTracking.Internal.StateManager.SaveChangesAsync(StateManager stateManager, Boolean acceptAllChangesOnSuccess, CancellationToken cancellationToken)
   at Microsoft.EntityFrameworkCore.SqlServer.Storage.Internal.SqlServerExecutionStrategy.ExecuteAsync[TState,TResult](TState state, Func`4 operation, Func`4 verifySucceeded, CancellationToken cancellationToken)
   at Microsoft.EntityFrameworkCore.DbContext.SaveChangesAsync(Boolean acceptAllChangesOnSuccess, CancellationToken cancellationToken)
[2023-03-23 13:32:58.800 +05:30  INF]  Executing BadRequestObjectResult, writing value of type 'Backend.Core.Common.ErrorHandlers.Results`1[[Backend.Core.ViewModels.SuccessResult, Backend, Version=1.0.0.0, Culture=neutral, PublicKeyToken=null]]'.
[2023-03-23 13:32:58.817 +05:30  INF]  Executed action Backend.Controllers.EmployeeController.CreatePosts (Backend) in 8543.5021ms
[2023-03-23 13:32:58.819 +05:30  INF]  Executed endpoint 'Backend.Controllers.EmployeeController.CreatePosts (Backend)'
[2023-03-23 13:32:58.831 +05:30  INF]  Request finished HTTP/1.1 POST http://localhost:9163/api/Employee/CreatePosts application/json 1089 - 400 - application/json;+charset=utf-8 9112.9800ms
[2023-03-23 13:36:29.225 +05:30  INF]  Request starting HTTP/1.1 GET http://localhost:9163/api/Account/UserList - -
[2023-03-23 13:36:29.260 +05:30  INF]  Authorization failed. These requirements were not met:
DenyAnonymousAuthorizationRequirement: Requires an authenticated user.
[2023-03-23 13:36:29.269 +05:30  INF]  AuthenticationScheme: Bearer was challenged.
[2023-03-23 13:36:29.270 +05:30  INF]  Request finished HTTP/1.1 GET http://localhost:9163/api/Account/UserList - - - 401 - - 45.0438ms
[2023-03-23 13:39:49.145 +05:30  INF]  User profile is available. Using 'C:\Users\amal.antony\AppData\Local\ASP.NET\DataProtection-Keys' as key repository and Windows DPAPI to encrypt keys at rest.
[2023-03-23 13:39:49.410 +05:30  INF]  Application started. Press Ctrl+C to shut down.
[2023-03-23 13:39:49.410 +05:30  INF]  Hosting environment: Development
[2023-03-23 13:39:49.410 +05:30  INF]  Content root path: C:\Users\amal.antony\Source\Repos\AmalAntonyUnity\BaseFramework\Backend\Backend\
[2023-03-23 13:39:49.455 +05:30  INF]  Request starting HTTP/1.1 GET http://localhost:9163/swagger/index.html - -
[2023-03-23 13:39:49.893 +05:30  INF]  Request finished HTTP/1.1 GET http://localhost:9163/swagger/index.html - - - 200 - text/html;charset=utf-8 441.2984ms
[2023-03-23 13:39:49.927 +05:30  INF]  Request starting HTTP/1.1 GET http://localhost:9163/_framework/aspnetcore-browser-refresh.js - -
[2023-03-23 13:39:49.936 +05:30  INF]  Request finished HTTP/1.1 GET http://localhost:9163/_framework/aspnetcore-browser-refresh.js - - - 200 11984 application/javascript;+charset=utf-8 7.5308ms
[2023-03-23 13:39:49.950 +05:30  INF]  Request starting HTTP/1.1 GET http://localhost:9163/_vs/browserLink - -
[2023-03-23 13:39:50.007 +05:30  INF]  Request finished HTTP/1.1 GET http://localhost:9163/_vs/browserLink - - - 200 - text/javascript;+charset=UTF-8 57.7913ms
[2023-03-23 13:39:50.123 +05:30  INF]  Request starting HTTP/1.1 GET http://localhost:9163/swagger/v1/swagger.json - -
[2023-03-23 13:39:50.284 +05:30  INF]  Request finished HTTP/1.1 GET http://localhost:9163/swagger/v1/swagger.json - - - 200 - application/json;charset=utf-8 160.9056ms
