[2023-03-25 10:22:00.165 +05:30  INF]  Request starting HTTP/1.1 POST http://localhost:5238/api/token application/json 40
[2023-03-25 10:22:00.200 +05:30  INF]  Executing endpoint 'Backend.Controllers.TokenController.Post (Backend)'
[2023-03-25 10:22:00.201 +05:30  INF]  Route matched with {action = "Post", controller = "Token"}. Executing controller action with signature System.Threading.Tasks.Task`1[Microsoft.AspNetCore.Mvc.IActionResult] Post(Backend.Core.ViewModels.LoginViewModel) on controller Backend.Controllers.TokenController (Backend).
[2023-03-25 10:22:00.205 +05:30  INF]  Executing OkObjectResult, writing value of type 'System.String'.
[2023-03-25 10:22:00.206 +05:30  INF]  Executed action Backend.Controllers.TokenController.Post (Backend) in 4.8242ms
[2023-03-25 10:22:00.207 +05:30  INF]  Executed endpoint 'Backend.Controllers.TokenController.Post (Backend)'
[2023-03-25 10:22:00.207 +05:30  INF]  Request finished HTTP/1.1 POST http://localhost:5238/api/token application/json 40 - 200 - application/json;+charset=utf-8 45.9266ms
[2023-03-25 10:22:00.242 +05:30  INF]  Request starting HTTP/1.1 GET http://localhost:5238/api/Employee/AdvertisementList/ - -
[2023-03-25 10:22:00.245 +05:30  INF]  Executing endpoint 'Backend.Controllers.EmployeeController.GetAllAdvertisements (Backend)'
[2023-03-25 10:22:00.245 +05:30  INF]  Route matched with {action = "GetAllAdvertisements", controller = "Employee"}. Executing controller action with signature System.Threading.Tasks.Task`1[Microsoft.AspNetCore.Mvc.IActionResult] GetAllAdvertisements(System.String) on controller Backend.Controllers.EmployeeController (Backend).
[2023-03-25 10:22:00.423 +05:30  INF]  Entity Framework Core 6.0.12 initialized 'ApplicationDbContext' using provider 'Microsoft.EntityFrameworkCore.SqlServer:6.0.12' with options: None
[2023-03-25 10:22:00.500 +05:30  INF]  Executed DbCommand (47ms) [Parameters=[], CommandType='"Text"', CommandTimeout='30']
SELECT [a].[UserId], [a].[AdvertisementId], [a].[CreatedAt], [a].[Content], [a].[IsActive], [a].[IsDeleted], [a].[Subject], [u].[UserId], [i].[ImageId], [i].[AdvertisementId], [i].[Image], [t0].[UserId], [t0].[Address], [t0].[DOB], [t0].[DOJ], [t0].[FirstName], [t0].[Gender], [t0].[Image], [t0].[LastName], [t0].[Id], [t0].[AccessFailedCount], [t0].[ConcurrencyStamp], [t0].[Email], [t0].[EmailConfirmed], [t0].[LockoutEnabled], [t0].[LockoutEnd], [t0].[NormalizedEmail], [t0].[NormalizedUserName], [t0].[PasswordHash], [t0].[PhoneNumber], [t0].[PhoneNumberConfirmed], [t0].[SecurityStamp], [t0].[TwoFactorEnabled], [t0].[UserName]
FROM [Advertisements] AS [a]
INNER JOIN [Users] AS [u] ON [a].[UserId] = [u].[UserId]
LEFT JOIN [Images] AS [i] ON [a].[AdvertisementId] = [i].[AdvertisementId]
LEFT JOIN (
    SELECT [t].[UserId], [t].[Address], [t].[DOB], [t].[DOJ], [t].[FirstName], [t].[Gender], [t].[Image], [t].[LastName], [t].[Id], [t].[AccessFailedCount], [t].[ConcurrencyStamp], [t].[Email], [t].[EmailConfirmed], [t].[LockoutEnabled], [t].[LockoutEnd], [t].[NormalizedEmail], [t].[NormalizedUserName], [t].[PasswordHash], [t].[PhoneNumber], [t].[PhoneNumberConfirmed], [t].[SecurityStamp], [t].[TwoFactorEnabled], [t].[UserName]
    FROM (
        SELECT [u0].[UserId], [u0].[Address], [u0].[DOB], [u0].[DOJ], [u0].[FirstName], [u0].[Gender], [u0].[Image], [u0].[LastName], [a0].[Id], [a0].[AccessFailedCount], [a0].[ConcurrencyStamp], [a0].[Email], [a0].[EmailConfirmed], [a0].[LockoutEnabled], [a0].[LockoutEnd], [a0].[NormalizedEmail], [a0].[NormalizedUserName], [a0].[PasswordHash], [a0].[PhoneNumber], [a0].[PhoneNumberConfirmed], [a0].[SecurityStamp], [a0].[TwoFactorEnabled], [a0].[UserName], ROW_NUMBER() OVER(PARTITION BY [u0].[UserId] ORDER BY [u0].[UserId], [a0].[Id]) AS [row]
        FROM [Users] AS [u0]
        INNER JOIN [AspNetUsers] AS [a0] ON [u0].[UserId] = [a0].[Id]
    ) AS [t]
    WHERE [t].[row] <= 1
) AS [t0] ON [a].[UserId] = [t0].[UserId]
WHERE [a].[IsDeleted] = CAST(0 AS bit)
ORDER BY [a].[AdvertisementId], [u].[UserId]
[2023-03-25 10:22:00.501 +05:30  INF]  Executing OkObjectResult, writing value of type 'Backend.Core.Common.ErrorHandlers.Results`1[[System.Collections.Generic.List`1[[Backend.Core.Data.Entities.AdvertisementModel, Backend, Version=1.0.0.0, Culture=neutral, PublicKeyToken=null]], System.Private.CoreLib, Version=6.0.0.0, Culture=neutral, PublicKeyToken=7cec85d7bea7798e]]'.
[2023-03-25 10:22:00.502 +05:30  INF]  Executed action Backend.Controllers.EmployeeController.GetAllAdvertisements (Backend) in 255.8541ms
[2023-03-25 10:22:00.502 +05:30  INF]  Executed endpoint 'Backend.Controllers.EmployeeController.GetAllAdvertisements (Backend)'
[2023-03-25 10:22:00.503 +05:30  INF]  Request finished HTTP/1.1 GET http://localhost:5238/api/Employee/AdvertisementList/ - - - 200 - application/json;+charset=utf-8 260.8112ms
[2023-03-25 10:33:08.811 +05:30  INF]  Request starting HTTP/1.1 GET http://localhost:5238/api/Employee/AdvertisementList - -
[2023-03-25 10:33:08.814 +05:30  INF]  Executing endpoint 'Backend.Controllers.EmployeeController.GetAllAdvertisements (Backend)'
[2023-03-25 10:33:08.821 +05:30  INF]  Route matched with {action = "GetAllAdvertisements", controller = "Employee"}. Executing controller action with signature System.Threading.Tasks.Task`1[Microsoft.AspNetCore.Mvc.IActionResult] GetAllAdvertisements(System.String) on controller Backend.Controllers.EmployeeController (Backend).
[2023-03-25 10:33:08.826 +05:30  INF]  Entity Framework Core 6.0.12 initialized 'ApplicationDbContext' using provider 'Microsoft.EntityFrameworkCore.SqlServer:6.0.12' with options: None
[2023-03-25 10:33:08.856 +05:30  INF]  Executed DbCommand (23ms) [Parameters=[], CommandType='"Text"', CommandTimeout='30']
SELECT [a].[UserId], [a].[AdvertisementId], [a].[CreatedAt], [a].[Content], [a].[IsActive], [a].[IsDeleted], [a].[Subject], [u].[UserId], [i].[ImageId], [i].[AdvertisementId], [i].[Image], [t0].[UserId], [t0].[Address], [t0].[DOB], [t0].[DOJ], [t0].[FirstName], [t0].[Gender], [t0].[Image], [t0].[LastName], [t0].[Id], [t0].[AccessFailedCount], [t0].[ConcurrencyStamp], [t0].[Email], [t0].[EmailConfirmed], [t0].[LockoutEnabled], [t0].[LockoutEnd], [t0].[NormalizedEmail], [t0].[NormalizedUserName], [t0].[PasswordHash], [t0].[PhoneNumber], [t0].[PhoneNumberConfirmed], [t0].[SecurityStamp], [t0].[TwoFactorEnabled], [t0].[UserName]
FROM [Advertisements] AS [a]
INNER JOIN [Users] AS [u] ON [a].[UserId] = [u].[UserId]
LEFT JOIN [Images] AS [i] ON [a].[AdvertisementId] = [i].[AdvertisementId]
LEFT JOIN (
    SELECT [t].[UserId], [t].[Address], [t].[DOB], [t].[DOJ], [t].[FirstName], [t].[Gender], [t].[Image], [t].[LastName], [t].[Id], [t].[AccessFailedCount], [t].[ConcurrencyStamp], [t].[Email], [t].[EmailConfirmed], [t].[LockoutEnabled], [t].[LockoutEnd], [t].[NormalizedEmail], [t].[NormalizedUserName], [t].[PasswordHash], [t].[PhoneNumber], [t].[PhoneNumberConfirmed], [t].[SecurityStamp], [t].[TwoFactorEnabled], [t].[UserName]
    FROM (
        SELECT [u0].[UserId], [u0].[Address], [u0].[DOB], [u0].[DOJ], [u0].[FirstName], [u0].[Gender], [u0].[Image], [u0].[LastName], [a0].[Id], [a0].[AccessFailedCount], [a0].[ConcurrencyStamp], [a0].[Email], [a0].[EmailConfirmed], [a0].[LockoutEnabled], [a0].[LockoutEnd], [a0].[NormalizedEmail], [a0].[NormalizedUserName], [a0].[PasswordHash], [a0].[PhoneNumber], [a0].[PhoneNumberConfirmed], [a0].[SecurityStamp], [a0].[TwoFactorEnabled], [a0].[UserName], ROW_NUMBER() OVER(PARTITION BY [u0].[UserId] ORDER BY [u0].[UserId], [a0].[Id]) AS [row]
        FROM [Users] AS [u0]
        INNER JOIN [AspNetUsers] AS [a0] ON [u0].[UserId] = [a0].[Id]
    ) AS [t]
    WHERE [t].[row] <= 1
) AS [t0] ON [a].[UserId] = [t0].[UserId]
WHERE [a].[IsDeleted] = CAST(0 AS bit)
ORDER BY [a].[AdvertisementId], [u].[UserId]
[2023-03-25 10:33:08.858 +05:30  INF]  Executing OkObjectResult, writing value of type 'Backend.Core.Common.ErrorHandlers.Results`1[[System.Collections.Generic.List`1[[Backend.Core.Data.Entities.AdvertisementModel, Backend, Version=1.0.0.0, Culture=neutral, PublicKeyToken=null]], System.Private.CoreLib, Version=6.0.0.0, Culture=neutral, PublicKeyToken=7cec85d7bea7798e]]'.
[2023-03-25 10:33:08.859 +05:30  INF]  Executed action Backend.Controllers.EmployeeController.GetAllAdvertisements (Backend) in 37.9929ms
[2023-03-25 10:33:08.859 +05:30  INF]  Executed endpoint 'Backend.Controllers.EmployeeController.GetAllAdvertisements (Backend)'
[2023-03-25 10:33:08.860 +05:30  INF]  Request finished HTTP/1.1 GET http://localhost:5238/api/Employee/AdvertisementList - - - 200 - application/json;+charset=utf-8 48.8655ms
