[2023-03-27 09:22:21.396 +05:30  INF]  User profile is available. Using 'C:\Users\Ambareesh.sankaran\AppData\Local\ASP.NET\DataProtection-Keys' as key repository and Windows DPAPI to encrypt keys at rest.
[2023-03-27 09:22:25.010 +05:30  INF]  Now listening on: http://localhost:5238
[2023-03-27 09:22:25.057 +05:30  INF]  Application started. Press Ctrl+C to shut down.
[2023-03-27 09:22:25.058 +05:30  INF]  Hosting environment: Development
[2023-03-27 09:22:25.058 +05:30  INF]  Content root path: C:\Users\Ambareesh.sankaran\source\repos\FinalPrjt\Backend\Backend\
[2023-03-27 09:23:00.347 +05:30  INF]  Request starting HTTP/1.1 GET http://localhost:5238/swagger/index.html - -
[2023-03-27 09:23:04.184 +05:30  INF]  Request finished HTTP/1.1 GET http://localhost:5238/swagger/index.html - - - 200 - text/html;charset=utf-8 3872.9287ms
[2023-03-27 09:23:04.863 +05:30  INF]  Request starting HTTP/1.1 GET http://localhost:5238/_framework/aspnetcore-browser-refresh.js - -
[2023-03-27 09:23:04.872 +05:30  INF]  Request finished HTTP/1.1 GET http://localhost:5238/_framework/aspnetcore-browser-refresh.js - - - 200 11984 application/javascript;+charset=utf-8 8.7807ms
[2023-03-27 09:23:05.380 +05:30  INF]  Request starting HTTP/1.1 GET http://localhost:5238/_vs/browserLink - -
[2023-03-27 09:23:05.730 +05:30  INF]  Request finished HTTP/1.1 GET http://localhost:5238/_vs/browserLink - - - 200 - text/javascript;+charset=UTF-8 350.1051ms
[2023-03-27 09:23:05.982 +05:30  INF]  Request starting HTTP/1.1 GET http://localhost:5238/swagger/v1/swagger.json - -
[2023-03-27 09:23:06.430 +05:30  INF]  Request finished HTTP/1.1 GET http://localhost:5238/swagger/v1/swagger.json - - - 200 - application/json;charset=utf-8 447.0847ms
[2023-03-27 09:23:46.843 +05:30  INF]  Request starting HTTP/1.1 POST http://localhost:5238/api/token application/json 40
[2023-03-27 09:23:47.669 +05:30  INF]  Executing endpoint 'Backend.Controllers.TokenController.Post (Backend)'
[2023-03-27 09:23:47.771 +05:30  INF]  Route matched with {action = "Post", controller = "Token"}. Executing controller action with signature System.Threading.Tasks.Task`1[Microsoft.AspNetCore.Mvc.IActionResult] Post(Backend.Core.ViewModels.LoginViewModel) on controller Backend.Controllers.TokenController (Backend).
[2023-03-27 09:23:48.588 +05:30  INF]  Executing OkObjectResult, writing value of type 'System.String'.
[2023-03-27 09:23:48.615 +05:30  INF]  Executed action Backend.Controllers.TokenController.Post (Backend) in 822.8611ms
[2023-03-27 09:23:48.621 +05:30  INF]  Executed endpoint 'Backend.Controllers.TokenController.Post (Backend)'
[2023-03-27 09:23:48.622 +05:30  INF]  Request finished HTTP/1.1 POST http://localhost:5238/api/token application/json 40 - 200 - application/json;+charset=utf-8 1778.1535ms
[2023-03-27 09:23:48.748 +05:30  INF]  Request starting HTTP/1.1 GET http://localhost:5238/api/Employee/AdvertisementList/ - -
[2023-03-27 09:23:49.120 +05:30  INF]  Executing endpoint 'Backend.Controllers.EmployeeController.GetAllAdvertisements (Backend)'
[2023-03-27 09:23:49.130 +05:30  INF]  Route matched with {action = "GetAllAdvertisements", controller = "Employee"}. Executing controller action with signature System.Threading.Tasks.Task`1[Microsoft.AspNetCore.Mvc.IActionResult] GetAllAdvertisements(System.String) on controller Backend.Controllers.EmployeeController (Backend).
[2023-03-27 09:23:54.124 +05:30  INF]  Entity Framework Core 6.0.12 initialized 'ApplicationDbContext' using provider 'Microsoft.EntityFrameworkCore.SqlServer:6.0.12' with options: None
[2023-03-27 09:23:59.194 +05:30  INF]  Executed DbCommand (141ms) [Parameters=[], CommandType='"Text"', CommandTimeout='30']
SELECT [a].[UserId], [a].[AdvertisementId], [a].[CreatedAt], [a].[Content], [a].[IsActive], [a].[IsDeleted], [a].[Subject], [u].[UserId], [i].[ImageId], [i].[AdvertisementId], [i].[Image], [t0].[UserId], [t0].[Address], [t0].[DOB], [t0].[DOJ], [t0].[FirstName], [t0].[Gender], [t0].[Image], [t0].[LastName], [t0].[Id], [t0].[AccessFailedCount], [t0].[ConcurrencyStamp], [t0].[Email], [t0].[EmailConfirmed], [t0].[LockoutEnabled], [t0].[LockoutEnd], [t0].[NormalizedEmail], [t0].[NormalizedUserName], [t0].[PasswordHash], [t0].[PhoneNumber], [t0].[PhoneNumberConfirmed], [t0].[SecurityStamp], [t0].[TwoFactorEnabled], [t0].[UserName]
FROM [Advertisements] AS [a]
INNER JOIN [Users] AS [u] ON [a].[UserId] = [u].[UserId]
LEFT JOIN [Images] AS [i] ON [a].[AdvertisementId] = [i].[AdvertisementId]
LEFT JOIN (
    SELECT [t].[UserId], [t].[Address], [t].[DOB], [t].[DOJ], [t].[FirstName], [t].[Gender], [t].[Image], [t].[LastName], [t].[Id], [t].[AccessFailedCount], [t].[ConcurrencyStamp], [t].[Email], [t].[EmailConfirmed], [t].[LockoutEnabled], [t].[LockoutEnd], [t].[NormalizedEmail], [t].[NormalizedUserName], [t].[PasswordHash], [t].[PhoneNumber], [t].[PhoneNumberConfirmed], [t].[SecurityStamp], [t].[TwoFactorEnabled], [t].[UserName]
    FROM (
        SELECT [u0].[UserId], [u0].[Address], [u0].[DOB], [u0].[DOJ], [u0].[FirstName], [u0].[Gender], [u0].[Image], [u0].[LastName], [a0].[Id], [a0].[AccessFailedCount], [a0].[ConcurrencyStamp], [a0].[Email], [a0].[EmailConfirmed], [a0].[LockoutEnabled], [a0].[LockoutEnd], [a0].[NormalizedEmail], [a0].[NormalizedUserName], [a0].[PasswordHash], [a0].[PhoneNumber], [a0].[PhoneNumberConfirmed], [a0].[SecurityStamp], [a0].[TwoFactorEnabled], [a0].[UserName], ROW_NUMBER() OVER(PARTITION BY [u0].[UserId] ORDER BY [u0].[UserId], [a0].[Id]) AS [row]
        FROM [Users] AS [u0]
        INNER JOIN [AspNetUsers] AS [a0] ON [u0].[UserId] = [a0].[Id]
    ) AS [t]
    WHERE [t].[row] <= 1
) AS [t0] ON [a].[UserId] = [t0].[UserId]
WHERE [a].[IsDeleted] = CAST(0 AS bit)
ORDER BY [a].[AdvertisementId], [u].[UserId]
[2023-03-27 09:23:59.761 +05:30  INF]  Executing OkObjectResult, writing value of type 'Backend.Core.Common.ErrorHandlers.Results`1[[System.Collections.Generic.List`1[[Backend.Core.Data.Entities.AdvertisementModel, Backend, Version=1.0.0.0, Culture=neutral, PublicKeyToken=null]], System.Private.CoreLib, Version=6.0.0.0, Culture=neutral, PublicKeyToken=7cec85d7bea7798e]]'.
[2023-03-27 09:23:59.843 +05:30  INF]  Executed action Backend.Controllers.EmployeeController.GetAllAdvertisements (Backend) in 10757.0757ms
[2023-03-27 09:23:59.843 +05:30  INF]  Executed endpoint 'Backend.Controllers.EmployeeController.GetAllAdvertisements (Backend)'
[2023-03-27 09:23:59.874 +05:30  INF]  Request finished HTTP/1.1 GET http://localhost:5238/api/Employee/AdvertisementList/ - - - 200 - application/json;+charset=utf-8 11171.2948ms
[2023-03-27 09:24:59.666 +05:30  INF]  Request starting HTTP/1.1 POST http://localhost:5238/api/token application/json 40
[2023-03-27 09:24:59.680 +05:30  INF]  Executing endpoint 'Backend.Controllers.TokenController.Post (Backend)'
[2023-03-27 09:24:59.680 +05:30  INF]  Route matched with {action = "Post", controller = "Token"}. Executing controller action with signature System.Threading.Tasks.Task`1[Microsoft.AspNetCore.Mvc.IActionResult] Post(Backend.Core.ViewModels.LoginViewModel) on controller Backend.Controllers.TokenController (Backend).
[2023-03-27 09:24:59.683 +05:30  INF]  Executing OkObjectResult, writing value of type 'System.String'.
[2023-03-27 09:24:59.683 +05:30  INF]  Executed action Backend.Controllers.TokenController.Post (Backend) in 2.5527ms
[2023-03-27 09:24:59.683 +05:30  INF]  Executed endpoint 'Backend.Controllers.TokenController.Post (Backend)'
[2023-03-27 09:24:59.684 +05:30  INF]  Request finished HTTP/1.1 POST http://localhost:5238/api/token application/json 40 - 200 - application/json;+charset=utf-8 19.6762ms
[2023-03-27 09:24:59.715 +05:30  INF]  Request starting HTTP/1.1 GET http://localhost:5238/api/Employee/UsersAdvertisement/?userId=b690852c-30d5-415a-8a28-42e0605c2c28 - -
[2023-03-27 09:24:59.725 +05:30  INF]  Executing endpoint 'Backend.Controllers.EmployeeController.GetAdvertisementsByUserId (Backend)'
[2023-03-27 09:24:59.737 +05:30  INF]  Route matched with {action = "GetAdvertisementsByUserId", controller = "Employee"}. Executing controller action with signature System.Threading.Tasks.Task`1[Microsoft.AspNetCore.Mvc.IActionResult] GetAdvertisementsByUserId(System.String) on controller Backend.Controllers.EmployeeController (Backend).
[2023-03-27 09:24:59.816 +05:30  INF]  Entity Framework Core 6.0.12 initialized 'ApplicationDbContext' using provider 'Microsoft.EntityFrameworkCore.SqlServer:6.0.12' with options: None
[2023-03-27 09:25:00.346 +05:30  INF]  Executed DbCommand (300ms) [Parameters=[@__userId_0='?' (Size = 450)], CommandType='"Text"', CommandTimeout='30']
SELECT [a].[UserId], [a].[AdvertisementId], [a].[CreatedAt], [a].[Content], [a].[IsActive], [a].[IsDeleted], [a].[Subject], [u].[UserId], [i].[ImageId], [i].[AdvertisementId], [i].[Image], [t0].[UserId], [t0].[Address], [t0].[DOB], [t0].[DOJ], [t0].[FirstName], [t0].[Gender], [t0].[Image], [t0].[LastName], [t0].[Id], [t0].[AccessFailedCount], [t0].[ConcurrencyStamp], [t0].[Email], [t0].[EmailConfirmed], [t0].[LockoutEnabled], [t0].[LockoutEnd], [t0].[NormalizedEmail], [t0].[NormalizedUserName], [t0].[PasswordHash], [t0].[PhoneNumber], [t0].[PhoneNumberConfirmed], [t0].[SecurityStamp], [t0].[TwoFactorEnabled], [t0].[UserName]
FROM [Advertisements] AS [a]
INNER JOIN [Users] AS [u] ON [a].[UserId] = [u].[UserId]
LEFT JOIN [Images] AS [i] ON [a].[AdvertisementId] = [i].[AdvertisementId]
LEFT JOIN (
    SELECT [t].[UserId], [t].[Address], [t].[DOB], [t].[DOJ], [t].[FirstName], [t].[Gender], [t].[Image], [t].[LastName], [t].[Id], [t].[AccessFailedCount], [t].[ConcurrencyStamp], [t].[Email], [t].[EmailConfirmed], [t].[LockoutEnabled], [t].[LockoutEnd], [t].[NormalizedEmail], [t].[NormalizedUserName], [t].[PasswordHash], [t].[PhoneNumber], [t].[PhoneNumberConfirmed], [t].[SecurityStamp], [t].[TwoFactorEnabled], [t].[UserName]
    FROM (
        SELECT [u0].[UserId], [u0].[Address], [u0].[DOB], [u0].[DOJ], [u0].[FirstName], [u0].[Gender], [u0].[Image], [u0].[LastName], [a0].[Id], [a0].[AccessFailedCount], [a0].[ConcurrencyStamp], [a0].[Email], [a0].[EmailConfirmed], [a0].[LockoutEnabled], [a0].[LockoutEnd], [a0].[NormalizedEmail], [a0].[NormalizedUserName], [a0].[PasswordHash], [a0].[PhoneNumber], [a0].[PhoneNumberConfirmed], [a0].[SecurityStamp], [a0].[TwoFactorEnabled], [a0].[UserName], ROW_NUMBER() OVER(PARTITION BY [u0].[UserId] ORDER BY [u0].[UserId], [a0].[Id]) AS [row]
        FROM [Users] AS [u0]
        INNER JOIN [AspNetUsers] AS [a0] ON [u0].[UserId] = [a0].[Id]
    ) AS [t]
    WHERE [t].[row] <= 1
) AS [t0] ON [a].[UserId] = [t0].[UserId]
WHERE ([a].[UserId] = @__userId_0) AND ([a].[IsDeleted] = CAST(0 AS bit))
ORDER BY [a].[AdvertisementId], [u].[UserId]
[2023-03-27 09:25:00.487 +05:30  INF]  Executing OkObjectResult, writing value of type 'Backend.Core.Common.ErrorHandlers.Results`1[[System.Collections.Generic.List`1[[Backend.Core.Data.Entities.AdvertisementModel, Backend, Version=1.0.0.0, Culture=neutral, PublicKeyToken=null]], System.Private.CoreLib, Version=6.0.0.0, Culture=neutral, PublicKeyToken=7cec85d7bea7798e]]'.
[2023-03-27 09:25:00.492 +05:30  INF]  Executed action Backend.Controllers.EmployeeController.GetAdvertisementsByUserId (Backend) in 758.2099ms
[2023-03-27 09:25:00.496 +05:30  INF]  Executed endpoint 'Backend.Controllers.EmployeeController.GetAdvertisementsByUserId (Backend)'
[2023-03-27 09:25:00.505 +05:30  INF]  Request finished HTTP/1.1 GET http://localhost:5238/api/Employee/UsersAdvertisement/?userId=b690852c-30d5-415a-8a28-42e0605c2c28 - - - 200 - application/json;+charset=utf-8 794.2480ms
[2023-03-27 09:25:01.230 +05:30  INF]  Request starting HTTP/1.1 POST http://localhost:5238/api/token application/json 40
[2023-03-27 09:25:01.231 +05:30  INF]  Executing endpoint 'Backend.Controllers.TokenController.Post (Backend)'
[2023-03-27 09:25:01.232 +05:30  INF]  Route matched with {action = "Post", controller = "Token"}. Executing controller action with signature System.Threading.Tasks.Task`1[Microsoft.AspNetCore.Mvc.IActionResult] Post(Backend.Core.ViewModels.LoginViewModel) on controller Backend.Controllers.TokenController (Backend).
[2023-03-27 09:25:01.236 +05:30  INF]  Executing OkObjectResult, writing value of type 'System.String'.
[2023-03-27 09:25:01.236 +05:30  INF]  Executed action Backend.Controllers.TokenController.Post (Backend) in 4.5613ms
[2023-03-27 09:25:01.236 +05:30  INF]  Executed endpoint 'Backend.Controllers.TokenController.Post (Backend)'
[2023-03-27 09:25:01.237 +05:30  INF]  Request finished HTTP/1.1 POST http://localhost:5238/api/token application/json 40 - 200 - application/json;+charset=utf-8 6.2912ms
[2023-03-27 09:25:01.294 +05:30  INF]  Request starting HTTP/1.1 POST http://localhost:5238/api/token application/json 40
[2023-03-27 09:25:01.295 +05:30  INF]  Executing endpoint 'Backend.Controllers.TokenController.Post (Backend)'
[2023-03-27 09:25:01.295 +05:30  INF]  Route matched with {action = "Post", controller = "Token"}. Executing controller action with signature System.Threading.Tasks.Task`1[Microsoft.AspNetCore.Mvc.IActionResult] Post(Backend.Core.ViewModels.LoginViewModel) on controller Backend.Controllers.TokenController (Backend).
[2023-03-27 09:25:01.296 +05:30  INF]  Executing OkObjectResult, writing value of type 'System.String'.
[2023-03-27 09:25:01.296 +05:30  INF]  Executed action Backend.Controllers.TokenController.Post (Backend) in 0.9201ms
[2023-03-27 09:25:01.296 +05:30  INF]  Executed endpoint 'Backend.Controllers.TokenController.Post (Backend)'
[2023-03-27 09:25:01.297 +05:30  INF]  Request finished HTTP/1.1 POST http://localhost:5238/api/token application/json 40 - 200 - application/json;+charset=utf-8 2.4313ms
[2023-03-27 09:25:01.359 +05:30  INF]  Request starting HTTP/1.1 GET http://localhost:5238/api/Employee/UsersAdvertisement/?userId=Test1.jpg - -
[2023-03-27 09:25:01.360 +05:30  INF]  Executing endpoint 'Backend.Controllers.EmployeeController.GetAdvertisementsByUserId (Backend)'
[2023-03-27 09:25:01.361 +05:30  INF]  Route matched with {action = "GetAdvertisementsByUserId", controller = "Employee"}. Executing controller action with signature System.Threading.Tasks.Task`1[Microsoft.AspNetCore.Mvc.IActionResult] GetAdvertisementsByUserId(System.String) on controller Backend.Controllers.EmployeeController (Backend).
[2023-03-27 09:25:01.390 +05:30  INF]  Request starting HTTP/1.1 GET http://localhost:5238/api/Employee/UsersAdvertisement/?userId=Test2.jpg - -
[2023-03-27 09:25:01.391 +05:30  INF]  Executing endpoint 'Backend.Controllers.EmployeeController.GetAdvertisementsByUserId (Backend)'
[2023-03-27 09:25:01.391 +05:30  INF]  Route matched with {action = "GetAdvertisementsByUserId", controller = "Employee"}. Executing controller action with signature System.Threading.Tasks.Task`1[Microsoft.AspNetCore.Mvc.IActionResult] GetAdvertisementsByUserId(System.String) on controller Backend.Controllers.EmployeeController (Backend).
[2023-03-27 09:25:01.498 +05:30  INF]  Entity Framework Core 6.0.12 initialized 'ApplicationDbContext' using provider 'Microsoft.EntityFrameworkCore.SqlServer:6.0.12' with options: None
[2023-03-27 09:25:01.498 +05:30  INF]  Entity Framework Core 6.0.12 initialized 'ApplicationDbContext' using provider 'Microsoft.EntityFrameworkCore.SqlServer:6.0.12' with options: None
[2023-03-27 09:25:01.516 +05:30  INF]  Executed DbCommand (4ms) [Parameters=[@__userId_0='?' (Size = 450)], CommandType='"Text"', CommandTimeout='30']
SELECT [a].[UserId], [a].[AdvertisementId], [a].[CreatedAt], [a].[Content], [a].[IsActive], [a].[IsDeleted], [a].[Subject], [u].[UserId], [i].[ImageId], [i].[AdvertisementId], [i].[Image], [t0].[UserId], [t0].[Address], [t0].[DOB], [t0].[DOJ], [t0].[FirstName], [t0].[Gender], [t0].[Image], [t0].[LastName], [t0].[Id], [t0].[AccessFailedCount], [t0].[ConcurrencyStamp], [t0].[Email], [t0].[EmailConfirmed], [t0].[LockoutEnabled], [t0].[LockoutEnd], [t0].[NormalizedEmail], [t0].[NormalizedUserName], [t0].[PasswordHash], [t0].[PhoneNumber], [t0].[PhoneNumberConfirmed], [t0].[SecurityStamp], [t0].[TwoFactorEnabled], [t0].[UserName]
FROM [Advertisements] AS [a]
INNER JOIN [Users] AS [u] ON [a].[UserId] = [u].[UserId]
LEFT JOIN [Images] AS [i] ON [a].[AdvertisementId] = [i].[AdvertisementId]
LEFT JOIN (
    SELECT [t].[UserId], [t].[Address], [t].[DOB], [t].[DOJ], [t].[FirstName], [t].[Gender], [t].[Image], [t].[LastName], [t].[Id], [t].[AccessFailedCount], [t].[ConcurrencyStamp], [t].[Email], [t].[EmailConfirmed], [t].[LockoutEnabled], [t].[LockoutEnd], [t].[NormalizedEmail], [t].[NormalizedUserName], [t].[PasswordHash], [t].[PhoneNumber], [t].[PhoneNumberConfirmed], [t].[SecurityStamp], [t].[TwoFactorEnabled], [t].[UserName]
    FROM (
        SELECT [u0].[UserId], [u0].[Address], [u0].[DOB], [u0].[DOJ], [u0].[FirstName], [u0].[Gender], [u0].[Image], [u0].[LastName], [a0].[Id], [a0].[AccessFailedCount], [a0].[ConcurrencyStamp], [a0].[Email], [a0].[EmailConfirmed], [a0].[LockoutEnabled], [a0].[LockoutEnd], [a0].[NormalizedEmail], [a0].[NormalizedUserName], [a0].[PasswordHash], [a0].[PhoneNumber], [a0].[PhoneNumberConfirmed], [a0].[SecurityStamp], [a0].[TwoFactorEnabled], [a0].[UserName], ROW_NUMBER() OVER(PARTITION BY [u0].[UserId] ORDER BY [u0].[UserId], [a0].[Id]) AS [row]
        FROM [Users] AS [u0]
        INNER JOIN [AspNetUsers] AS [a0] ON [u0].[UserId] = [a0].[Id]
    ) AS [t]
    WHERE [t].[row] <= 1
) AS [t0] ON [a].[UserId] = [t0].[UserId]
WHERE ([a].[UserId] = @__userId_0) AND ([a].[IsDeleted] = CAST(0 AS bit))
ORDER BY [a].[AdvertisementId], [u].[UserId]
[2023-03-27 09:25:01.530 +05:30  INF]  Executing OkObjectResult, writing value of type 'Backend.Core.Common.ErrorHandlers.Results`1[[System.Collections.Generic.List`1[[Backend.Core.Data.Entities.AdvertisementModel, Backend, Version=1.0.0.0, Culture=neutral, PublicKeyToken=null]], System.Private.CoreLib, Version=6.0.0.0, Culture=neutral, PublicKeyToken=7cec85d7bea7798e]]'.
[2023-03-27 09:25:01.530 +05:30  INF]  Executed action Backend.Controllers.EmployeeController.GetAdvertisementsByUserId (Backend) in 139.7578ms
[2023-03-27 09:25:01.530 +05:30  INF]  Executed endpoint 'Backend.Controllers.EmployeeController.GetAdvertisementsByUserId (Backend)'
[2023-03-27 09:25:01.531 +05:30  INF]  Request finished HTTP/1.1 GET http://localhost:5238/api/Employee/UsersAdvertisement/?userId=Test2.jpg - - - 200 - application/json;+charset=utf-8 141.0413ms
[2023-03-27 09:25:01.556 +05:30  INF]  Executed DbCommand (1ms) [Parameters=[@__userId_0='?' (Size = 450)], CommandType='"Text"', CommandTimeout='30']
SELECT [a].[UserId], [a].[AdvertisementId], [a].[CreatedAt], [a].[Content], [a].[IsActive], [a].[IsDeleted], [a].[Subject], [u].[UserId], [i].[ImageId], [i].[AdvertisementId], [i].[Image], [t0].[UserId], [t0].[Address], [t0].[DOB], [t0].[DOJ], [t0].[FirstName], [t0].[Gender], [t0].[Image], [t0].[LastName], [t0].[Id], [t0].[AccessFailedCount], [t0].[ConcurrencyStamp], [t0].[Email], [t0].[EmailConfirmed], [t0].[LockoutEnabled], [t0].[LockoutEnd], [t0].[NormalizedEmail], [t0].[NormalizedUserName], [t0].[PasswordHash], [t0].[PhoneNumber], [t0].[PhoneNumberConfirmed], [t0].[SecurityStamp], [t0].[TwoFactorEnabled], [t0].[UserName]
FROM [Advertisements] AS [a]
INNER JOIN [Users] AS [u] ON [a].[UserId] = [u].[UserId]
LEFT JOIN [Images] AS [i] ON [a].[AdvertisementId] = [i].[AdvertisementId]
LEFT JOIN (
    SELECT [t].[UserId], [t].[Address], [t].[DOB], [t].[DOJ], [t].[FirstName], [t].[Gender], [t].[Image], [t].[LastName], [t].[Id], [t].[AccessFailedCount], [t].[ConcurrencyStamp], [t].[Email], [t].[EmailConfirmed], [t].[LockoutEnabled], [t].[LockoutEnd], [t].[NormalizedEmail], [t].[NormalizedUserName], [t].[PasswordHash], [t].[PhoneNumber], [t].[PhoneNumberConfirmed], [t].[SecurityStamp], [t].[TwoFactorEnabled], [t].[UserName]
    FROM (
        SELECT [u0].[UserId], [u0].[Address], [u0].[DOB], [u0].[DOJ], [u0].[FirstName], [u0].[Gender], [u0].[Image], [u0].[LastName], [a0].[Id], [a0].[AccessFailedCount], [a0].[ConcurrencyStamp], [a0].[Email], [a0].[EmailConfirmed], [a0].[LockoutEnabled], [a0].[LockoutEnd], [a0].[NormalizedEmail], [a0].[NormalizedUserName], [a0].[PasswordHash], [a0].[PhoneNumber], [a0].[PhoneNumberConfirmed], [a0].[SecurityStamp], [a0].[TwoFactorEnabled], [a0].[UserName], ROW_NUMBER() OVER(PARTITION BY [u0].[UserId] ORDER BY [u0].[UserId], [a0].[Id]) AS [row]
        FROM [Users] AS [u0]
        INNER JOIN [AspNetUsers] AS [a0] ON [u0].[UserId] = [a0].[Id]
    ) AS [t]
    WHERE [t].[row] <= 1
) AS [t0] ON [a].[UserId] = [t0].[UserId]
WHERE ([a].[UserId] = @__userId_0) AND ([a].[IsDeleted] = CAST(0 AS bit))
ORDER BY [a].[AdvertisementId], [u].[UserId]
[2023-03-27 09:25:01.556 +05:30  INF]  Executing OkObjectResult, writing value of type 'Backend.Core.Common.ErrorHandlers.Results`1[[System.Collections.Generic.List`1[[Backend.Core.Data.Entities.AdvertisementModel, Backend, Version=1.0.0.0, Culture=neutral, PublicKeyToken=null]], System.Private.CoreLib, Version=6.0.0.0, Culture=neutral, PublicKeyToken=7cec85d7bea7798e]]'.
[2023-03-27 09:25:01.557 +05:30  INF]  Executed action Backend.Controllers.EmployeeController.GetAdvertisementsByUserId (Backend) in 196.8292ms
[2023-03-27 09:25:01.557 +05:30  INF]  Executed endpoint 'Backend.Controllers.EmployeeController.GetAdvertisementsByUserId (Backend)'
[2023-03-27 09:25:01.557 +05:30  INF]  Request finished HTTP/1.1 GET http://localhost:5238/api/Employee/UsersAdvertisement/?userId=Test1.jpg - - - 200 - application/json;+charset=utf-8 199.5960ms
[2023-03-27 09:25:11.918 +05:30  INF]  Request starting HTTP/1.1 POST http://localhost:5238/api/token application/json 40
[2023-03-27 09:25:11.918 +05:30  INF]  Executing endpoint 'Backend.Controllers.TokenController.Post (Backend)'
[2023-03-27 09:25:11.918 +05:30  INF]  Route matched with {action = "Post", controller = "Token"}. Executing controller action with signature System.Threading.Tasks.Task`1[Microsoft.AspNetCore.Mvc.IActionResult] Post(Backend.Core.ViewModels.LoginViewModel) on controller Backend.Controllers.TokenController (Backend).
[2023-03-27 09:25:11.920 +05:30  INF]  Executing OkObjectResult, writing value of type 'System.String'.
[2023-03-27 09:25:11.920 +05:30  INF]  Executed action Backend.Controllers.TokenController.Post (Backend) in 1.4918ms
[2023-03-27 09:25:11.921 +05:30  INF]  Executed endpoint 'Backend.Controllers.TokenController.Post (Backend)'
[2023-03-27 09:25:11.921 +05:30  INF]  Request finished HTTP/1.1 POST http://localhost:5238/api/token application/json 40 - 200 - application/json;+charset=utf-8 3.1673ms
[2023-03-27 09:25:11.952 +05:30  INF]  Request starting HTTP/1.1 GET http://localhost:5238/api/Employee/AdvertisementList/ - -
[2023-03-27 09:25:11.953 +05:30  INF]  Executing endpoint 'Backend.Controllers.EmployeeController.GetAllAdvertisements (Backend)'
[2023-03-27 09:25:11.953 +05:30  INF]  Route matched with {action = "GetAllAdvertisements", controller = "Employee"}. Executing controller action with signature System.Threading.Tasks.Task`1[Microsoft.AspNetCore.Mvc.IActionResult] GetAllAdvertisements(System.String) on controller Backend.Controllers.EmployeeController (Backend).
[2023-03-27 09:25:11.957 +05:30  INF]  Entity Framework Core 6.0.12 initialized 'ApplicationDbContext' using provider 'Microsoft.EntityFrameworkCore.SqlServer:6.0.12' with options: None
[2023-03-27 09:25:11.988 +05:30  INF]  Executed DbCommand (29ms) [Parameters=[], CommandType='"Text"', CommandTimeout='30']
SELECT [a].[UserId], [a].[AdvertisementId], [a].[CreatedAt], [a].[Content], [a].[IsActive], [a].[IsDeleted], [a].[Subject], [u].[UserId], [i].[ImageId], [i].[AdvertisementId], [i].[Image], [t0].[UserId], [t0].[Address], [t0].[DOB], [t0].[DOJ], [t0].[FirstName], [t0].[Gender], [t0].[Image], [t0].[LastName], [t0].[Id], [t0].[AccessFailedCount], [t0].[ConcurrencyStamp], [t0].[Email], [t0].[EmailConfirmed], [t0].[LockoutEnabled], [t0].[LockoutEnd], [t0].[NormalizedEmail], [t0].[NormalizedUserName], [t0].[PasswordHash], [t0].[PhoneNumber], [t0].[PhoneNumberConfirmed], [t0].[SecurityStamp], [t0].[TwoFactorEnabled], [t0].[UserName]
FROM [Advertisements] AS [a]
INNER JOIN [Users] AS [u] ON [a].[UserId] = [u].[UserId]
LEFT JOIN [Images] AS [i] ON [a].[AdvertisementId] = [i].[AdvertisementId]
LEFT JOIN (
    SELECT [t].[UserId], [t].[Address], [t].[DOB], [t].[DOJ], [t].[FirstName], [t].[Gender], [t].[Image], [t].[LastName], [t].[Id], [t].[AccessFailedCount], [t].[ConcurrencyStamp], [t].[Email], [t].[EmailConfirmed], [t].[LockoutEnabled], [t].[LockoutEnd], [t].[NormalizedEmail], [t].[NormalizedUserName], [t].[PasswordHash], [t].[PhoneNumber], [t].[PhoneNumberConfirmed], [t].[SecurityStamp], [t].[TwoFactorEnabled], [t].[UserName]
    FROM (
        SELECT [u0].[UserId], [u0].[Address], [u0].[DOB], [u0].[DOJ], [u0].[FirstName], [u0].[Gender], [u0].[Image], [u0].[LastName], [a0].[Id], [a0].[AccessFailedCount], [a0].[ConcurrencyStamp], [a0].[Email], [a0].[EmailConfirmed], [a0].[LockoutEnabled], [a0].[LockoutEnd], [a0].[NormalizedEmail], [a0].[NormalizedUserName], [a0].[PasswordHash], [a0].[PhoneNumber], [a0].[PhoneNumberConfirmed], [a0].[SecurityStamp], [a0].[TwoFactorEnabled], [a0].[UserName], ROW_NUMBER() OVER(PARTITION BY [u0].[UserId] ORDER BY [u0].[UserId], [a0].[Id]) AS [row]
        FROM [Users] AS [u0]
        INNER JOIN [AspNetUsers] AS [a0] ON [u0].[UserId] = [a0].[Id]
    ) AS [t]
    WHERE [t].[row] <= 1
) AS [t0] ON [a].[UserId] = [t0].[UserId]
WHERE [a].[IsDeleted] = CAST(0 AS bit)
ORDER BY [a].[AdvertisementId], [u].[UserId]
[2023-03-27 09:25:11.989 +05:30  INF]  Executing OkObjectResult, writing value of type 'Backend.Core.Common.ErrorHandlers.Results`1[[System.Collections.Generic.List`1[[Backend.Core.Data.Entities.AdvertisementModel, Backend, Version=1.0.0.0, Culture=neutral, PublicKeyToken=null]], System.Private.CoreLib, Version=6.0.0.0, Culture=neutral, PublicKeyToken=7cec85d7bea7798e]]'.
[2023-03-27 09:25:11.989 +05:30  INF]  Executed action Backend.Controllers.EmployeeController.GetAllAdvertisements (Backend) in 35.4111ms
[2023-03-27 09:25:11.989 +05:30  INF]  Executed endpoint 'Backend.Controllers.EmployeeController.GetAllAdvertisements (Backend)'
[2023-03-27 09:25:11.989 +05:30  INF]  Request finished HTTP/1.1 GET http://localhost:5238/api/Employee/AdvertisementList/ - - - 200 - application/json;+charset=utf-8 37.5231ms
